<?xml version="1.0" encoding="UTF-8"?>
<coverage generated="1775442882831" clover="3.2.0">
  <project timestamp="1775442882831" name="All files">
    <metrics statements="1460" coveredstatements="1390" conditionals="499" coveredconditionals="440" methods="409" coveredmethods="393" elements="2368" coveredelements="2223" complexity="0" loc="1460" ncloc="1460" packages="25" files="33" classes="33"/>
    <package name="app">
      <metrics statements="33" coveredstatements="33" conditionals="0" coveredconditionals="0" methods="54" coveredmethods="54"/>
      <file name="app.component.ts" path="C:\Users\athit\Demo Projects\1-stayease-booking-app\src\app\app.component.ts">
        <metrics statements="6" coveredstatements="6" conditionals="0" coveredconditionals="0" methods="0" coveredmethods="0"/>
        <line num="1" count="1" type="stmt"/>
        <line num="2" count="1" type="stmt"/>
        <line num="3" count="1" type="stmt"/>
        <line num="4" count="1" type="stmt"/>
        <line num="5" count="1" type="stmt"/>
        <line num="25" count="1" type="stmt"/>
      </file>
      <file name="app.config.ts" path="C:\Users\athit\Demo Projects\1-stayease-booking-app\src\app\app.config.ts">
        <metrics statements="7" coveredstatements="7" conditionals="0" coveredconditionals="0" methods="0" coveredmethods="0"/>
        <line num="1" count="1" type="stmt"/>
        <line num="2" count="1" type="stmt"/>
        <line num="3" count="1" type="stmt"/>
        <line num="4" count="1" type="stmt"/>
        <line num="5" count="1" type="stmt"/>
        <line num="6" count="1" type="stmt"/>
        <line num="8" count="1" type="stmt"/>
      </file>
      <file name="app.routes.ts" path="C:\Users\athit\Demo Projects\1-stayease-booking-app\src\app\app.routes.ts">
        <metrics statements="20" coveredstatements="20" conditionals="0" coveredconditionals="0" methods="54" coveredmethods="54"/>
        <line num="2" count="2" type="stmt"/>
        <line num="4" count="2" type="stmt"/>
        <line num="8" count="1" type="stmt"/>
        <line num="14" count="1" type="stmt"/>
        <line num="20" count="1" type="stmt"/>
        <line num="26" count="1" type="stmt"/>
        <line num="33" count="1" type="stmt"/>
        <line num="39" count="1" type="stmt"/>
        <line num="70" count="1" type="stmt"/>
        <line num="101" count="1" type="stmt"/>
        <line num="132" count="1" type="stmt"/>
        <line num="163" count="1" type="stmt"/>
        <line num="169" count="1" type="stmt"/>
        <line num="176" count="1" type="stmt"/>
        <line num="183" count="1" type="stmt"/>
        <line num="190" count="1" type="stmt"/>
        <line num="196" count="1" type="stmt"/>
        <line num="203" count="1" type="stmt"/>
        <line num="210" count="1" type="stmt"/>
        <line num="217" count="1" type="stmt"/>
      </file>
    </package>
    <package name="app.core.guards">
      <metrics statements="17" coveredstatements="17" conditionals="3" coveredconditionals="3" methods="2" coveredmethods="2"/>
      <file name="auth.guard.ts" path="C:\Users\athit\Demo Projects\1-stayease-booking-app\src\app\core\guards\auth.guard.ts">
        <metrics statements="17" coveredstatements="17" conditionals="3" coveredconditionals="3" methods="2" coveredmethods="2"/>
        <line num="1" count="3" type="stmt"/>
        <line num="2" count="3" type="stmt"/>
        <line num="3" count="3" type="stmt"/>
        <line num="5" count="3" type="stmt"/>
        <line num="6" count="6" type="stmt"/>
        <line num="7" count="6" type="stmt"/>
        <line num="9" count="6" type="cond" truecount="1" falsecount="0"/>
        <line num="10" count="2" type="stmt"/>
        <line num="14" count="4" type="cond" truecount="1" falsecount="0"/>
        <line num="15" count="1" type="stmt"/>
        <line num="18" count="4" type="stmt"/>
        <line num="23" count="3" type="stmt"/>
        <line num="24" count="2" type="stmt"/>
        <line num="25" count="2" type="stmt"/>
        <line num="27" count="2" type="cond" truecount="1" falsecount="0"/>
        <line num="28" count="1" type="stmt"/>
        <line num="31" count="1" type="stmt"/>
      </file>
    </package>
    <package name="app.core.interceptors">
      <metrics statements="22" coveredstatements="22" conditionals="7" coveredconditionals="7" methods="7" coveredmethods="7"/>
      <file name="auth.interceptor.ts" path="C:\Users\athit\Demo Projects\1-stayease-booking-app\src\app\core\interceptors\auth.interceptor.ts">
        <metrics statements="22" coveredstatements="22" conditionals="7" coveredconditionals="7" methods="7" coveredmethods="7"/>
        <line num="1" count="2" type="stmt"/>
        <line num="7" count="2" type="stmt"/>
        <line num="8" count="2" type="stmt"/>
        <line num="9" count="2" type="stmt"/>
        <line num="10" count="2" type="stmt"/>
        <line num="11" count="2" type="stmt"/>
        <line num="13" count="2" type="stmt"/>
        <line num="17" count="6" type="stmt"/>
        <line num="18" count="6" type="stmt"/>
        <line num="20" count="6" type="cond" truecount="1" falsecount="0"/>
        <line num="21" count="1" type="stmt"/>
        <line num="24" count="5" type="stmt"/>
        <line num="25" count="5" type="cond" truecount="2" falsecount="0"/>
        <line num="27" count="5" type="stmt"/>
        <line num="29" count="3" type="cond" truecount="1" falsecount="0"/>
        <line num="34" count="2" type="stmt"/>
        <line num="35" count="1" type="stmt"/>
        <line num="37" count="1" type="stmt"/>
        <line num="38" count="1" type="stmt"/>
        <line num="39" count="1" type="stmt"/>
        <line num="43" count="1" type="stmt"/>
        <line num="52" count="5" type="stmt"/>
      </file>
    </package>
    <package name="app.core.services">
      <metrics statements="320" coveredstatements="282" conditionals="68" coveredconditionals="41" methods="102" coveredmethods="92"/>
      <file name="active-booking.service.ts" path="C:\Users\athit\Demo Projects\1-stayease-booking-app\src\app\core\services\active-booking.service.ts">
        <metrics statements="175" coveredstatements="139" conditionals="47" coveredconditionals="23" methods="37" coveredmethods="29"/>
        <line num="1" count="5" type="stmt"/>
        <line num="2" count="5" type="stmt"/>
        <line num="3" count="5" type="stmt"/>
        <line num="4" count="5" type="stmt"/>
        <line num="5" count="5" type="stmt"/>
        <line num="6" count="5" type="stmt"/>
        <line num="9" count="5" type="stmt"/>
        <line num="10" count="5" type="stmt"/>
        <line num="11" count="5" type="stmt"/>
        <line num="16" count="5" type="stmt"/>
        <line num="17" count="10" type="stmt"/>
        <line num="18" count="10" type="stmt"/>
        <line num="19" count="10" type="stmt"/>
        <line num="20" count="10" type="stmt"/>
        <line num="22" count="10" type="stmt"/>
        <line num="23" count="10" type="stmt"/>
        <line num="24" count="10" type="stmt"/>
        <line num="25" count="10" type="stmt"/>
        <line num="26" count="10" type="stmt"/>
        <line num="27" count="10" type="cond" truecount="0" falsecount="2"/>
        <line num="29" count="10" type="stmt"/>
        <line num="30" count="10" type="stmt"/>
        <line num="31" count="10" type="stmt"/>
        <line num="32" count="10" type="stmt"/>
        <line num="35" count="10" type="stmt"/>
        <line num="38" count="16" type="cond" truecount="1" falsecount="0"/>
        <line num="39" count="5" type="stmt"/>
        <line num="40" count="5" type="stmt"/>
        <line num="41" count="5" type="stmt"/>
        <line num="42" count="5" type="stmt"/>
        <line num="45" count="11" type="stmt"/>
        <line num="46" count="11" type="stmt"/>
        <line num="47" count="11" type="stmt"/>
        <line num="50" count="10" type="stmt"/>
        <line num="52" count="1" type="stmt"/>
        <line num="56" count="1" type="cond" truecount="1" falsecount="0"/>
        <line num="57" count="1" type="stmt"/>
        <line num="61" count="10" type="cond" truecount="1" falsecount="0"/>
        <line num="62" count="10" type="stmt"/>
        <line num="63" count="10" type="stmt"/>
        <line num="64" count="10" type="stmt"/>
        <line num="67" count="10" type="stmt"/>
        <line num="68" count="10" type="cond" truecount="1" falsecount="0"/>
        <line num="69" count="10" type="stmt"/>
        <line num="70" count="10" type="stmt"/>
        <line num="71" count="10" type="stmt"/>
        <line num="73" count="10" type="stmt"/>
        <line num="74" count="10" type="stmt"/>
        <line num="75" count="10" type="stmt"/>
        <line num="80" count="1" type="stmt"/>
        <line num="84" count="0" type="cond" truecount="0" falsecount="3"/>
        <line num="85" count="0" type="stmt"/>
        <line num="88" count="0" type="stmt"/>
        <line num="89" count="0" type="stmt"/>
        <line num="90" count="0" type="cond" truecount="0" falsecount="1"/>
        <line num="91" count="0" type="stmt"/>
        <line num="93" count="0" type="stmt"/>
        <line num="97" count="2" type="stmt"/>
        <line num="98" count="2" type="cond" truecount="0" falsecount="1"/>
        <line num="99" count="0" type="stmt"/>
        <line num="102" count="2" type="stmt"/>
        <line num="103" count="1" type="stmt"/>
        <line num="105" count="1" type="stmt"/>
        <line num="106" count="1" type="stmt"/>
        <line num="107" count="1" type="stmt"/>
        <line num="113" count="1" type="stmt"/>
        <line num="114" count="1" type="cond" truecount="0" falsecount="1"/>
        <line num="115" count="0" type="stmt"/>
        <line num="118" count="1" type="stmt"/>
        <line num="120" count="1" type="stmt"/>
        <line num="121" count="1" type="stmt"/>
        <line num="122" count="1" type="stmt"/>
        <line num="125" count="0" type="stmt"/>
        <line num="131" count="10" type="cond" truecount="1" falsecount="0"/>
        <line num="132" count="2" type="stmt"/>
        <line num="133" count="2" type="stmt"/>
        <line num="136" count="8" type="stmt"/>
        <line num="137" count="8" type="stmt"/>
        <line num="139" count="7" type="stmt"/>
        <line num="140" count="7" type="stmt"/>
        <line num="141" count="7" type="stmt"/>
        <line num="144" count="1" type="stmt"/>
        <line num="145" count="1" type="stmt"/>
        <line num="151" count="8" type="stmt"/>
        <line num="153" count="8" type="cond" truecount="1" falsecount="0"/>
        <line num="154" count="1" type="cond" truecount="1" falsecount="0"/>
        <line num="155" count="1" type="stmt"/>
        <line num="157" count="1" type="stmt"/>
        <line num="158" count="1" type="stmt"/>
        <line num="161" count="7" type="cond" truecount="0" falsecount="1"/>
        <line num="162" count="0" type="stmt"/>
        <line num="163" count="0" type="stmt"/>
        <line num="166" count="7" type="cond" truecount="0" falsecount="1"/>
        <line num="170" count="0" type="stmt"/>
        <line num="173" count="7" type="stmt"/>
        <line num="174" count="7" type="stmt"/>
        <line num="178" count="1" type="stmt"/>
        <line num="179" count="1" type="stmt"/>
        <line num="181" count="0" type="stmt"/>
        <line num="187" count="1" type="cond" truecount="2" falsecount="1"/>
        <line num="188" count="1" type="stmt"/>
        <line num="189" count="1" type="cond" truecount="1" falsecount="0"/>
        <line num="190" count="1" type="stmt"/>
        <line num="194" count="1" type="stmt"/>
        <line num="195" count="1" type="stmt"/>
        <line num="198" count="0" type="cond" truecount="0" falsecount="1"/>
        <line num="199" count="0" type="stmt"/>
        <line num="200" count="0" type="stmt"/>
        <line num="203" count="0" type="stmt"/>
        <line num="207" count="1" type="cond" truecount="0" falsecount="1"/>
        <line num="213" count="0" type="stmt"/>
        <line num="214" count="0" type="stmt"/>
        <line num="215" count="0" type="stmt"/>
        <line num="218" count="1" type="stmt"/>
        <line num="219" count="1" type="stmt"/>
        <line num="225" count="1" type="stmt"/>
        <line num="229" count="8" type="stmt"/>
        <line num="230" count="8" type="stmt"/>
        <line num="231" count="8" type="stmt"/>
        <line num="232" count="11" type="stmt"/>
        <line num="233" count="11" type="stmt"/>
        <line num="235" count="11" type="cond" truecount="1" falsecount="0"/>
        <line num="236" count="1" type="stmt"/>
        <line num="237" count="1" type="stmt"/>
        <line num="238" count="1" type="stmt"/>
        <line num="239" count="1" type="stmt"/>
        <line num="240" count="1" type="stmt"/>
        <line num="244" count="8" type="stmt"/>
        <line num="245" count="8" type="stmt"/>
        <line num="249" count="36" type="cond" truecount="1" falsecount="0"/>
        <line num="250" count="8" type="stmt"/>
        <line num="251" count="8" type="stmt"/>
        <line num="256" count="5" type="cond" truecount="0" falsecount="1"/>
        <line num="257" count="0" type="stmt"/>
        <line num="260" count="5" type="stmt"/>
        <line num="261" count="0" type="stmt"/>
        <line num="266" count="27" type="cond" truecount="1" falsecount="0"/>
        <line num="267" count="5" type="stmt"/>
        <line num="268" count="5" type="stmt"/>
        <line num="273" count="17" type="stmt"/>
        <line num="274" count="17" type="stmt"/>
        <line num="275" count="17" type="stmt"/>
        <line num="276" count="17" type="stmt"/>
        <line num="277" count="17" type="cond" truecount="1" falsecount="0"/>
        <line num="278" count="17" type="stmt"/>
        <line num="280" count="17" type="cond" truecount="1" falsecount="0"/>
        <line num="281" count="13" type="stmt"/>
        <line num="286" count="27" type="cond" truecount="1" falsecount="0"/>
        <line num="287" count="4" type="stmt"/>
        <line num="288" count="4" type="stmt"/>
        <line num="290" count="27" type="stmt"/>
        <line num="294" count="4" type="stmt"/>
        <line num="295" count="4" type="stmt"/>
        <line num="296" count="4" type="stmt"/>
        <line num="297" count="0" type="stmt"/>
        <line num="298" count="0" type="stmt"/>
        <line num="303" count="19" type="cond" truecount="0" falsecount="1"/>
        <line num="304" count="0" type="stmt"/>
        <line num="307" count="19" type="stmt"/>
        <line num="313" count="10" type="stmt"/>
        <line num="314" count="1" type="cond" truecount="1" falsecount="0"/>
        <line num="315" count="1" type="stmt"/>
        <line num="316" count="1" type="stmt"/>
        <line num="319" count="0" type="cond" truecount="0" falsecount="1"/>
        <line num="320" count="0" type="cond" truecount="0" falsecount="2"/>
        <line num="321" count="0" type="stmt"/>
        <line num="322" count="0" type="stmt"/>
        <line num="324" count="0" type="stmt"/>
        <line num="325" count="0" type="stmt"/>
        <line num="330" count="10" type="stmt"/>
        <line num="331" count="0" type="cond" truecount="0" falsecount="1"/>
        <line num="332" count="0" type="stmt"/>
        <line num="336" count="10" type="stmt"/>
        <line num="337" count="0" type="cond" truecount="0" falsecount="4"/>
        <line num="338" count="0" type="stmt"/>
      </file>
      <file name="auth.service.ts" path="C:\Users\athit\Demo Projects\1-stayease-booking-app\src\app\core\services\auth.service.ts">
        <metrics statements="50" coveredstatements="50" conditionals="4" coveredconditionals="4" methods="24" coveredmethods="24"/>
        <line num="1" count="21" type="stmt"/>
        <line num="2" count="21" type="stmt"/>
        <line num="3" count="21" type="stmt"/>
        <line num="4" count="21" type="stmt"/>
        <line num="5" count="21" type="stmt"/>
        <line num="19" count="21" type="stmt"/>
        <line num="20" count="21" type="stmt"/>
        <line num="21" count="21" type="stmt"/>
        <line num="24" count="21" type="stmt"/>
        <line num="25" count="21" type="stmt"/>
        <line num="26" count="21" type="stmt"/>
        <line num="27" count="21" type="stmt"/>
        <line num="29" count="21" type="stmt"/>
        <line num="33" count="21" type="stmt"/>
        <line num="36" count="4" type="stmt"/>
        <line num="40" count="6" type="stmt"/>
        <line num="44" count="3" type="cond" truecount="2" falsecount="0"/>
        <line num="48" count="2" type="stmt"/>
        <line num="52" count="2" type="stmt"/>
        <line num="56" count="1" type="stmt"/>
        <line num="57" count="1" type="stmt"/>
        <line num="62" count="4" type="stmt"/>
        <line num="63" count="4" type="stmt"/>
        <line num="68" count="1" type="stmt"/>
        <line num="69" count="1" type="stmt"/>
        <line num="74" count="1" type="stmt"/>
        <line num="75" count="1" type="stmt"/>
        <line num="77" count="1" type="stmt"/>
        <line num="81" count="1" type="stmt"/>
        <line num="83" count="1" type="stmt"/>
        <line num="84" count="1" type="stmt"/>
        <line num="90" count="1" type="stmt"/>
        <line num="92" count="1" type="stmt"/>
        <line num="93" count="1" type="stmt"/>
        <line num="99" count="1" type="stmt"/>
        <line num="103" count="1" type="stmt"/>
        <line num="107" count="1" type="stmt"/>
        <line num="111" count="1" type="stmt"/>
        <line num="112" count="1" type="stmt"/>
        <line num="113" count="1" type="stmt"/>
        <line num="114" count="1" type="stmt"/>
        <line num="115" count="1" type="stmt"/>
        <line num="119" count="7" type="stmt"/>
        <line num="120" count="7" type="stmt"/>
        <line num="121" count="7" type="stmt"/>
        <line num="122" count="7" type="stmt"/>
        <line num="126" count="21" type="stmt"/>
        <line num="127" count="21" type="stmt"/>
        <line num="128" count="21" type="cond" truecount="2" falsecount="0"/>
        <line num="130" count="1" type="stmt"/>
      </file>
      <file name="booking.service.ts" path="C:\Users\athit\Demo Projects\1-stayease-booking-app\src\app\core\services\booking.service.ts">
        <metrics statements="48" coveredstatements="46" conditionals="7" coveredconditionals="4" methods="22" coveredmethods="20"/>
        <line num="1" count="10" type="stmt"/>
        <line num="2" count="10" type="stmt"/>
        <line num="3" count="10" type="stmt"/>
        <line num="4" count="10" type="stmt"/>
        <line num="5" count="10" type="stmt"/>
        <line num="25" count="10" type="stmt"/>
        <line num="26" count="35" type="stmt"/>
        <line num="27" count="35" type="stmt"/>
        <line num="30" count="35" type="stmt"/>
        <line num="31" count="35" type="stmt"/>
        <line num="34" count="2" type="stmt"/>
        <line num="36" count="2" type="stmt"/>
        <line num="40" count="5" type="stmt"/>
        <line num="41" count="5" type="cond" truecount="1" falsecount="0"/>
        <line num="42" count="3" type="stmt"/>
        <line num="43" count="3" type="stmt"/>
        <line num="44" count="3" type="stmt"/>
        <line num="46" count="2" type="stmt"/>
        <line num="50" count="2" type="stmt"/>
        <line num="54" count="1" type="stmt"/>
        <line num="58" count="1" type="stmt"/>
        <line num="62" count="2" type="stmt"/>
        <line num="63" count="2" type="cond" truecount="1" falsecount="0"/>
        <line num="64" count="2" type="stmt"/>
        <line num="66" count="2" type="stmt"/>
        <line num="73" count="2" type="stmt"/>
        <line num="74" count="2" type="cond" truecount="0" falsecount="1"/>
        <line num="75" count="0" type="stmt"/>
        <line num="77" count="2" type="stmt"/>
        <line num="84" count="2" type="stmt"/>
        <line num="90" count="2" type="stmt"/>
        <line num="98" count="2" type="stmt"/>
        <line num="105" count="2" type="stmt"/>
        <line num="108" count="2" type="cond" truecount="2" falsecount="0"/>
        <line num="109" count="0" type="cond" truecount="0" falsecount="2"/>
        <line num="114" count="1" type="stmt"/>
        <line num="126" count="5" type="stmt"/>
        <line num="129" count="5" type="stmt"/>
        <line num="145" count="5" type="stmt"/>
        <line num="150" count="5" type="stmt"/>
        <line num="152" count="3" type="stmt"/>
        <line num="160" count="2" type="stmt"/>
        <line num="172" count="3" type="stmt"/>
        <line num="173" count="3" type="stmt"/>
        <line num="174" count="3" type="stmt"/>
        <line num="175" count="3" type="stmt"/>
        <line num="176" count="3" type="stmt"/>
        <line num="180" count="6" type="stmt"/>
      </file>
      <file name="review.service.ts" path="C:\Users\athit\Demo Projects\1-stayease-booking-app\src\app\core\services\review.service.ts">
        <metrics statements="11" coveredstatements="11" conditionals="2" coveredconditionals="2" methods="5" coveredmethods="5"/>
        <line num="1" count="4" type="stmt"/>
        <line num="2" count="4" type="stmt"/>
        <line num="4" count="4" type="stmt"/>
        <line num="13" count="4" type="stmt"/>
        <line num="14" count="7" type="stmt"/>
        <line num="15" count="7" type="stmt"/>
        <line num="22" count="3" type="stmt"/>
        <line num="25" count="3" type="stmt"/>
        <line num="29" count="1" type="stmt"/>
        <line num="33" count="1" type="stmt"/>
        <line num="37" count="1" type="stmt"/>
      </file>
      <file name="room.service.ts" path="C:\Users\athit\Demo Projects\1-stayease-booking-app\src\app\core\services\room.service.ts">
        <metrics statements="14" coveredstatements="14" conditionals="6" coveredconditionals="6" methods="5" coveredmethods="5"/>
        <line num="1" count="5" type="stmt"/>
        <line num="2" count="5" type="stmt"/>
        <line num="4" count="5" type="stmt"/>
        <line num="8" count="5" type="stmt"/>
        <line num="9" count="3" type="stmt"/>
        <line num="10" count="3" type="stmt"/>
        <line num="13" count="1" type="stmt"/>
        <line num="14" count="1" type="cond" truecount="1" falsecount="0"/>
        <line num="15" count="1" type="stmt"/>
        <line num="16" count="8" type="cond" truecount="4" falsecount="0"/>
        <line num="17" count="6" type="stmt"/>
        <line num="21" count="1" type="stmt"/>
        <line num="25" count="2" type="stmt"/>
        <line num="31" count="1" type="stmt"/>
      </file>
      <file name="wishlist.service.ts" path="C:\Users\athit\Demo Projects\1-stayease-booking-app\src\app\core\services\wishlist.service.ts">
        <metrics statements="22" coveredstatements="22" conditionals="2" coveredconditionals="2" methods="9" coveredmethods="9"/>
        <line num="1" count="11" type="stmt"/>
        <line num="2" count="11" type="stmt"/>
        <line num="3" count="11" type="stmt"/>
        <line num="4" count="11" type="stmt"/>
        <line num="12" count="11" type="stmt"/>
        <line num="13" count="9" type="stmt"/>
        <line num="14" count="9" type="stmt"/>
        <line num="17" count="9" type="stmt"/>
        <line num="20" count="3" type="stmt"/>
        <line num="21" count="3" type="stmt"/>
        <line num="26" count="1" type="stmt"/>
        <line num="30" count="2" type="stmt"/>
        <line num="34" count="2" type="stmt"/>
        <line num="35" count="2" type="cond" truecount="2" falsecount="0"/>
        <line num="36" count="1" type="stmt"/>
        <line num="38" count="1" type="stmt"/>
        <line num="40" count="2" type="stmt"/>
        <line num="46" count="1" type="stmt"/>
        <line num="48" count="1" type="stmt"/>
        <line num="49" count="1" type="stmt"/>
        <line num="50" count="1" type="stmt"/>
        <line num="56" count="8" type="stmt"/>
      </file>
    </package>
    <package name="app.features.auth.forgot-password">
      <metrics statements="22" coveredstatements="22" conditionals="7" coveredconditionals="7" methods="5" coveredmethods="5"/>
      <file name="forgot-password.component.ts" path="C:\Users\athit\Demo Projects\1-stayease-booking-app\src\app\features\auth\forgot-password\forgot-password.component.ts">
        <metrics statements="22" coveredstatements="22" conditionals="7" coveredconditionals="7" methods="5" coveredmethods="5"/>
        <line num="1" count="2" type="stmt"/>
        <line num="2" count="2" type="stmt"/>
        <line num="3" count="2" type="stmt"/>
        <line num="4" count="2" type="stmt"/>
        <line num="5" count="2" type="stmt"/>
        <line num="166" count="2" type="stmt"/>
        <line num="167" count="4" type="stmt"/>
        <line num="168" count="4" type="stmt"/>
        <line num="170" count="4" type="stmt"/>
        <line num="171" count="4" type="stmt"/>
        <line num="172" count="4" type="stmt"/>
        <line num="174" count="4" type="stmt"/>
        <line num="179" count="2" type="stmt"/>
        <line num="180" count="2" type="cond" truecount="2" falsecount="0"/>
        <line num="184" count="5" type="stmt"/>
        <line num="185" count="5" type="cond" truecount="3" falsecount="0"/>
        <line num="187" count="3" type="stmt"/>
        <line num="188" count="3" type="stmt"/>
        <line num="190" count="3" type="stmt"/>
        <line num="193" count="1" type="stmt"/>
        <line num="195" count="2" type="cond" truecount="2" falsecount="0"/>
        <line num="196" count="2" type="stmt"/>
      </file>
    </package>
    <package name="app.features.auth.login">
      <metrics statements="26" coveredstatements="26" conditionals="9" coveredconditionals="9" methods="7" coveredmethods="7"/>
      <file name="login.component.ts" path="C:\Users\athit\Demo Projects\1-stayease-booking-app\src\app\features\auth\login\login.component.ts">
        <metrics statements="26" coveredstatements="26" conditionals="9" coveredconditionals="9" methods="7" coveredmethods="7"/>
        <line num="1" count="2" type="stmt"/>
        <line num="2" count="2" type="stmt"/>
        <line num="3" count="2" type="stmt"/>
        <line num="4" count="2" type="stmt"/>
        <line num="5" count="2" type="stmt"/>
        <line num="202" count="2" type="stmt"/>
        <line num="203" count="5" type="stmt"/>
        <line num="204" count="5" type="stmt"/>
        <line num="205" count="5" type="stmt"/>
        <line num="206" count="5" type="stmt"/>
        <line num="208" count="5" type="stmt"/>
        <line num="209" count="5" type="stmt"/>
        <line num="210" count="5" type="stmt"/>
        <line num="212" count="5" type="stmt"/>
        <line num="217" count="1" type="stmt"/>
        <line num="220" count="3" type="stmt"/>
        <line num="221" count="3" type="cond" truecount="2" falsecount="0"/>
        <line num="225" count="6" type="stmt"/>
        <line num="226" count="6" type="cond" truecount="3" falsecount="0"/>
        <line num="228" count="4" type="stmt"/>
        <line num="229" count="4" type="stmt"/>
        <line num="231" count="4" type="stmt"/>
        <line num="233" count="2" type="cond" truecount="2" falsecount="0"/>
        <line num="234" count="2" type="stmt"/>
        <line num="237" count="2" type="cond" truecount="2" falsecount="0"/>
        <line num="238" count="2" type="stmt"/>
      </file>
    </package>
    <package name="app.features.auth.reset-password">
      <metrics statements="37" coveredstatements="37" conditionals="23" coveredconditionals="23" methods="11" coveredmethods="11"/>
      <file name="reset-password.component.ts" path="C:\Users\athit\Demo Projects\1-stayease-booking-app\src\app\features\auth\reset-password\reset-password.component.ts">
        <metrics statements="37" coveredstatements="37" conditionals="23" coveredconditionals="23" methods="11" coveredmethods="11"/>
        <line num="1" count="2" type="stmt"/>
        <line num="2" count="2" type="stmt"/>
        <line num="9" count="2" type="stmt"/>
        <line num="10" count="2" type="stmt"/>
        <line num="11" count="2" type="stmt"/>
        <line num="15" count="12" type="cond" truecount="2" falsecount="0"/>
        <line num="17" count="12" type="cond" truecount="4" falsecount="0"/>
        <line num="21" count="12" type="cond" truecount="2" falsecount="0"/>
        <line num="25" count="12" type="stmt"/>
        <line num="26" count="12" type="stmt"/>
        <line num="27" count="12" type="cond" truecount="2" falsecount="0"/>
        <line num="214" count="2" type="stmt"/>
        <line num="215" count="6" type="stmt"/>
        <line num="216" count="6" type="stmt"/>
        <line num="217" count="6" type="stmt"/>
        <line num="218" count="6" type="stmt"/>
        <line num="220" count="6" type="stmt"/>
        <line num="221" count="6" type="stmt"/>
        <line num="222" count="6" type="stmt"/>
        <line num="223" count="6" type="stmt"/>
        <line num="224" count="6" type="stmt"/>
        <line num="226" count="6" type="stmt"/>
        <line num="235" count="6" type="cond" truecount="2" falsecount="0"/>
        <line num="236" count="6" type="stmt"/>
        <line num="239" count="1" type="stmt"/>
        <line num="242" count="2" type="stmt"/>
        <line num="243" count="2" type="cond" truecount="2" falsecount="0"/>
        <line num="247" count="1" type="stmt"/>
        <line num="248" count="1" type="stmt"/>
        <line num="255" count="6" type="stmt"/>
        <line num="256" count="6" type="cond" truecount="4" falsecount="0"/>
        <line num="258" count="3" type="stmt"/>
        <line num="259" count="3" type="stmt"/>
        <line num="261" count="3" type="stmt"/>
        <line num="267" count="1" type="stmt"/>
        <line num="269" count="2" type="cond" truecount="2" falsecount="0"/>
        <line num="270" count="2" type="stmt"/>
      </file>
    </package>
    <package name="app.features.auth.signup">
      <metrics statements="36" coveredstatements="36" conditionals="19" coveredconditionals="19" methods="10" coveredmethods="10"/>
      <file name="signup.component.ts" path="C:\Users\athit\Demo Projects\1-stayease-booking-app\src\app\features\auth\signup\signup.component.ts">
        <metrics statements="36" coveredstatements="36" conditionals="19" coveredconditionals="19" methods="10" coveredmethods="10"/>
        <line num="1" count="2" type="stmt"/>
        <line num="2" count="2" type="stmt"/>
        <line num="3" count="2" type="stmt"/>
        <line num="4" count="2" type="stmt"/>
        <line num="5" count="2" type="stmt"/>
        <line num="9" count="10" type="cond" truecount="2" falsecount="0"/>
        <line num="10" count="10" type="stmt"/>
        <line num="11" count="10" type="stmt"/>
        <line num="12" count="10" type="stmt"/>
        <line num="13" count="10" type="cond" truecount="5" falsecount="0"/>
        <line num="14" count="6" type="stmt"/>
        <line num="18" count="10" type="stmt"/>
        <line num="19" count="10" type="stmt"/>
        <line num="20" count="10" type="cond" truecount="2" falsecount="0"/>
        <line num="231" count="2" type="stmt"/>
        <line num="232" count="5" type="stmt"/>
        <line num="233" count="5" type="stmt"/>
        <line num="234" count="5" type="stmt"/>
        <line num="236" count="5" type="stmt"/>
        <line num="237" count="5" type="stmt"/>
        <line num="238" count="5" type="stmt"/>
        <line num="240" count="5" type="stmt"/>
        <line num="250" count="1" type="stmt"/>
        <line num="253" count="4" type="stmt"/>
        <line num="254" count="4" type="cond" truecount="2" falsecount="0"/>
        <line num="258" count="2" type="stmt"/>
        <line num="259" count="2" type="stmt"/>
        <line num="266" count="5" type="stmt"/>
        <line num="267" count="5" type="cond" truecount="3" falsecount="0"/>
        <line num="269" count="3" type="stmt"/>
        <line num="270" count="3" type="stmt"/>
        <line num="272" count="3" type="stmt"/>
        <line num="274" count="3" type="stmt"/>
        <line num="275" count="1" type="stmt"/>
        <line num="277" count="2" type="cond" truecount="2" falsecount="0"/>
        <line num="278" count="2" type="stmt"/>
      </file>
    </package>
    <package name="app.features.booking-confirmation">
      <metrics statements="36" coveredstatements="36" conditionals="5" coveredconditionals="3" methods="9" coveredmethods="9"/>
      <file name="booking-confirmation.component.ts" path="C:\Users\athit\Demo Projects\1-stayease-booking-app\src\app\features\booking-confirmation\booking-confirmation.component.ts">
        <metrics statements="36" coveredstatements="36" conditionals="5" coveredconditionals="3" methods="9" coveredmethods="9"/>
        <line num="1" count="2" type="stmt"/>
        <line num="2" count="2" type="stmt"/>
        <line num="3" count="2" type="stmt"/>
        <line num="5" count="2" type="stmt"/>
        <line num="6" count="2" type="stmt"/>
        <line num="258" count="2" type="stmt"/>
        <line num="259" count="4" type="stmt"/>
        <line num="260" count="4" type="stmt"/>
        <line num="261" count="4" type="stmt"/>
        <line num="262" count="4" type="stmt"/>
        <line num="263" count="4" type="stmt"/>
        <line num="264" count="4" type="stmt"/>
        <line num="265" count="4" type="stmt"/>
        <line num="268" count="4" type="cond" truecount="2" falsecount="0"/>
        <line num="269" count="4" type="cond" truecount="1" falsecount="0"/>
        <line num="270" count="1" type="stmt"/>
        <line num="271" count="1" type="stmt"/>
        <line num="272" count="1" type="stmt"/>
        <line num="275" count="3" type="stmt"/>
        <line num="277" count="2" type="stmt"/>
        <line num="278" count="2" type="stmt"/>
        <line num="279" count="2" type="stmt"/>
        <line num="282" count="1" type="stmt"/>
        <line num="283" count="1" type="stmt"/>
        <line num="289" count="1" type="cond" truecount="0" falsecount="1"/>
        <line num="290" count="1" type="stmt"/>
        <line num="291" count="1" type="stmt"/>
        <line num="296" count="1" type="cond" truecount="0" falsecount="1"/>
        <line num="297" count="1" type="stmt"/>
        <line num="298" count="1" type="stmt"/>
        <line num="303" count="2" type="stmt"/>
        <line num="304" count="2" type="stmt"/>
        <line num="305" count="2" type="stmt"/>
        <line num="306" count="2" type="stmt"/>
        <line num="307" count="2" type="stmt"/>
        <line num="308" count="2" type="stmt"/>
      </file>
    </package>
    <package name="app.features.booking-history">
      <metrics statements="96" coveredstatements="90" conditionals="44" coveredconditionals="33" methods="36" coveredmethods="35"/>
      <file name="booking-history.component.ts" path="C:\Users\athit\Demo Projects\1-stayease-booking-app\src\app\features\booking-history\booking-history.component.ts">
        <metrics statements="96" coveredstatements="90" conditionals="44" coveredconditionals="33" methods="36" coveredmethods="35"/>
        <line num="1" count="2" type="stmt"/>
        <line num="2" count="2" type="stmt"/>
        <line num="3" count="2" type="stmt"/>
        <line num="4" count="2" type="stmt"/>
        <line num="6" count="2" type="stmt"/>
        <line num="7" count="2" type="stmt"/>
        <line num="479" count="2" type="stmt"/>
        <line num="480" count="13" type="stmt"/>
        <line num="481" count="13" type="stmt"/>
        <line num="483" count="13" type="stmt"/>
        <line num="484" count="13" type="stmt"/>
        <line num="485" count="13" type="stmt"/>
        <line num="486" count="13" type="stmt"/>
        <line num="487" count="13" type="stmt"/>
        <line num="488" count="13" type="stmt"/>
        <line num="489" count="13" type="stmt"/>
        <line num="491" count="13" type="stmt"/>
        <line num="499" count="1" type="cond" truecount="2" falsecount="0"/>
        <line num="503" count="1" type="stmt"/>
        <line num="507" count="2" type="stmt"/>
        <line num="511" count="6" type="stmt"/>
        <line num="512" count="6" type="stmt"/>
        <line num="513" count="6" type="cond" truecount="1" falsecount="0"/>
        <line num="514" count="5" type="stmt"/>
        <line num="515" count="5" type="stmt"/>
        <line num="516" count="5" type="stmt"/>
        <line num="519" count="6" type="stmt"/>
        <line num="521" count="5" type="stmt"/>
        <line num="522" count="5" type="stmt"/>
        <line num="525" count="1" type="stmt"/>
        <line num="526" count="1" type="stmt"/>
        <line num="532" count="3" type="stmt"/>
        <line num="536" count="11" type="cond" truecount="2" falsecount="0"/>
        <line num="537" count="11" type="stmt"/>
        <line num="538" count="11" type="cond" truecount="1" falsecount="0"/>
        <line num="539" count="3" type="cond" truecount="1" falsecount="0"/>
        <line num="540" count="1" type="stmt"/>
        <line num="542" count="4" type="cond" truecount="2" falsecount="0"/>
        <line num="546" count="2" type="cond" truecount="1" falsecount="0"/>
        <line num="547" count="1" type="stmt"/>
        <line num="549" count="4" type="cond" truecount="3" falsecount="0"/>
        <line num="553" count="1" type="stmt"/>
        <line num="554" count="4" type="stmt"/>
        <line num="559" count="18" type="cond" truecount="3" falsecount="0"/>
        <line num="560" count="12" type="cond" truecount="3" falsecount="0"/>
        <line num="561" count="8" type="cond" truecount="3" falsecount="0"/>
        <line num="562" count="4" type="cond" truecount="2" falsecount="0"/>
        <line num="566" count="5" type="stmt"/>
        <line num="574" count="2" type="cond" truecount="2" falsecount="1"/>
        <line num="575" count="0" type="stmt"/>
        <line num="577" count="2" type="cond" truecount="0" falsecount="1"/>
        <line num="578" count="0" type="stmt"/>
        <line num="580" count="2" type="stmt"/>
        <line num="584" count="0" type="cond" truecount="0" falsecount="3"/>
        <line num="585" count="0" type="stmt"/>
        <line num="587" count="0" type="stmt"/>
        <line num="591" count="2" type="stmt"/>
        <line num="592" count="2" type="stmt"/>
        <line num="593" count="2" type="stmt"/>
        <line num="594" count="2" type="stmt"/>
        <line num="596" count="1" type="stmt"/>
        <line num="597" count="1" type="stmt"/>
        <line num="600" count="1" type="stmt"/>
        <line num="606" count="2" type="stmt"/>
        <line num="607" count="2" type="stmt"/>
        <line num="608" count="2" type="stmt"/>
        <line num="609" count="2" type="stmt"/>
        <line num="617" count="1" type="stmt"/>
        <line num="620" count="1" type="stmt"/>
        <line num="628" count="3" type="cond" truecount="2" falsecount="0"/>
        <line num="632" count="3" type="stmt"/>
        <line num="636" count="1" type="cond" truecount="1" falsecount="1"/>
        <line num="638" count="2" type="stmt"/>
        <line num="642" count="1" type="cond" truecount="1" falsecount="1"/>
        <line num="646" count="1" type="cond" truecount="1" falsecount="0"/>
        <line num="647" count="1" type="cond" truecount="1" falsecount="4"/>
        <line num="653" count="0" type="stmt"/>
        <line num="657" count="1" type="stmt"/>
        <line num="667" count="2" type="stmt"/>
        <line num="668" count="2" type="stmt"/>
        <line num="669" count="2" type="stmt"/>
        <line num="671" count="1" type="stmt"/>
        <line num="672" count="1" type="stmt"/>
        <line num="675" count="1" type="stmt"/>
        <line num="681" count="2" type="stmt"/>
        <line num="682" count="2" type="stmt"/>
        <line num="683" count="2" type="stmt"/>
        <line num="685" count="1" type="stmt"/>
        <line num="686" count="1" type="stmt"/>
        <line num="689" count="1" type="stmt"/>
        <line num="695" count="2" type="stmt"/>
        <line num="696" count="2" type="stmt"/>
        <line num="697" count="2" type="stmt"/>
        <line num="698" count="2" type="stmt"/>
        <line num="699" count="2" type="stmt"/>
        <line num="700" count="2" type="stmt"/>
      </file>
    </package>
    <package name="app.features.checkout">
      <metrics statements="226" coveredstatements="207" conditionals="103" coveredconditionals="93" methods="33" coveredmethods="31"/>
      <file name="checkout.component.ts" path="C:\Users\athit\Demo Projects\1-stayease-booking-app\src\app\features\checkout\checkout.component.ts">
        <metrics statements="226" coveredstatements="207" conditionals="103" coveredconditionals="93" methods="33" coveredmethods="31"/>
        <line num="1" count="2" type="stmt"/>
        <line num="2" count="2" type="stmt"/>
        <line num="3" count="2" type="stmt"/>
        <line num="4" count="2" type="stmt"/>
        <line num="5" count="2" type="stmt"/>
        <line num="7" count="2" type="stmt"/>
        <line num="8" count="2" type="stmt"/>
        <line num="268" count="2" type="stmt"/>
        <line num="269" count="39" type="stmt"/>
        <line num="270" count="39" type="stmt"/>
        <line num="271" count="39" type="stmt"/>
        <line num="273" count="39" type="stmt"/>
        <line num="274" count="39" type="stmt"/>
        <line num="275" count="39" type="stmt"/>
        <line num="276" count="39" type="stmt"/>
        <line num="277" count="39" type="stmt"/>
        <line num="278" count="39" type="stmt"/>
        <line num="280" count="39" type="stmt"/>
        <line num="281" count="39" type="stmt"/>
        <line num="282" count="39" type="stmt"/>
        <line num="283" count="39" type="stmt"/>
        <line num="284" count="39" type="stmt"/>
        <line num="287" count="39" type="stmt"/>
        <line num="289" count="39" type="stmt"/>
        <line num="291" count="39" type="stmt"/>
        <line num="293" count="39" type="stmt"/>
        <line num="295" count="39" type="stmt"/>
        <line num="297" count="39" type="stmt"/>
        <line num="298" count="39" type="stmt"/>
        <line num="300" count="39" type="stmt"/>
        <line num="308" count="3" type="cond" truecount="2" falsecount="0"/>
        <line num="312" count="1" type="stmt"/>
        <line num="316" count="16" type="stmt"/>
        <line num="320" count="6" type="stmt"/>
        <line num="328" count="4" type="cond" truecount="1" falsecount="1"/>
        <line num="329" count="4" type="cond" truecount="1" falsecount="1"/>
        <line num="330" count="4" type="cond" truecount="1" falsecount="1"/>
        <line num="331" count="4" type="cond" truecount="2" falsecount="0"/>
        <line num="335" count="35" type="cond" truecount="3" falsecount="0"/>
        <line num="339" count="38" type="stmt"/>
        <line num="340" count="38" type="stmt"/>
        <line num="343" count="38" type="stmt"/>
        <line num="344" count="38" type="cond" truecount="2" falsecount="0"/>
        <line num="345" count="38" type="stmt"/>
        <line num="346" count="38" type="stmt"/>
        <line num="347" count="38" type="stmt"/>
        <line num="348" count="38" type="stmt"/>
        <line num="349" count="38" type="stmt"/>
        <line num="350" count="38" type="stmt"/>
        <line num="354" count="36" type="stmt"/>
        <line num="355" count="36" type="cond" truecount="1" falsecount="0"/>
        <line num="356" count="29" type="stmt"/>
        <line num="359" count="7" type="stmt"/>
        <line num="360" count="7" type="stmt"/>
        <line num="361" count="6" type="cond" truecount="2" falsecount="0"/>
        <line num="367" count="4" type="cond" truecount="4" falsecount="0"/>
        <line num="368" count="2" type="stmt"/>
        <line num="369" count="2" type="stmt"/>
        <line num="370" count="2" type="stmt"/>
        <line num="371" count="2" type="stmt"/>
        <line num="373" count="2" type="stmt"/>
        <line num="375" count="2" type="cond" truecount="1" falsecount="0"/>
        <line num="376" count="1" type="stmt"/>
        <line num="379" count="1" type="stmt"/>
        <line num="384" count="3" type="cond" truecount="1" falsecount="0"/>
        <line num="385" count="1" type="stmt"/>
        <line num="386" count="1" type="stmt"/>
        <line num="387" count="1" type="stmt"/>
        <line num="390" count="2" type="stmt"/>
        <line num="396" count="2" type="stmt"/>
        <line num="397" count="2" type="stmt"/>
        <line num="398" count="2" type="stmt"/>
        <line num="399" count="2" type="stmt"/>
        <line num="400" count="2" type="cond" truecount="1" falsecount="0"/>
        <line num="401" count="1" type="stmt"/>
        <line num="402" count="1" type="stmt"/>
        <line num="403" count="1" type="stmt"/>
        <line num="404" count="1" type="stmt"/>
        <line num="405" count="1" type="stmt"/>
        <line num="406" count="1" type="stmt"/>
        <line num="408" count="1" type="stmt"/>
        <line num="409" count="1" type="cond" truecount="1" falsecount="0"/>
        <line num="410" count="1" type="stmt"/>
        <line num="415" count="37" type="stmt"/>
        <line num="416" count="37" type="cond" truecount="2" falsecount="0"/>
        <line num="417" count="36" type="stmt"/>
        <line num="418" count="36" type="stmt"/>
        <line num="420" count="1" type="stmt"/>
        <line num="421" count="1" type="cond" truecount="3" falsecount="0"/>
        <line num="422" count="1" type="stmt"/>
        <line num="423" count="1" type="stmt"/>
        <line num="426" count="0" type="stmt"/>
        <line num="427" count="0" type="stmt"/>
        <line num="429" count="0" type="stmt"/>
        <line num="430" count="0" type="stmt"/>
        <line num="438" count="36" type="stmt"/>
        <line num="439" count="36" type="cond" truecount="4" falsecount="0"/>
        <line num="440" count="1" type="stmt"/>
        <line num="441" count="1" type="stmt"/>
        <line num="442" count="1" type="cond" truecount="1" falsecount="1"/>
        <line num="448" count="0" type="cond" truecount="0" falsecount="4"/>
        <line num="449" count="0" type="stmt"/>
        <line num="450" count="0" type="stmt"/>
        <line num="451" count="0" type="stmt"/>
        <line num="452" count="0" type="stmt"/>
        <line num="454" count="0" type="stmt"/>
        <line num="456" count="1" type="cond" truecount="0" falsecount="1"/>
        <line num="457" count="0" type="stmt"/>
        <line num="460" count="0" type="stmt"/>
        <line num="465" count="36" type="stmt"/>
        <line num="466" count="36" type="cond" truecount="1" falsecount="0"/>
        <line num="467" count="1" type="stmt"/>
        <line num="473" count="41" type="stmt"/>
        <line num="479" count="1" type="stmt"/>
        <line num="483" count="1" type="stmt"/>
        <line num="487" count="14" type="stmt"/>
        <line num="488" count="14" type="stmt"/>
        <line num="489" count="14" type="stmt"/>
        <line num="490" count="14" type="stmt"/>
        <line num="491" count="14" type="stmt"/>
        <line num="492" count="14" type="cond" truecount="1" falsecount="0"/>
        <line num="493" count="5" type="stmt"/>
        <line num="494" count="5" type="stmt"/>
        <line num="496" count="5" type="stmt"/>
        <line num="497" count="5" type="cond" truecount="3" falsecount="0"/>
        <line num="498" count="4" type="stmt"/>
        <line num="502" count="14" type="stmt"/>
        <line num="503" count="14" type="stmt"/>
        <line num="507" count="63" type="cond" truecount="1" falsecount="0"/>
        <line num="508" count="13" type="stmt"/>
        <line num="509" count="13" type="stmt"/>
        <line num="516" count="9" type="stmt"/>
        <line num="517" count="9" type="stmt"/>
        <line num="519" count="3" type="stmt"/>
        <line num="520" count="3" type="stmt"/>
        <line num="521" count="3" type="stmt"/>
        <line num="522" count="3" type="cond" truecount="1" falsecount="0"/>
        <line num="523" count="3" type="stmt"/>
        <line num="527" count="6" type="stmt"/>
        <line num="528" count="6" type="cond" truecount="2" falsecount="0"/>
        <line num="529" count="6" type="cond" truecount="4" falsecount="0"/>
        <line num="530" count="4" type="stmt"/>
        <line num="533" count="4" type="stmt"/>
        <line num="535" count="2" type="stmt"/>
        <line num="544" count="1" type="stmt"/>
        <line num="545" count="1" type="stmt"/>
        <line num="546" count="1" type="stmt"/>
        <line num="550" count="21" type="stmt"/>
        <line num="551" count="21" type="stmt"/>
        <line num="552" count="21" type="stmt"/>
        <line num="553" count="21" type="stmt"/>
        <line num="554" count="21" type="stmt"/>
        <line num="555" count="21" type="stmt"/>
        <line num="557" count="21" type="cond" truecount="1" falsecount="0"/>
        <line num="558" count="1" type="stmt"/>
        <line num="561" count="21" type="cond" truecount="2" falsecount="0"/>
        <line num="562" count="1" type="stmt"/>
        <line num="563" count="20" type="cond" truecount="1" falsecount="0"/>
        <line num="564" count="1" type="stmt"/>
        <line num="567" count="21" type="cond" truecount="3" falsecount="0"/>
        <line num="568" count="1" type="stmt"/>
        <line num="571" count="21" type="stmt"/>
        <line num="572" count="21" type="stmt"/>
        <line num="573" count="21" type="stmt"/>
        <line num="574" count="21" type="cond" truecount="3" falsecount="0"/>
        <line num="580" count="7" type="stmt"/>
        <line num="581" count="7" type="cond" truecount="3" falsecount="0"/>
        <line num="582" count="4" type="stmt"/>
        <line num="583" count="4" type="stmt"/>
        <line num="594" count="4" type="cond" truecount="3" falsecount="0"/>
        <line num="596" count="3" type="cond" truecount="1" falsecount="0"/>
        <line num="597" count="2" type="cond" truecount="1" falsecount="0"/>
        <line num="598" count="1" type="stmt"/>
        <line num="600" count="1" type="stmt"/>
        <line num="606" count="5" type="stmt"/>
        <line num="607" count="5" type="cond" truecount="3" falsecount="0"/>
        <line num="608" count="3" type="stmt"/>
        <line num="609" count="3" type="stmt"/>
        <line num="611" count="2" type="stmt"/>
        <line num="612" count="2" type="stmt"/>
        <line num="613" count="2" type="stmt"/>
        <line num="614" count="2" type="stmt"/>
        <line num="615" count="2" type="stmt"/>
        <line num="616" count="2" type="stmt"/>
        <line num="618" count="2" type="stmt"/>
        <line num="619" count="2" type="cond" truecount="2" falsecount="0"/>
        <line num="620" count="1" type="stmt"/>
        <line num="622" count="1" type="stmt"/>
        <line num="626" count="1" type="stmt"/>
        <line num="627" count="1" type="stmt"/>
        <line num="635" count="22" type="cond" truecount="1" falsecount="0"/>
        <line num="636" count="1" type="stmt"/>
        <line num="637" count="1" type="stmt"/>
        <line num="640" count="21" type="cond" truecount="1" falsecount="0"/>
        <line num="641" count="3" type="stmt"/>
        <line num="645" count="18" type="cond" truecount="1" falsecount="0"/>
        <line num="646" count="17" type="stmt"/>
        <line num="647" count="17" type="stmt"/>
        <line num="649" count="17" type="stmt"/>
        <line num="652" count="17" type="stmt"/>
        <line num="661" count="15" type="cond" truecount="2" falsecount="0"/>
        <line num="663" count="6" type="stmt"/>
        <line num="664" count="6" type="cond" truecount="0" falsecount="1"/>
        <line num="665" count="0" type="stmt"/>
        <line num="666" count="0" type="stmt"/>
        <line num="667" count="0" type="stmt"/>
        <line num="668" count="0" type="stmt"/>
        <line num="669" count="0" type="stmt"/>
        <line num="670" count="0" type="stmt"/>
        <line num="671" count="0" type="stmt"/>
        <line num="673" count="6" type="cond" truecount="1" falsecount="0"/>
        <line num="674" count="5" type="stmt"/>
        <line num="678" count="6" type="cond" truecount="2" falsecount="0"/>
        <line num="681" count="6" type="cond" truecount="2" falsecount="0"/>
        <line num="682" count="1" type="stmt"/>
        <line num="685" count="5" type="stmt"/>
        <line num="686" count="5" type="stmt"/>
        <line num="690" count="9" type="stmt"/>
        <line num="701" count="2" type="stmt"/>
        <line num="702" count="2" type="cond" truecount="1" falsecount="0"/>
        <line num="703" count="2" type="stmt"/>
        <line num="705" count="2" type="stmt"/>
        <line num="708" count="7" type="stmt"/>
        <line num="709" count="7" type="stmt"/>
        <line num="717" count="1" type="stmt"/>
        <line num="718" count="1" type="stmt"/>
      </file>
    </package>
    <package name="app.features.landing">
      <metrics statements="39" coveredstatements="39" conditionals="4" coveredconditionals="4" methods="6" coveredmethods="6"/>
      <file name="landing.component.ts" path="C:\Users\athit\Demo Projects\1-stayease-booking-app\src\app\features\landing\landing.component.ts">
        <metrics statements="39" coveredstatements="39" conditionals="4" coveredconditionals="4" methods="6" coveredmethods="6"/>
        <line num="1" count="2" type="stmt"/>
        <line num="2" count="2" type="stmt"/>
        <line num="3" count="2" type="stmt"/>
        <line num="4" count="2" type="stmt"/>
        <line num="5" count="2" type="stmt"/>
        <line num="6" count="2" type="stmt"/>
        <line num="249" count="2" type="stmt"/>
        <line num="250" count="4" type="stmt"/>
        <line num="251" count="4" type="stmt"/>
        <line num="253" count="4" type="stmt"/>
        <line num="254" count="4" type="stmt"/>
        <line num="255" count="4" type="stmt"/>
        <line num="257" count="4" type="stmt"/>
        <line num="258" count="4" type="stmt"/>
        <line num="259" count="4" type="stmt"/>
        <line num="260" count="4" type="stmt"/>
        <line num="261" count="4" type="stmt"/>
        <line num="262" count="4" type="stmt"/>
        <line num="264" count="4" type="stmt"/>
        <line num="265" count="80" type="stmt"/>
        <line num="266" count="80" type="stmt"/>
        <line num="267" count="80" type="stmt"/>
        <line num="268" count="80" type="stmt"/>
        <line num="271" count="4" type="stmt"/>
        <line num="279" count="4" type="stmt"/>
        <line num="286" count="4" type="stmt"/>
        <line num="293" count="2" type="stmt"/>
        <line num="295" count="1" type="stmt"/>
        <line num="296" count="1" type="stmt"/>
        <line num="297" count="1" type="stmt"/>
        <line num="300" count="1" type="stmt"/>
        <line num="301" count="1" type="stmt"/>
        <line num="302" count="1" type="stmt"/>
        <line num="308" count="2" type="stmt"/>
        <line num="309" count="2" type="cond" truecount="1" falsecount="0"/>
        <line num="310" count="2" type="cond" truecount="1" falsecount="0"/>
        <line num="311" count="2" type="cond" truecount="1" falsecount="0"/>
        <line num="312" count="2" type="cond" truecount="1" falsecount="0"/>
        <line num="313" count="2" type="stmt"/>
      </file>
    </package>
    <package name="app.features.legal-policy">
      <metrics statements="8" coveredstatements="4" conditionals="2" coveredconditionals="0" methods="2" coveredmethods="0"/>
      <file name="legal-policy.component.ts" path="C:\Users\athit\Demo Projects\1-stayease-booking-app\src\app\features\legal-policy\legal-policy.component.ts">
        <metrics statements="8" coveredstatements="4" conditionals="2" coveredconditionals="0" methods="2" coveredmethods="0"/>
        <line num="1" count="1" type="stmt"/>
        <line num="2" count="1" type="stmt"/>
        <line num="3" count="1" type="stmt"/>
        <line num="128" count="1" type="stmt"/>
        <line num="129" count="0" type="stmt"/>
        <line num="131" count="0" type="stmt"/>
        <line num="139" count="0" type="stmt"/>
        <line num="140" count="0" type="cond" truecount="0" falsecount="2"/>
      </file>
    </package>
    <package name="app.features.not-found">
      <metrics statements="4" coveredstatements="4" conditionals="0" coveredconditionals="0" methods="0" coveredmethods="0"/>
      <file name="not-found.component.ts" path="C:\Users\athit\Demo Projects\1-stayease-booking-app\src\app\features\not-found\not-found.component.ts">
        <metrics statements="4" coveredstatements="4" conditionals="0" coveredconditionals="0" methods="0" coveredmethods="0"/>
        <line num="1" count="1" type="stmt"/>
        <line num="2" count="1" type="stmt"/>
        <line num="3" count="1" type="stmt"/>
        <line num="100" count="1" type="stmt"/>
      </file>
    </package>
    <package name="app.features.profile">
      <metrics statements="51" coveredstatements="51" conditionals="17" coveredconditionals="17" methods="13" coveredmethods="13"/>
      <file name="profile.component.ts" path="C:\Users\athit\Demo Projects\1-stayease-booking-app\src\app\features\profile\profile.component.ts">
        <metrics statements="51" coveredstatements="51" conditionals="17" coveredconditionals="17" methods="13" coveredmethods="13"/>
        <line num="1" count="2" type="stmt"/>
        <line num="2" count="2" type="stmt"/>
        <line num="3" count="2" type="stmt"/>
        <line num="4" count="2" type="stmt"/>
        <line num="5" count="2" type="stmt"/>
        <line num="6" count="2" type="stmt"/>
        <line num="237" count="2" type="stmt"/>
        <line num="238" count="9" type="stmt"/>
        <line num="239" count="9" type="stmt"/>
        <line num="241" count="9" type="stmt"/>
        <line num="242" count="9" type="stmt"/>
        <line num="243" count="9" type="stmt"/>
        <line num="244" count="9" type="stmt"/>
        <line num="245" count="9" type="stmt"/>
        <line num="246" count="9" type="stmt"/>
        <line num="247" count="9" type="stmt"/>
        <line num="249" count="9" type="stmt"/>
        <line num="254" count="9" type="stmt"/>
        <line num="260" count="2" type="stmt"/>
        <line num="261" count="2" type="stmt"/>
        <line num="262" count="2" type="cond" truecount="2" falsecount="0"/>
        <line num="267" count="2" type="cond" truecount="2" falsecount="0"/>
        <line num="268" count="2" type="stmt"/>
        <line num="270" count="3" type="stmt"/>
        <line num="277" count="2" type="stmt"/>
        <line num="278" count="2" type="cond" truecount="1" falsecount="0"/>
        <line num="279" count="1" type="stmt"/>
        <line num="283" count="2" type="stmt"/>
        <line num="284" count="2" type="cond" truecount="2" falsecount="0"/>
        <line num="288" count="5" type="stmt"/>
        <line num="289" count="5" type="cond" truecount="3" falsecount="0"/>
        <line num="291" count="3" type="stmt"/>
        <line num="292" count="3" type="stmt"/>
        <line num="293" count="3" type="stmt"/>
        <line num="295" count="3" type="stmt"/>
        <line num="297" count="1" type="stmt"/>
        <line num="298" count="1" type="stmt"/>
        <line num="299" count="1" type="stmt"/>
        <line num="302" count="2" type="cond" truecount="2" falsecount="0"/>
        <line num="303" count="2" type="stmt"/>
        <line num="309" count="5" type="stmt"/>
        <line num="310" count="5" type="cond" truecount="3" falsecount="0"/>
        <line num="312" count="3" type="stmt"/>
        <line num="313" count="3" type="stmt"/>
        <line num="314" count="3" type="stmt"/>
        <line num="316" count="3" type="stmt"/>
        <line num="318" count="1" type="stmt"/>
        <line num="319" count="1" type="stmt"/>
        <line num="320" count="1" type="stmt"/>
        <line num="323" count="2" type="cond" truecount="2" falsecount="0"/>
        <line num="324" count="2" type="stmt"/>
      </file>
    </package>
    <package name="app.features.room-detail">
      <metrics statements="135" coveredstatements="134" conditionals="32" coveredconditionals="29" methods="20" coveredmethods="20"/>
      <file name="room-detail.component.ts" path="C:\Users\athit\Demo Projects\1-stayease-booking-app\src\app\features\room-detail\room-detail.component.ts">
        <metrics statements="135" coveredstatements="134" conditionals="32" coveredconditionals="29" methods="20" coveredmethods="20"/>
        <line num="1" count="2" type="stmt"/>
        <line num="2" count="2" type="stmt"/>
        <line num="3" count="2" type="stmt"/>
        <line num="4" count="2" type="stmt"/>
        <line num="5" count="2" type="stmt"/>
        <line num="6" count="2" type="stmt"/>
        <line num="7" count="2" type="stmt"/>
        <line num="8" count="2" type="stmt"/>
        <line num="11" count="2" type="stmt"/>
        <line num="12" count="2" type="stmt"/>
        <line num="285" count="2" type="stmt"/>
        <line num="286" count="27" type="stmt"/>
        <line num="287" count="27" type="stmt"/>
        <line num="288" count="27" type="stmt"/>
        <line num="289" count="27" type="stmt"/>
        <line num="290" count="27" type="stmt"/>
        <line num="291" count="27" type="stmt"/>
        <line num="293" count="27" type="stmt"/>
        <line num="294" count="27" type="stmt"/>
        <line num="295" count="27" type="stmt"/>
        <line num="296" count="27" type="stmt"/>
        <line num="297" count="27" type="stmt"/>
        <line num="298" count="27" type="stmt"/>
        <line num="300" count="27" type="stmt"/>
        <line num="301" count="27" type="stmt"/>
        <line num="302" count="27" type="stmt"/>
        <line num="303" count="27" type="stmt"/>
        <line num="304" count="27" type="stmt"/>
        <line num="306" count="27" type="stmt"/>
        <line num="307" count="27" type="stmt"/>
        <line num="310" count="27" type="stmt"/>
        <line num="312" count="27" type="stmt"/>
        <line num="313" count="27" type="stmt"/>
        <line num="315" count="27" type="stmt"/>
        <line num="316" count="27" type="stmt"/>
        <line num="317" count="27" type="stmt"/>
        <line num="318" count="27" type="stmt"/>
        <line num="321" count="10" type="cond" truecount="2" falsecount="0"/>
        <line num="324" count="27" type="stmt"/>
        <line num="325" count="4" type="stmt"/>
        <line num="326" count="4" type="cond" truecount="2" falsecount="0"/>
        <line num="327" count="1" type="stmt"/>
        <line num="330" count="27" type="stmt"/>
        <line num="333" count="26" type="stmt"/>
        <line num="334" count="26" type="cond" truecount="1" falsecount="0"/>
        <line num="335" count="2" type="stmt"/>
        <line num="337" count="26" type="stmt"/>
        <line num="339" count="25" type="stmt"/>
        <line num="340" count="25" type="stmt"/>
        <line num="341" count="25" type="stmt"/>
        <line num="342" count="25" type="stmt"/>
        <line num="343" count="25" type="cond" truecount="1" falsecount="1"/>
        <line num="344" count="25" type="stmt"/>
        <line num="345" count="25" type="stmt"/>
        <line num="348" count="1" type="stmt"/>
        <line num="349" count="1" type="stmt"/>
        <line num="350" count="1" type="stmt"/>
        <line num="351" count="1" type="stmt"/>
        <line num="352" count="1" type="stmt"/>
        <line num="358" count="1" type="stmt"/>
        <line num="359" count="1" type="cond" truecount="1" falsecount="1"/>
        <line num="363" count="1" type="stmt"/>
        <line num="367" count="2" type="stmt"/>
        <line num="368" count="2" type="cond" truecount="3" falsecount="0"/>
        <line num="369" count="1" type="stmt"/>
        <line num="370" count="1" type="stmt"/>
        <line num="373" count="1" type="stmt"/>
        <line num="374" count="1" type="stmt"/>
        <line num="380" count="1" type="stmt"/>
        <line num="384" count="2" type="stmt"/>
        <line num="390" count="2" type="stmt"/>
        <line num="394" count="26" type="stmt"/>
        <line num="395" count="26" type="stmt"/>
        <line num="396" count="26" type="stmt"/>
        <line num="397" count="26" type="stmt"/>
        <line num="399" count="24" type="stmt"/>
        <line num="400" count="24" type="stmt"/>
        <line num="401" count="24" type="stmt"/>
        <line num="403" count="24" type="stmt"/>
        <line num="406" count="2" type="stmt"/>
        <line num="407" count="2" type="stmt"/>
        <line num="408" count="2" type="stmt"/>
        <line num="409" count="2" type="stmt"/>
        <line num="416" count="35" type="cond" truecount="3" falsecount="0"/>
        <line num="417" count="25" type="stmt"/>
        <line num="418" count="25" type="stmt"/>
        <line num="420" count="10" type="stmt"/>
        <line num="423" count="10" type="cond" truecount="1" falsecount="0"/>
        <line num="424" count="1" type="stmt"/>
        <line num="425" count="1" type="stmt"/>
        <line num="427" count="9" type="stmt"/>
        <line num="428" count="9" type="stmt"/>
        <line num="430" count="9" type="stmt"/>
        <line num="431" count="16" type="stmt"/>
        <line num="432" count="16" type="stmt"/>
        <line num="433" count="16" type="stmt"/>
        <line num="434" count="16" type="cond" truecount="1" falsecount="0"/>
        <line num="435" count="2" type="stmt"/>
        <line num="436" count="2" type="stmt"/>
        <line num="438" count="14" type="cond" truecount="1" falsecount="0"/>
        <line num="439" count="1" type="stmt"/>
        <line num="440" count="1" type="stmt"/>
        <line num="443" count="6" type="stmt"/>
        <line num="447" count="11" type="stmt"/>
        <line num="448" count="11" type="stmt"/>
        <line num="449" count="11" type="cond" truecount="3" falsecount="0"/>
        <line num="450" count="10" type="stmt"/>
        <line num="451" count="10" type="stmt"/>
        <line num="452" count="10" type="cond" truecount="2" falsecount="0"/>
        <line num="453" count="10" type="stmt"/>
        <line num="455" count="11" type="stmt"/>
        <line num="459" count="1" type="stmt"/>
        <line num="460" count="1" type="cond" truecount="0" falsecount="1"/>
        <line num="461" count="0" type="stmt"/>
        <line num="463" count="1" type="stmt"/>
        <line num="464" count="1" type="stmt"/>
        <line num="468" count="6" type="cond" truecount="4" falsecount="0"/>
        <line num="469" count="2" type="stmt"/>
        <line num="470" count="2" type="stmt"/>
        <line num="472" count="4" type="cond" truecount="1" falsecount="0"/>
        <line num="473" count="1" type="stmt"/>
        <line num="474" count="1" type="stmt"/>
        <line num="476" count="3" type="cond" truecount="1" falsecount="0"/>
        <line num="477" count="1" type="stmt"/>
        <line num="479" count="2" type="stmt"/>
        <line num="480" count="2" type="stmt"/>
        <line num="481" count="2" type="stmt"/>
        <line num="482" count="2" type="stmt"/>
        <line num="486" count="2" type="stmt"/>
        <line num="487" count="2" type="cond" truecount="1" falsecount="0"/>
        <line num="488" count="1" type="stmt"/>
        <line num="492" count="5" type="stmt"/>
        <line num="499" count="5" type="stmt"/>
        <line num="500" count="30" type="cond" truecount="1" falsecount="0"/>
        <line num="502" count="1" type="stmt"/>
      </file>
    </package>
    <package name="app.features.search-results">
      <metrics statements="147" coveredstatements="147" conditionals="101" coveredconditionals="101" methods="32" coveredmethods="32"/>
      <file name="search-map-placeholder.component.ts" path="C:\Users\athit\Demo Projects\1-stayease-booking-app\src\app\features\search-results\search-map-placeholder.component.ts">
        <metrics statements="5" coveredstatements="5" conditionals="0" coveredconditionals="0" methods="1" coveredmethods="1"/>
        <line num="1" count="3" type="stmt"/>
        <line num="2" count="3" type="stmt"/>
        <line num="186" count="3" type="stmt"/>
        <line num="187" count="1" type="stmt"/>
        <line num="188" count="1" type="stmt"/>
      </file>
      <file name="search-results.component.ts" path="C:\Users\athit\Demo Projects\1-stayease-booking-app\src\app\features\search-results\search-results.component.ts">
        <metrics statements="142" coveredstatements="142" conditionals="101" coveredconditionals="101" methods="31" coveredmethods="31"/>
        <line num="1" count="2" type="stmt"/>
        <line num="2" count="2" type="stmt"/>
        <line num="3" count="2" type="stmt"/>
        <line num="4" count="2" type="stmt"/>
        <line num="5" count="2" type="stmt"/>
        <line num="6" count="2" type="stmt"/>
        <line num="7" count="2" type="stmt"/>
        <line num="8" count="2" type="stmt"/>
        <line num="10" count="2" type="stmt"/>
        <line num="257" count="2" type="stmt"/>
        <line num="258" count="23" type="stmt"/>
        <line num="259" count="23" type="stmt"/>
        <line num="260" count="23" type="stmt"/>
        <line num="261" count="23" type="stmt"/>
        <line num="262" count="23" type="stmt"/>
        <line num="264" count="23" type="stmt"/>
        <line num="265" count="23" type="stmt"/>
        <line num="266" count="23" type="stmt"/>
        <line num="267" count="23" type="stmt"/>
        <line num="268" count="23" type="stmt"/>
        <line num="269" count="23" type="stmt"/>
        <line num="270" count="23" type="stmt"/>
        <line num="271" count="23" type="stmt"/>
        <line num="273" count="23" type="stmt"/>
        <line num="281" count="23" type="stmt"/>
        <line num="292" count="23" type="stmt"/>
        <line num="300" count="23" type="stmt"/>
        <line num="302" count="23" type="stmt"/>
        <line num="303" count="8" type="stmt"/>
        <line num="304" count="8" type="stmt"/>
        <line num="306" count="8" type="cond" truecount="1" falsecount="0"/>
        <line num="307" count="8" type="cond" truecount="1" falsecount="0"/>
        <line num="308" count="8" type="cond" truecount="1" falsecount="0"/>
        <line num="309" count="8" type="cond" truecount="1" falsecount="0"/>
        <line num="310" count="8" type="cond" truecount="3" falsecount="0"/>
        <line num="311" count="3" type="cond" truecount="4" falsecount="0"/>
        <line num="313" count="8" type="cond" truecount="1" falsecount="0"/>
        <line num="314" count="8" type="cond" truecount="1" falsecount="0"/>
        <line num="315" count="8" type="cond" truecount="1" falsecount="0"/>
        <line num="316" count="8" type="cond" truecount="3" falsecount="0"/>
        <line num="318" count="8" type="stmt"/>
        <line num="321" count="23" type="stmt"/>
        <line num="322" count="2" type="cond" truecount="3" falsecount="0"/>
        <line num="323" count="2" type="cond" truecount="1" falsecount="0"/>
        <line num="324" count="1" type="stmt"/>
        <line num="326" count="5" type="stmt"/>
        <line num="329" count="23" type="stmt"/>
        <line num="331" count="23" type="stmt"/>
        <line num="332" count="1" type="stmt"/>
        <line num="333" count="1" type="stmt"/>
        <line num="334" count="1" type="stmt"/>
        <line num="335" count="7" type="stmt"/>
        <line num="337" count="1" type="stmt"/>
        <line num="340" count="23" type="stmt"/>
        <line num="341" count="3" type="cond" truecount="1" falsecount="0"/>
        <line num="342" count="2" type="cond" truecount="1" falsecount="0"/>
        <line num="343" count="1" type="stmt"/>
        <line num="346" count="23" type="stmt"/>
        <line num="347" count="3" type="cond" truecount="4" falsecount="0"/>
        <line num="351" count="23" type="cond" truecount="1" falsecount="0"/>
        <line num="352" count="1" type="stmt"/>
        <line num="355" count="23" type="stmt"/>
        <line num="356" count="23" type="cond" truecount="2" falsecount="0"/>
        <line num="357" count="23" type="stmt"/>
        <line num="358" count="23" type="stmt"/>
        <line num="374" count="23" type="stmt"/>
        <line num="379" count="1" type="stmt"/>
        <line num="383" count="1" type="stmt"/>
        <line num="384" count="1" type="stmt"/>
        <line num="388" count="1" type="stmt"/>
        <line num="395" count="1" type="stmt"/>
        <line num="399" count="17" type="cond" truecount="1" falsecount="0"/>
        <line num="404" count="1" type="stmt"/>
        <line num="405" count="1" type="stmt"/>
        <line num="406" count="1" type="stmt"/>
        <line num="408" count="17" type="stmt"/>
        <line num="409" count="17" type="stmt"/>
        <line num="413" count="5" type="stmt"/>
        <line num="414" count="5" type="cond" truecount="2" falsecount="0"/>
        <line num="415" count="1" type="stmt"/>
        <line num="417" count="4" type="stmt"/>
        <line num="419" count="5" type="stmt"/>
        <line num="426" count="9" type="cond" truecount="9" falsecount="0"/>
        <line num="431" count="4" type="stmt"/>
        <line num="432" count="4" type="stmt"/>
        <line num="434" count="1" type="stmt"/>
        <line num="435" count="1" type="stmt"/>
        <line num="437" count="1" type="stmt"/>
        <line num="438" count="1" type="stmt"/>
        <line num="440" count="1" type="stmt"/>
        <line num="441" count="1" type="stmt"/>
        <line num="443" count="1" type="stmt"/>
        <line num="444" count="1" type="stmt"/>
        <line num="446" count="1" type="stmt"/>
        <line num="447" count="1" type="stmt"/>
        <line num="449" count="9" type="stmt"/>
        <line num="453" count="1" type="stmt"/>
        <line num="454" count="1" type="stmt"/>
        <line num="455" count="1" type="stmt"/>
        <line num="456" count="1" type="stmt"/>
        <line num="460" count="1" type="stmt"/>
        <line num="461" count="1" type="stmt"/>
        <line num="462" count="1" type="stmt"/>
        <line num="466" count="2" type="stmt"/>
        <line num="470" count="34" type="cond" truecount="2" falsecount="0"/>
        <line num="474" count="24" type="cond" truecount="2" falsecount="0"/>
        <line num="475" count="45" type="stmt"/>
        <line num="480" count="25" type="stmt"/>
        <line num="499" count="23" type="cond" truecount="3" falsecount="0"/>
        <line num="500" count="5" type="cond" truecount="3" falsecount="0"/>
        <line num="501" count="4" type="cond" truecount="3" falsecount="0"/>
        <line num="502" count="3" type="cond" truecount="3" falsecount="0"/>
        <line num="503" count="2" type="stmt"/>
        <line num="507" count="20" type="stmt"/>
        <line num="508" count="20" type="stmt"/>
        <line num="510" count="20" type="cond" truecount="1" falsecount="0"/>
        <line num="511" count="20" type="cond" truecount="1" falsecount="0"/>
        <line num="512" count="20" type="cond" truecount="1" falsecount="0"/>
        <line num="513" count="20" type="cond" truecount="1" falsecount="0"/>
        <line num="514" count="20" type="cond" truecount="1" falsecount="0"/>
        <line num="515" count="20" type="cond" truecount="1" falsecount="0"/>
        <line num="516" count="20" type="cond" truecount="1" falsecount="0"/>
        <line num="517" count="20" type="cond" truecount="1" falsecount="0"/>
        <line num="518" count="20" type="cond" truecount="1" falsecount="0"/>
        <line num="519" count="20" type="cond" truecount="3" falsecount="0"/>
        <line num="520" count="20" type="cond" truecount="1" falsecount="0"/>
        <line num="521" count="20" type="cond" truecount="1" falsecount="0"/>
        <line num="522" count="20" type="cond" truecount="1" falsecount="0"/>
        <line num="523" count="20" type="cond" truecount="1" falsecount="0"/>
        <line num="525" count="20" type="stmt"/>
        <line num="533" count="25" type="stmt"/>
        <line num="534" count="25" type="stmt"/>
        <line num="536" count="25" type="stmt"/>
        <line num="543" count="25" type="stmt"/>
        <line num="545" count="24" type="stmt"/>
        <line num="546" count="24" type="stmt"/>
        <line num="547" count="24" type="stmt"/>
        <line num="548" count="24" type="stmt"/>
        <line num="551" count="1" type="stmt"/>
        <line num="552" count="1" type="stmt"/>
        <line num="553" count="1" type="stmt"/>
        <line num="554" count="1" type="stmt"/>
      </file>
    </package>
    <package name="app.features.support">
      <metrics statements="4" coveredstatements="4" conditionals="0" coveredconditionals="0" methods="0" coveredmethods="0"/>
      <file name="support.component.ts" path="C:\Users\athit\Demo Projects\1-stayease-booking-app\src\app\features\support\support.component.ts">
        <metrics statements="4" coveredstatements="4" conditionals="0" coveredconditionals="0" methods="0" coveredmethods="0"/>
        <line num="1" count="1" type="stmt"/>
        <line num="2" count="1" type="stmt"/>
        <line num="3" count="1" type="stmt"/>
        <line num="175" count="1" type="stmt"/>
      </file>
    </package>
    <package name="app.features.wishlist">
      <metrics statements="34" coveredstatements="34" conditionals="2" coveredconditionals="2" methods="12" coveredmethods="12"/>
      <file name="wishlist.component.ts" path="C:\Users\athit\Demo Projects\1-stayease-booking-app\src\app\features\wishlist\wishlist.component.ts">
        <metrics statements="34" coveredstatements="34" conditionals="2" coveredconditionals="2" methods="12" coveredmethods="12"/>
        <line num="1" count="2" type="stmt"/>
        <line num="2" count="2" type="stmt"/>
        <line num="3" count="2" type="stmt"/>
        <line num="4" count="2" type="stmt"/>
        <line num="6" count="2" type="stmt"/>
        <line num="7" count="2" type="stmt"/>
        <line num="237" count="2" type="stmt"/>
        <line num="238" count="5" type="stmt"/>
        <line num="239" count="5" type="stmt"/>
        <line num="241" count="5" type="stmt"/>
        <line num="242" count="5" type="stmt"/>
        <line num="243" count="5" type="stmt"/>
        <line num="244" count="5" type="stmt"/>
        <line num="247" count="1" type="cond" truecount="2" falsecount="0"/>
        <line num="251" count="1" type="stmt"/>
        <line num="255" count="1" type="stmt"/>
        <line num="259" count="2" type="stmt"/>
        <line num="260" count="2" type="stmt"/>
        <line num="262" count="2" type="stmt"/>
        <line num="264" count="1" type="stmt"/>
        <line num="265" count="1" type="stmt"/>
        <line num="268" count="1" type="stmt"/>
        <line num="269" count="1" type="stmt"/>
        <line num="275" count="2" type="stmt"/>
        <line num="276" count="2" type="stmt"/>
        <line num="277" count="2" type="stmt"/>
        <line num="279" count="2" type="stmt"/>
        <line num="281" count="2" type="stmt"/>
        <line num="282" count="1" type="stmt"/>
        <line num="283" count="1" type="stmt"/>
        <line num="284" count="1" type="stmt"/>
        <line num="287" count="1" type="stmt"/>
        <line num="288" count="1" type="stmt"/>
        <line num="289" count="1" type="stmt"/>
      </file>
    </package>
    <package name="app.shared.components.active-booking-cta-bar">
      <metrics statements="9" coveredstatements="9" conditionals="0" coveredconditionals="0" methods="2" coveredmethods="2"/>
      <file name="active-booking-cta-bar.component.ts" path="C:\Users\athit\Demo Projects\1-stayease-booking-app\src\app\shared\components\active-booking-cta-bar\active-booking-cta-bar.component.ts">
        <metrics statements="9" coveredstatements="9" conditionals="0" coveredconditionals="0" methods="2" coveredmethods="2"/>
        <line num="1" count="2" type="stmt"/>
        <line num="2" count="2" type="stmt"/>
        <line num="3" count="2" type="stmt"/>
        <line num="269" count="2" type="stmt"/>
        <line num="270" count="5" type="stmt"/>
        <line num="273" count="4" type="stmt"/>
        <line num="274" count="4" type="stmt"/>
        <line num="275" count="4" type="stmt"/>
        <line num="276" count="4" type="stmt"/>
      </file>
    </package>
    <package name="app.shared.components.footer">
      <metrics statements="3" coveredstatements="3" conditionals="0" coveredconditionals="0" methods="0" coveredmethods="0"/>
      <file name="footer.component.ts" path="C:\Users\athit\Demo Projects\1-stayease-booking-app\src\app\shared\components\footer\footer.component.ts">
        <metrics statements="3" coveredstatements="3" conditionals="0" coveredconditionals="0" methods="0" coveredmethods="0"/>
        <line num="1" count="2" type="stmt"/>
        <line num="2" count="2" type="stmt"/>
        <line num="154" count="2" type="stmt"/>
      </file>
    </package>
    <package name="app.shared.components.navbar">
      <metrics statements="63" coveredstatements="63" conditionals="18" coveredconditionals="18" methods="22" coveredmethods="22"/>
      <file name="navbar.component.ts" path="C:\Users\athit\Demo Projects\1-stayease-booking-app\src\app\shared\components\navbar\navbar.component.ts">
        <metrics statements="63" coveredstatements="63" conditionals="18" coveredconditionals="18" methods="22" coveredmethods="22"/>
        <line num="1" count="6" type="stmt"/>
        <line num="2" count="6" type="stmt"/>
        <line num="3" count="6" type="stmt"/>
        <line num="4" count="6" type="stmt"/>
        <line num="5" count="6" type="stmt"/>
        <line num="6" count="6" type="stmt"/>
        <line num="325" count="6" type="stmt"/>
        <line num="326" count="35" type="stmt"/>
        <line num="327" count="35" type="stmt"/>
        <line num="328" count="35" type="stmt"/>
        <line num="330" count="35" type="stmt"/>
        <line num="331" count="35" type="stmt"/>
        <line num="332" count="35" type="stmt"/>
        <line num="333" count="35" type="stmt"/>
        <line num="334" count="35" type="stmt"/>
        <line num="337" count="3" type="stmt"/>
        <line num="338" count="1" type="stmt"/>
        <line num="340" count="1" type="stmt"/>
        <line num="341" count="1" type="stmt"/>
        <line num="342" count="1" type="stmt"/>
        <line num="345" count="3" type="stmt"/>
        <line num="349" count="36" type="stmt"/>
        <line num="354" count="2" type="stmt"/>
        <line num="355" count="2" type="stmt"/>
        <line num="359" count="5" type="stmt"/>
        <line num="360" count="5" type="stmt"/>
        <line num="362" count="5" type="cond" truecount="2" falsecount="0"/>
        <line num="363" count="4" type="stmt"/>
        <line num="365" count="1" type="stmt"/>
        <line num="370" count="2" type="stmt"/>
        <line num="374" count="1" type="stmt"/>
        <line num="378" count="1" type="stmt"/>
        <line num="379" count="1" type="stmt"/>
        <line num="383" count="2" type="cond" truecount="2" falsecount="0"/>
        <line num="387" count="2" type="cond" truecount="2" falsecount="0"/>
        <line num="388" count="2" type="stmt"/>
        <line num="390" count="3" type="stmt"/>
        <line num="397" count="6" type="cond" truecount="2" falsecount="0"/>
        <line num="401" count="5" type="stmt"/>
        <line num="405" count="10" type="cond" truecount="2" falsecount="0"/>
        <line num="409" count="22" type="stmt"/>
        <line num="410" count="22" type="stmt"/>
        <line num="414" count="6" type="cond" truecount="1" falsecount="0"/>
        <line num="415" count="1" type="stmt"/>
        <line num="418" count="5" type="stmt"/>
        <line num="419" count="5" type="stmt"/>
        <line num="420" count="5" type="stmt"/>
        <line num="421" count="5" type="stmt"/>
        <line num="423" count="5" type="cond" truecount="3" falsecount="0"/>
        <line num="424" count="1" type="stmt"/>
        <line num="425" count="1" type="stmt"/>
        <line num="428" count="4" type="cond" truecount="3" falsecount="0"/>
        <line num="429" count="1" type="stmt"/>
        <line num="430" count="1" type="stmt"/>
        <line num="433" count="3" type="stmt"/>
        <line num="437" count="3" type="cond" truecount="1" falsecount="0"/>
        <line num="438" count="2" type="stmt"/>
        <line num="441" count="1" type="stmt"/>
        <line num="442" count="1" type="stmt"/>
        <line num="446" count="4" type="stmt"/>
        <line num="447" count="4" type="stmt"/>
        <line num="451" count="38" type="stmt"/>
        <line num="452" count="38" type="stmt"/>
      </file>
    </package>
    <package name="app.shared.components.reviews-section">
      <metrics statements="38" coveredstatements="38" conditionals="10" coveredconditionals="10" methods="15" coveredmethods="15"/>
      <file name="reviews-section.component.ts" path="C:\Users\athit\Demo Projects\1-stayease-booking-app\src\app\shared\components\reviews-section\reviews-section.component.ts">
        <metrics statements="38" coveredstatements="38" conditionals="10" coveredconditionals="10" methods="15" coveredmethods="15"/>
        <line num="1" count="3" type="stmt"/>
        <line num="9" count="3" type="stmt"/>
        <line num="10" count="3" type="stmt"/>
        <line num="293" count="3" type="stmt"/>
        <line num="296" count="13" type="stmt"/>
        <line num="298" count="13" type="stmt"/>
        <line num="299" count="13" type="stmt"/>
        <line num="300" count="13" type="stmt"/>
        <line num="301" count="13" type="stmt"/>
        <line num="302" count="13" type="stmt"/>
        <line num="303" count="13" type="stmt"/>
        <line num="306" count="8" type="cond" truecount="1" falsecount="0"/>
        <line num="307" count="7" type="stmt"/>
        <line num="308" count="7" type="stmt"/>
        <line num="313" count="7" type="stmt"/>
        <line num="314" count="7" type="stmt"/>
        <line num="316" count="7" type="stmt"/>
        <line num="318" count="5" type="stmt"/>
        <line num="319" count="5" type="stmt"/>
        <line num="322" count="1" type="stmt"/>
        <line num="323" count="1" type="stmt"/>
        <line num="329" count="3" type="stmt"/>
        <line num="330" count="3" type="stmt"/>
        <line num="332" count="3" type="stmt"/>
        <line num="334" count="2" type="stmt"/>
        <line num="335" count="2" type="cond" truecount="2" falsecount="0"/>
        <line num="339" count="2" type="stmt"/>
        <line num="340" count="2" type="stmt"/>
        <line num="342" count="1" type="stmt"/>
        <line num="347" count="25" type="cond" truecount="2" falsecount="0"/>
        <line num="348" count="25" type="cond" truecount="1" falsecount="0"/>
        <line num="349" count="23" type="cond" truecount="2" falsecount="0"/>
        <line num="350" count="23" type="stmt"/>
        <line num="354" count="5" type="stmt"/>
        <line num="356" count="10" type="stmt"/>
        <line num="363" count="5" type="stmt"/>
        <line num="364" count="25" type="cond" truecount="2" falsecount="0"/>
        <line num="369" count="5" type="stmt"/>
      </file>
    </package>
    <package name="app.shared.components.room-card">
      <metrics statements="24" coveredstatements="23" conditionals="7" coveredconditionals="5" methods="5" coveredmethods="4"/>
      <file name="room-card.component.ts" path="C:\Users\athit\Demo Projects\1-stayease-booking-app\src\app\shared\components\room-card\room-card.component.ts">
        <metrics statements="24" coveredstatements="23" conditionals="7" coveredconditionals="5" methods="5" coveredmethods="4"/>
        <line num="1" count="4" type="stmt"/>
        <line num="2" count="4" type="stmt"/>
        <line num="3" count="4" type="stmt"/>
        <line num="5" count="4" type="stmt"/>
        <line num="6" count="4" type="stmt"/>
        <line num="7" count="4" type="stmt"/>
        <line num="251" count="4" type="stmt"/>
        <line num="254" count="4" type="stmt"/>
        <line num="255" count="4" type="stmt"/>
        <line num="257" count="4" type="stmt"/>
        <line num="258" count="4" type="stmt"/>
        <line num="259" count="4" type="stmt"/>
        <line num="260" count="4" type="stmt"/>
        <line num="263" count="2" type="stmt"/>
        <line num="269" count="2" type="cond" truecount="2" falsecount="0"/>
        <line num="271" count="2" type="stmt"/>
        <line num="272" count="2" type="stmt"/>
        <line num="274" count="2" type="cond" truecount="3" falsecount="0"/>
        <line num="275" count="1" type="stmt"/>
        <line num="282" count="1" type="stmt"/>
        <line num="286" count="0" type="cond" truecount="0" falsecount="2"/>
        <line num="290" count="1" type="stmt"/>
        <line num="291" count="1" type="stmt"/>
        <line num="292" count="1" type="stmt"/>
      </file>
    </package>
    <package name="app.shared.utils">
      <metrics statements="30" coveredstatements="29" conditionals="18" coveredconditionals="16" methods="4" coveredmethods="4"/>
      <file name="image-fallback.ts" path="C:\Users\athit\Demo Projects\1-stayease-booking-app\src\app\shared\utils\image-fallback.ts">
        <metrics statements="30" coveredstatements="29" conditionals="18" coveredconditionals="16" methods="4" coveredmethods="4"/>
        <line num="3" count="9" type="stmt"/>
        <line num="20" count="9" type="stmt"/>
        <line num="24" count="9" type="stmt"/>
        <line num="25" count="80" type="stmt"/>
        <line num="26" count="80" type="cond" truecount="1" falsecount="0"/>
        <line num="27" count="4" type="stmt"/>
        <line num="30" count="76" type="cond" truecount="1" falsecount="0"/>
        <line num="31" count="1" type="stmt"/>
        <line num="34" count="75" type="cond" truecount="1" falsecount="0"/>
        <line num="40" count="67" type="stmt"/>
        <line num="43" count="8" type="stmt"/>
        <line num="46" count="9" type="stmt"/>
        <line num="47" count="27" type="stmt"/>
        <line num="49" count="27" type="stmt"/>
        <line num="50" count="27" type="cond" truecount="1" falsecount="0"/>
        <line num="51" count="22" type="stmt"/>
        <line num="54" count="27" type="stmt"/>
        <line num="55" count="27" type="cond" truecount="2" falsecount="0"/>
        <line num="56" count="24" type="cond" truecount="1" falsecount="0"/>
        <line num="57" count="24" type="stmt"/>
        <line num="58" count="43" type="cond" truecount="1" falsecount="1"/>
        <line num="59" count="43" type="cond" truecount="1" falsecount="0"/>
        <line num="60" count="41" type="stmt"/>
        <line num="68" count="27" type="cond" truecount="2" falsecount="0"/>
        <line num="71" count="9" type="stmt"/>
        <line num="72" count="7" type="stmt"/>
        <line num="73" count="7" type="cond" truecount="0" falsecount="1"/>
        <line num="74" count="0" type="stmt"/>
        <line num="77" count="7" type="cond" truecount="1" falsecount="0"/>
        <line num="78" count="6" type="stmt"/>
      </file>
    </package>
  </project>
</coverage>
