{"C:\\Users\\athit\\Demo Projects\\1-stayease-booking-app\\src\\app\\app.component.ts": {"path":"C:\\Users\\athit\\Demo Projects\\1-stayease-booking-app\\src\\app\\app.component.ts","statementMap":{"0":{"start":{"line":1,"column":0},"end":{"line":1,"column":42}},"1":{"start":{"line":2,"column":0},"end":{"line":2,"column":47}},"2":{"start":{"line":3,"column":0},"end":{"line":3,"column":78}},"3":{"start":{"line":4,"column":0},"end":{"line":4,"column":78}},"4":{"start":{"line":23,"column":7},"end":{"line":23,"column":null}},"5":{"start":{"line":23,"column":13},"end":{"line":23,"column":25}},"6":{"start":{"line":23,"column":13},"end":{"line":23,"column":null}}},"fnMap":{},"branchMap":{},"s":{"0":0,"1":0,"2":0,"3":0,"4":0,"5":0,"6":0},"f":{},"b":{}}
,"C:\\Users\\athit\\Demo Projects\\1-stayease-booking-app\\src\\app\\app.config.ts": {"path":"C:\\Users\\athit\\Demo Projects\\1-stayease-booking-app\\src\\app\\app.config.ts","statementMap":{"0":{"start":{"line":1,"column":0},"end":{"line":1,"column":78}},"1":{"start":{"line":2,"column":0},"end":{"line":2,"column":119}},"2":{"start":{"line":3,"column":0},"end":{"line":3,"column":75}},"3":{"start":{"line":4,"column":0},"end":{"line":4,"column":73}},"4":{"start":{"line":5,"column":0},"end":{"line":5,"column":38}},"5":{"start":{"line":6,"column":0},"end":{"line":6,"column":71}},"6":{"start":{"line":8,"column":13},"end":{"line":23,"column":2}}},"fnMap":{},"branchMap":{},"s":{"0":0,"1":0,"2":0,"3":0,"4":0,"5":0,"6":0},"f":{},"b":{}}
,"C:\\Users\\athit\\Demo Projects\\1-stayease-booking-app\\src\\app\\app.routes.ts": {"path":"C:\\Users\\athit\\Demo Projects\\1-stayease-booking-app\\src\\app\\app.routes.ts","statementMap":{"0":{"start":{"line":2,"column":0},"end":{"line":2,"column":65}},"1":{"start":{"line":4,"column":13},"end":{"line":89,"column":2}},"2":{"start":{"line":8,"column":6},"end":{"line":8,"column":82}},"3":{"start":{"line":8,"column":6},"end":{"line":8,"column":53}},"4":{"start":{"line":8,"column":63},"end":{"line":8,"column":81}},"5":{"start":{"line":14,"column":6},"end":{"line":14,"column":102}},"6":{"start":{"line":14,"column":6},"end":{"line":14,"column":67}},"7":{"start":{"line":14,"column":77},"end":{"line":14,"column":101}},"8":{"start":{"line":20,"column":6},"end":{"line":20,"column":93}},"9":{"start":{"line":20,"column":6},"end":{"line":20,"column":61}},"10":{"start":{"line":20,"column":71},"end":{"line":20,"column":92}},"11":{"start":{"line":26,"column":6},"end":{"line":26,"column":85}},"12":{"start":{"line":26,"column":6},"end":{"line":26,"column":55}},"13":{"start":{"line":26,"column":65},"end":{"line":26,"column":84}},"14":{"start":{"line":32,"column":6},"end":{"line":32,"column":120}},"15":{"start":{"line":32,"column":6},"end":{"line":32,"column":79}},"16":{"start":{"line":32,"column":89},"end":{"line":32,"column":119}},"17":{"start":{"line":40,"column":6},"end":{"line":40,"column":81}},"18":{"start":{"line":40,"column":6},"end":{"line":40,"column":54}},"19":{"start":{"line":40,"column":64},"end":{"line":40,"column":80}},"20":{"start":{"line":47,"column":6},"end":{"line":47,"column":84}},"21":{"start":{"line":47,"column":6},"end":{"line":47,"column":56}},"22":{"start":{"line":47,"column":66},"end":{"line":47,"column":83}},"23":{"start":{"line":54,"column":6},"end":{"line":54,"column":110}},"24":{"start":{"line":54,"column":6},"end":{"line":54,"column":74}},"25":{"start":{"line":54,"column":84},"end":{"line":54,"column":109}},"26":{"start":{"line":61,"column":6},"end":{"line":61,"column":107}},"27":{"start":{"line":61,"column":6},"end":{"line":61,"column":72}},"28":{"start":{"line":61,"column":82},"end":{"line":61,"column":106}},"29":{"start":{"line":69,"column":6},"end":{"line":69,"column":82}},"30":{"start":{"line":69,"column":6},"end":{"line":69,"column":53}},"31":{"start":{"line":69,"column":63},"end":{"line":69,"column":81}},"32":{"start":{"line":76,"column":6},"end":{"line":76,"column":105}},"33":{"start":{"line":76,"column":6},"end":{"line":76,"column":69}},"34":{"start":{"line":76,"column":79},"end":{"line":76,"column":104}},"35":{"start":{"line":83,"column":6},"end":{"line":83,"column":85}},"36":{"start":{"line":83,"column":6},"end":{"line":83,"column":55}},"37":{"start":{"line":83,"column":65},"end":{"line":83,"column":84}}},"fnMap":{"0":{"name":"(anonymous_0)","decl":{"start":{"line":7,"column":19},"end":{"line":7,"column":22}},"loc":{"start":{"line":8,"column":6},"end":{"line":8,"column":82}}},"1":{"name":"(anonymous_1)","decl":{"start":{"line":8,"column":6},"end":{"line":8,"column":13}},"loc":{"start":{"line":8,"column":6},"end":{"line":8,"column":53}}},"2":{"name":"(anonymous_2)","decl":{"start":{"line":8,"column":58},"end":{"line":8,"column":59}},"loc":{"start":{"line":8,"column":63},"end":{"line":8,"column":81}}},"3":{"name":"(anonymous_3)","decl":{"start":{"line":13,"column":19},"end":{"line":13,"column":22}},"loc":{"start":{"line":14,"column":6},"end":{"line":14,"column":102}}},"4":{"name":"(anonymous_4)","decl":{"start":{"line":14,"column":6},"end":{"line":14,"column":13}},"loc":{"start":{"line":14,"column":6},"end":{"line":14,"column":67}}},"5":{"name":"(anonymous_5)","decl":{"start":{"line":14,"column":72},"end":{"line":14,"column":73}},"loc":{"start":{"line":14,"column":77},"end":{"line":14,"column":101}}},"6":{"name":"(anonymous_6)","decl":{"start":{"line":19,"column":19},"end":{"line":19,"column":22}},"loc":{"start":{"line":20,"column":6},"end":{"line":20,"column":93}}},"7":{"name":"(anonymous_7)","decl":{"start":{"line":20,"column":6},"end":{"line":20,"column":13}},"loc":{"start":{"line":20,"column":6},"end":{"line":20,"column":61}}},"8":{"name":"(anonymous_8)","decl":{"start":{"line":20,"column":66},"end":{"line":20,"column":67}},"loc":{"start":{"line":20,"column":71},"end":{"line":20,"column":92}}},"9":{"name":"(anonymous_9)","decl":{"start":{"line":25,"column":19},"end":{"line":25,"column":22}},"loc":{"start":{"line":26,"column":6},"end":{"line":26,"column":85}}},"10":{"name":"(anonymous_10)","decl":{"start":{"line":26,"column":6},"end":{"line":26,"column":13}},"loc":{"start":{"line":26,"column":6},"end":{"line":26,"column":55}}},"11":{"name":"(anonymous_11)","decl":{"start":{"line":26,"column":60},"end":{"line":26,"column":61}},"loc":{"start":{"line":26,"column":65},"end":{"line":26,"column":84}}},"12":{"name":"(anonymous_12)","decl":{"start":{"line":31,"column":19},"end":{"line":31,"column":22}},"loc":{"start":{"line":32,"column":6},"end":{"line":32,"column":120}}},"13":{"name":"(anonymous_13)","decl":{"start":{"line":32,"column":6},"end":{"line":32,"column":13}},"loc":{"start":{"line":32,"column":6},"end":{"line":32,"column":79}}},"14":{"name":"(anonymous_14)","decl":{"start":{"line":32,"column":84},"end":{"line":32,"column":85}},"loc":{"start":{"line":32,"column":89},"end":{"line":32,"column":119}}},"15":{"name":"(anonymous_15)","decl":{"start":{"line":39,"column":19},"end":{"line":39,"column":22}},"loc":{"start":{"line":40,"column":6},"end":{"line":40,"column":81}}},"16":{"name":"(anonymous_16)","decl":{"start":{"line":40,"column":6},"end":{"line":40,"column":13}},"loc":{"start":{"line":40,"column":6},"end":{"line":40,"column":54}}},"17":{"name":"(anonymous_17)","decl":{"start":{"line":40,"column":59},"end":{"line":40,"column":60}},"loc":{"start":{"line":40,"column":64},"end":{"line":40,"column":80}}},"18":{"name":"(anonymous_18)","decl":{"start":{"line":46,"column":19},"end":{"line":46,"column":22}},"loc":{"start":{"line":47,"column":6},"end":{"line":47,"column":84}}},"19":{"name":"(anonymous_19)","decl":{"start":{"line":47,"column":6},"end":{"line":47,"column":13}},"loc":{"start":{"line":47,"column":6},"end":{"line":47,"column":56}}},"20":{"name":"(anonymous_20)","decl":{"start":{"line":47,"column":61},"end":{"line":47,"column":62}},"loc":{"start":{"line":47,"column":66},"end":{"line":47,"column":83}}},"21":{"name":"(anonymous_21)","decl":{"start":{"line":53,"column":19},"end":{"line":53,"column":22}},"loc":{"start":{"line":54,"column":6},"end":{"line":54,"column":110}}},"22":{"name":"(anonymous_22)","decl":{"start":{"line":54,"column":6},"end":{"line":54,"column":13}},"loc":{"start":{"line":54,"column":6},"end":{"line":54,"column":74}}},"23":{"name":"(anonymous_23)","decl":{"start":{"line":54,"column":79},"end":{"line":54,"column":80}},"loc":{"start":{"line":54,"column":84},"end":{"line":54,"column":109}}},"24":{"name":"(anonymous_24)","decl":{"start":{"line":60,"column":19},"end":{"line":60,"column":22}},"loc":{"start":{"line":61,"column":6},"end":{"line":61,"column":107}}},"25":{"name":"(anonymous_25)","decl":{"start":{"line":61,"column":6},"end":{"line":61,"column":13}},"loc":{"start":{"line":61,"column":6},"end":{"line":61,"column":72}}},"26":{"name":"(anonymous_26)","decl":{"start":{"line":61,"column":77},"end":{"line":61,"column":78}},"loc":{"start":{"line":61,"column":82},"end":{"line":61,"column":106}}},"27":{"name":"(anonymous_27)","decl":{"start":{"line":68,"column":19},"end":{"line":68,"column":22}},"loc":{"start":{"line":69,"column":6},"end":{"line":69,"column":82}}},"28":{"name":"(anonymous_28)","decl":{"start":{"line":69,"column":6},"end":{"line":69,"column":13}},"loc":{"start":{"line":69,"column":6},"end":{"line":69,"column":53}}},"29":{"name":"(anonymous_29)","decl":{"start":{"line":69,"column":58},"end":{"line":69,"column":59}},"loc":{"start":{"line":69,"column":63},"end":{"line":69,"column":81}}},"30":{"name":"(anonymous_30)","decl":{"start":{"line":75,"column":19},"end":{"line":75,"column":22}},"loc":{"start":{"line":76,"column":6},"end":{"line":76,"column":105}}},"31":{"name":"(anonymous_31)","decl":{"start":{"line":76,"column":6},"end":{"line":76,"column":13}},"loc":{"start":{"line":76,"column":6},"end":{"line":76,"column":69}}},"32":{"name":"(anonymous_32)","decl":{"start":{"line":76,"column":74},"end":{"line":76,"column":75}},"loc":{"start":{"line":76,"column":79},"end":{"line":76,"column":104}}},"33":{"name":"(anonymous_33)","decl":{"start":{"line":82,"column":19},"end":{"line":82,"column":22}},"loc":{"start":{"line":83,"column":6},"end":{"line":83,"column":85}}},"34":{"name":"(anonymous_34)","decl":{"start":{"line":83,"column":6},"end":{"line":83,"column":13}},"loc":{"start":{"line":83,"column":6},"end":{"line":83,"column":55}}},"35":{"name":"(anonymous_35)","decl":{"start":{"line":83,"column":60},"end":{"line":83,"column":61}},"loc":{"start":{"line":83,"column":65},"end":{"line":83,"column":84}}}},"branchMap":{},"s":{"0":0,"1":0,"2":0,"3":0,"4":0,"5":0,"6":0,"7":0,"8":0,"9":0,"10":0,"11":0,"12":0,"13":0,"14":0,"15":0,"16":0,"17":0,"18":0,"19":0,"20":0,"21":0,"22":0,"23":0,"24":0,"25":0,"26":0,"27":0,"28":0,"29":0,"30":0,"31":0,"32":0,"33":0,"34":0,"35":0,"36":0,"37":0},"f":{"0":0,"1":0,"2":0,"3":0,"4":0,"5":0,"6":0,"7":0,"8":0,"9":0,"10":0,"11":0,"12":0,"13":0,"14":0,"15":0,"16":0,"17":0,"18":0,"19":0,"20":0,"21":0,"22":0,"23":0,"24":0,"25":0,"26":0,"27":0,"28":0,"29":0,"30":0,"31":0,"32":0,"33":0,"34":0,"35":0},"b":{}}
,"C:\\Users\\athit\\Demo Projects\\1-stayease-booking-app\\src\\app\\core\\guards\\auth.guard.ts": {"path":"C:\\Users\\athit\\Demo Projects\\1-stayease-booking-app\\src\\app\\core\\guards\\auth.guard.ts","statementMap":{"0":{"start":{"line":1,"column":0},"end":{"line":1,"column":39}},"1":{"start":{"line":2,"column":0},"end":{"line":2,"column":56}},"2":{"start":{"line":3,"column":0},"end":{"line":3,"column":55}},"3":{"start":{"line":5,"column":40},"end":{"line":16,"column":1}},"4":{"start":{"line":6,"column":22},"end":{"line":6,"column":41}},"5":{"start":{"line":7,"column":17},"end":{"line":7,"column":31}},"6":{"start":{"line":9,"column":2},"end":{"line":11,"column":3}},"7":{"start":{"line":10,"column":4},"end":{"line":10,"column":16}},"8":{"start":{"line":13,"column":2},"end":{"line":15,"column":5}},"9":{"start":{"line":5,"column":13},"end":{"line":5,"column":40}},"10":{"start":{"line":18,"column":41},"end":{"line":27,"column":1}},"11":{"start":{"line":19,"column":22},"end":{"line":19,"column":41}},"12":{"start":{"line":20,"column":17},"end":{"line":20,"column":31}},"13":{"start":{"line":22,"column":2},"end":{"line":24,"column":3}},"14":{"start":{"line":23,"column":4},"end":{"line":23,"column":16}},"15":{"start":{"line":26,"column":2},"end":{"line":26,"column":44}},"16":{"start":{"line":18,"column":13},"end":{"line":18,"column":41}}},"fnMap":{"0":{"name":"(anonymous_0)","decl":{"start":{"line":5,"column":40},"end":{"line":5,"column":41}},"loc":{"start":{"line":5,"column":58},"end":{"line":16,"column":1}}},"1":{"name":"(anonymous_1)","decl":{"start":{"line":18,"column":41},"end":{"line":18,"column":44}},"loc":{"start":{"line":18,"column":46},"end":{"line":27,"column":1}}}},"branchMap":{"0":{"loc":{"start":{"line":9,"column":2},"end":{"line":11,"column":3}},"type":"if","locations":[{"start":{"line":9,"column":2},"end":{"line":11,"column":3}}]},"1":{"loc":{"start":{"line":22,"column":2},"end":{"line":24,"column":3}},"type":"if","locations":[{"start":{"line":22,"column":2},"end":{"line":24,"column":3}}]}},"s":{"0":0,"1":0,"2":0,"3":0,"4":0,"5":0,"6":0,"7":0,"8":0,"9":0,"10":0,"11":0,"12":0,"13":0,"14":0,"15":0,"16":0},"f":{"0":0,"1":0},"b":{"0":[0],"1":[0]}}
,"C:\\Users\\athit\\Demo Projects\\1-stayease-booking-app\\src\\app\\core\\interceptors\\auth.interceptor.ts": {"path":"C:\\Users\\athit\\Demo Projects\\1-stayease-booking-app\\src\\app\\core\\interceptors\\auth.interceptor.ts","statementMap":{"0":{"start":{"line":1,"column":0},"end":{"line":1,"column":null}},"1":{"start":{"line":7,"column":0},"end":{"line":7,"column":39}},"2":{"start":{"line":8,"column":0},"end":{"line":8,"column":41}},"3":{"start":{"line":9,"column":0},"end":{"line":9,"column":57}},"4":{"start":{"line":10,"column":0},"end":{"line":10,"column":55}},"5":{"start":{"line":11,"column":0},"end":{"line":11,"column":64}},"6":{"start":{"line":13,"column":50},"end":{"line":46,"column":1}},"7":{"start":{"line":17,"column":22},"end":{"line":17,"column":41}},"8":{"start":{"line":18,"column":17},"end":{"line":18,"column":31}},"9":{"start":{"line":20,"column":2},"end":{"line":22,"column":3}},"10":{"start":{"line":21,"column":4},"end":{"line":21,"column":21}},"11":{"start":{"line":24,"column":16},"end":{"line":24,"column":44}},"12":{"start":{"line":25,"column":20},"end":{"line":25,"column":60}},"13":{"start":{"line":27,"column":2},"end":{"line":45,"column":4}},"14":{"start":{"line":29,"column":6},"end":{"line":42,"column":7}},"15":{"start":{"line":34,"column":8},"end":{"line":41,"column":10}},"16":{"start":{"line":35,"column":27},"end":{"line":35,"column":70}},"17":{"start":{"line":37,"column":12},"end":{"line":37,"column":33}},"18":{"start":{"line":38,"column":12},"end":{"line":38,"column":45}},"19":{"start":{"line":39,"column":12},"end":{"line":39,"column":48}},"20":{"start":{"line":39,"column":36},"end":{"line":39,"column":46}},"21":{"start":{"line":43,"column":6},"end":{"line":43,"column":35}},"22":{"start":{"line":43,"column":30},"end":{"line":43,"column":33}},"23":{"start":{"line":13,"column":13},"end":{"line":13,"column":50}},"24":{"start":{"line":52,"column":2},"end":{"line":52,"column":73}}},"fnMap":{"0":{"name":"(anonymous_0)","decl":{"start":{"line":13,"column":50},"end":{"line":13,"column":null}},"loc":{"start":{"line":16,"column":4},"end":{"line":46,"column":1}}},"1":{"name":"(anonymous_1)","decl":{"start":{"line":28,"column":15},"end":{"line":28,"column":16}},"loc":{"start":{"line":28,"column":32},"end":{"line":44,"column":5}}},"2":{"name":"(anonymous_2)","decl":{"start":{"line":35,"column":20},"end":{"line":35,"column":23}},"loc":{"start":{"line":35,"column":27},"end":{"line":35,"column":70}}},"3":{"name":"(anonymous_3)","decl":{"start":{"line":36,"column":21},"end":{"line":36,"column":31}},"loc":{"start":{"line":36,"column":34},"end":{"line":40,"column":11}}},"4":{"name":"(anonymous_4)","decl":{"start":{"line":39,"column":30},"end":{"line":39,"column":33}},"loc":{"start":{"line":39,"column":36},"end":{"line":39,"column":46}}},"5":{"name":"(anonymous_5)","decl":{"start":{"line":43,"column":24},"end":{"line":43,"column":27}},"loc":{"start":{"line":43,"column":30},"end":{"line":43,"column":33}}},"6":{"name":"addBearerToken","decl":{"start":{"line":48,"column":9},"end":{"line":48,"column":23}},"loc":{"start":{"line":50,"column":15},"end":{"line":53,"column":1}}}},"branchMap":{"0":{"loc":{"start":{"line":20,"column":2},"end":{"line":22,"column":3}},"type":"if","locations":[{"start":{"line":20,"column":2},"end":{"line":22,"column":3}}]},"1":{"loc":{"start":{"line":25,"column":20},"end":{"line":25,"column":60}},"type":"cond-expr","locations":[{"start":{"line":25,"column":28},"end":{"line":25,"column":54}},{"start":{"line":25,"column":57},"end":{"line":25,"column":60}}]},"2":{"loc":{"start":{"line":29,"column":6},"end":{"line":42,"column":7}},"type":"if","locations":[{"start":{"line":29,"column":6},"end":{"line":42,"column":7}}]},"3":{"loc":{"start":{"line":30,"column":8},"end":{"line":32,"column":37}},"type":"binary-expr","locations":[{"start":{"line":30,"column":8},"end":{"line":30,"column":40}},{"start":{"line":31,"column":8},"end":{"line":31,"column":26}},{"start":{"line":32,"column":8},"end":{"line":32,"column":37}}]}},"s":{"0":0,"1":0,"2":0,"3":0,"4":0,"5":0,"6":0,"7":0,"8":0,"9":0,"10":0,"11":0,"12":0,"13":0,"14":0,"15":0,"16":0,"17":0,"18":0,"19":0,"20":0,"21":0,"22":0,"23":0,"24":0},"f":{"0":0,"1":0,"2":0,"3":0,"4":0,"5":0,"6":0},"b":{"0":[0],"1":[0,0],"2":[0],"3":[0,0,0]}}
,"C:\\Users\\athit\\Demo Projects\\1-stayease-booking-app\\src\\app\\core\\services\\auth.service.ts": {"path":"C:\\Users\\athit\\Demo Projects\\1-stayease-booking-app\\src\\app\\core\\services\\auth.service.ts","statementMap":{"0":{"start":{"line":1,"column":0},"end":{"line":1,"column":51}},"1":{"start":{"line":2,"column":0},"end":{"line":2,"column":50}},"2":{"start":{"line":3,"column":0},"end":{"line":3,"column":41}},"3":{"start":{"line":4,"column":0},"end":{"line":4,"column":56}},"4":{"start":{"line":5,"column":0},"end":{"line":5,"column":64}},"5":{"start":{"line":19,"column":25},"end":{"line":19,"column":42}},"6":{"start":{"line":20,"column":26},"end":{"line":20,"column":44}},"7":{"start":{"line":21,"column":17},"end":{"line":21,"column":26}},"8":{"start":{"line":24,"column":7},"end":{"line":133,"column":null}},"9":{"start":{"line":25,"column":10},"end":{"line":25,"column":36}},"10":{"start":{"line":26,"column":10},"end":{"line":26,"column":34}},"11":{"start":{"line":27,"column":10},"end":{"line":27,"column":46}},"12":{"start":{"line":29,"column":10},"end":{"line":31,"column":4}},"13":{"start":{"line":33,"column":2},"end":{"line":33,"column":56}},"14":{"start":{"line":36,"column":4},"end":{"line":36,"column":41}},"15":{"start":{"line":40,"column":4},"end":{"line":40,"column":43}},"16":{"start":{"line":44,"column":4},"end":{"line":44,"column":60}},"17":{"start":{"line":48,"column":4},"end":{"line":48,"column":50}},"18":{"start":{"line":52,"column":4},"end":{"line":52,"column":51}},"19":{"start":{"line":56,"column":4},"end":{"line":58,"column":6}},"20":{"start":{"line":57,"column":17},"end":{"line":57,"column":41}},"21":{"start":{"line":62,"column":4},"end":{"line":64,"column":6}},"22":{"start":{"line":63,"column":17},"end":{"line":63,"column":41}},"23":{"start":{"line":68,"column":4},"end":{"line":70,"column":6}},"24":{"start":{"line":69,"column":17},"end":{"line":69,"column":41}},"25":{"start":{"line":74,"column":26},"end":{"line":74,"column":48}},"26":{"start":{"line":75,"column":4},"end":{"line":77,"column":50}},"27":{"start":{"line":77,"column":23},"end":{"line":77,"column":47}},"28":{"start":{"line":81,"column":4},"end":{"line":86,"column":6}},"29":{"start":{"line":83,"column":8},"end":{"line":83,"column":43}},"30":{"start":{"line":84,"column":8},"end":{"line":84,"column":61}},"31":{"start":{"line":90,"column":4},"end":{"line":95,"column":6}},"32":{"start":{"line":92,"column":8},"end":{"line":92,"column":43}},"33":{"start":{"line":93,"column":8},"end":{"line":93,"column":61}},"34":{"start":{"line":99,"column":4},"end":{"line":99,"column":84}},"35":{"start":{"line":103,"column":4},"end":{"line":103,"column":84}},"36":{"start":{"line":107,"column":4},"end":{"line":107,"column":83}},"37":{"start":{"line":111,"column":4},"end":{"line":111,"column":46}},"38":{"start":{"line":112,"column":4},"end":{"line":112,"column":47}},"39":{"start":{"line":113,"column":4},"end":{"line":113,"column":38}},"40":{"start":{"line":114,"column":4},"end":{"line":114,"column":39}},"41":{"start":{"line":115,"column":4},"end":{"line":115,"column":32}},"42":{"start":{"line":119,"column":4},"end":{"line":119,"column":61}},"43":{"start":{"line":120,"column":4},"end":{"line":120,"column":63}},"44":{"start":{"line":121,"column":4},"end":{"line":121,"column":61}},"45":{"start":{"line":122,"column":4},"end":{"line":122,"column":43}},"46":{"start":{"line":126,"column":4},"end":{"line":131,"column":5}},"47":{"start":{"line":127,"column":18},"end":{"line":127,"column":48}},"48":{"start":{"line":128,"column":6},"end":{"line":128,"column":60}},"49":{"start":{"line":130,"column":6},"end":{"line":130,"column":18}},"50":{"start":{"line":24,"column":13},"end":{"line":24,"column":24}},"51":{"start":{"line":24,"column":13},"end":{"line":133,"column":null}}},"fnMap":{"0":{"name":"(anonymous_0)","decl":{"start":{"line":24,"column":7},"end":{"line":24,"column":13}},"loc":{"start":{"line":24,"column":7},"end":{"line":133,"column":1}}},"1":{"name":"(anonymous_1)","decl":{"start":{"line":35,"column":2},"end":{"line":35,"column":6}},"loc":{"start":{"line":35,"column":17},"end":{"line":37,"column":3}}},"2":{"name":"(anonymous_2)","decl":{"start":{"line":39,"column":2},"end":{"line":39,"column":6}},"loc":{"start":{"line":39,"column":16},"end":{"line":41,"column":3}}},"3":{"name":"(anonymous_3)","decl":{"start":{"line":43,"column":2},"end":{"line":43,"column":6}},"loc":{"start":{"line":43,"column":13},"end":{"line":45,"column":3}}},"4":{"name":"(anonymous_4)","decl":{"start":{"line":47,"column":2},"end":{"line":47,"column":16}},"loc":{"start":{"line":47,"column":16},"end":{"line":49,"column":3}}},"5":{"name":"(anonymous_5)","decl":{"start":{"line":51,"column":2},"end":{"line":51,"column":17}},"loc":{"start":{"line":51,"column":17},"end":{"line":53,"column":3}}},"6":{"name":"(anonymous_6)","decl":{"start":{"line":55,"column":2},"end":{"line":55,"column":8}},"loc":{"start":{"line":55,"column":28},"end":{"line":59,"column":3}}},"7":{"name":"(anonymous_7)","decl":{"start":{"line":57,"column":10},"end":{"line":57,"column":13}},"loc":{"start":{"line":57,"column":17},"end":{"line":57,"column":41}}},"8":{"name":"(anonymous_8)","decl":{"start":{"line":61,"column":2},"end":{"line":61,"column":7}},"loc":{"start":{"line":61,"column":26},"end":{"line":65,"column":3}}},"9":{"name":"(anonymous_9)","decl":{"start":{"line":63,"column":10},"end":{"line":63,"column":13}},"loc":{"start":{"line":63,"column":17},"end":{"line":63,"column":41}}},"10":{"name":"(anonymous_10)","decl":{"start":{"line":67,"column":2},"end":{"line":67,"column":13}},"loc":{"start":{"line":67,"column":41},"end":{"line":71,"column":3}}},"11":{"name":"(anonymous_11)","decl":{"start":{"line":69,"column":10},"end":{"line":69,"column":13}},"loc":{"start":{"line":69,"column":17},"end":{"line":69,"column":41}}},"12":{"name":"(anonymous_12)","decl":{"start":{"line":73,"column":2},"end":{"line":73,"column":14}},"loc":{"start":{"line":73,"column":14},"end":{"line":78,"column":3}}},"13":{"name":"(anonymous_13)","decl":{"start":{"line":77,"column":16},"end":{"line":77,"column":19}},"loc":{"start":{"line":77,"column":23},"end":{"line":77,"column":47}}},"14":{"name":"(anonymous_14)","decl":{"start":{"line":80,"column":2},"end":{"line":80,"column":7}},"loc":{"start":{"line":80,"column":7},"end":{"line":87,"column":3}}},"15":{"name":"(anonymous_15)","decl":{"start":{"line":82,"column":10},"end":{"line":82,"column":14}},"loc":{"start":{"line":82,"column":17},"end":{"line":85,"column":7}}},"16":{"name":"(anonymous_16)","decl":{"start":{"line":89,"column":2},"end":{"line":89,"column":15}},"loc":{"start":{"line":89,"column":42},"end":{"line":96,"column":3}}},"17":{"name":"(anonymous_17)","decl":{"start":{"line":91,"column":10},"end":{"line":91,"column":14}},"loc":{"start":{"line":91,"column":17},"end":{"line":94,"column":7}}},"18":{"name":"(anonymous_18)","decl":{"start":{"line":98,"column":2},"end":{"line":98,"column":16}},"loc":{"start":{"line":98,"column":47},"end":{"line":100,"column":3}}},"19":{"name":"(anonymous_19)","decl":{"start":{"line":102,"column":2},"end":{"line":102,"column":16}},"loc":{"start":{"line":102,"column":47},"end":{"line":104,"column":3}}},"20":{"name":"(anonymous_20)","decl":{"start":{"line":106,"column":2},"end":{"line":106,"column":15}},"loc":{"start":{"line":106,"column":45},"end":{"line":108,"column":3}}},"21":{"name":"(anonymous_21)","decl":{"start":{"line":110,"column":2},"end":{"line":110,"column":8}},"loc":{"start":{"line":110,"column":8},"end":{"line":116,"column":3}}},"22":{"name":"(anonymous_22)","decl":{"start":{"line":118,"column":10},"end":{"line":118,"column":24}},"loc":{"start":{"line":118,"column":43},"end":{"line":123,"column":3}}},"23":{"name":"(anonymous_23)","decl":{"start":{"line":125,"column":10},"end":{"line":125,"column":29}},"loc":{"start":{"line":125,"column":29},"end":{"line":132,"column":3}}}},"branchMap":{"0":{"loc":{"start":{"line":44,"column":11},"end":{"line":44,"column":59}},"type":"binary-expr","locations":[{"start":{"line":44,"column":11},"end":{"line":44,"column":50}},{"start":{"line":44,"column":54},"end":{"line":44,"column":59}}]},"1":{"loc":{"start":{"line":128,"column":13},"end":{"line":128,"column":59}},"type":"cond-expr","locations":[{"start":{"line":128,"column":20},"end":{"line":128,"column":52}},{"start":{"line":128,"column":55},"end":{"line":128,"column":59}}]}},"s":{"0":1,"1":1,"2":1,"3":1,"4":1,"5":1,"6":1,"7":1,"8":1,"9":0,"10":0,"11":0,"12":0,"13":0,"14":0,"15":0,"16":0,"17":0,"18":0,"19":0,"20":0,"21":0,"22":0,"23":0,"24":0,"25":0,"26":0,"27":0,"28":0,"29":0,"30":0,"31":0,"32":0,"33":0,"34":0,"35":0,"36":0,"37":0,"38":0,"39":0,"40":0,"41":0,"42":0,"43":0,"44":0,"45":0,"46":0,"47":0,"48":0,"49":0,"50":1,"51":1},"f":{"0":0,"1":0,"2":0,"3":0,"4":0,"5":0,"6":0,"7":0,"8":0,"9":0,"10":0,"11":0,"12":0,"13":0,"14":0,"15":0,"16":0,"17":0,"18":0,"19":0,"20":0,"21":0,"22":0,"23":0},"b":{"0":[0,0],"1":[0,0]}}
,"C:\\Users\\athit\\Demo Projects\\1-stayease-booking-app\\src\\app\\core\\services\\booking.service.ts": {"path":"C:\\Users\\athit\\Demo Projects\\1-stayease-booking-app\\src\\app\\core\\services\\booking.service.ts","statementMap":{"0":{"start":{"line":1,"column":0},"end":{"line":1,"column":51}},"1":{"start":{"line":2,"column":0},"end":{"line":2,"column":62}},"2":{"start":{"line":3,"column":0},"end":{"line":3,"column":55}},"3":{"start":{"line":4,"column":0},"end":{"line":4,"column":44}},"4":{"start":{"line":5,"column":0},"end":{"line":5,"column":64}},"5":{"start":{"line":23,"column":7},"end":{"line":117,"column":null}},"6":{"start":{"line":24,"column":10},"end":{"line":24,"column":36}},"7":{"start":{"line":25,"column":10},"end":{"line":25,"column":50}},"8":{"start":{"line":28,"column":10},"end":{"line":28,"column":76}},"9":{"start":{"line":29,"column":2},"end":{"line":29,"column":55}},"10":{"start":{"line":32,"column":4},"end":{"line":32,"column":37}},"11":{"start":{"line":34,"column":4},"end":{"line":34,"column":68}},"12":{"start":{"line":38,"column":19},"end":{"line":38,"column":59}},"13":{"start":{"line":39,"column":4},"end":{"line":43,"column":5}},"14":{"start":{"line":40,"column":20},"end":{"line":40,"column":55}},"15":{"start":{"line":41,"column":6},"end":{"line":41,"column":39}},"16":{"start":{"line":42,"column":6},"end":{"line":42,"column":19}},"17":{"start":{"line":44,"column":4},"end":{"line":44,"column":38}},"18":{"start":{"line":48,"column":4},"end":{"line":48,"column":52}},"19":{"start":{"line":52,"column":4},"end":{"line":52,"column":61}},"20":{"start":{"line":56,"column":4},"end":{"line":58,"column":7}},"21":{"start":{"line":62,"column":4},"end":{"line":62,"column":69}},"22":{"start":{"line":66,"column":4},"end":{"line":66,"column":87}},"23":{"start":{"line":78,"column":19},"end":{"line":80,"column":29}},"24":{"start":{"line":81,"column":4},"end":{"line":84,"column":6}},"25":{"start":{"line":97,"column":19},"end":{"line":101,"column":26}},"26":{"start":{"line":102,"column":4},"end":{"line":104,"column":40}},"27":{"start":{"line":104,"column":29},"end":{"line":104,"column":37}},"28":{"start":{"line":112,"column":4},"end":{"line":115,"column":6}},"29":{"start":{"line":23,"column":13},"end":{"line":23,"column":27}},"30":{"start":{"line":23,"column":13},"end":{"line":117,"column":null}}},"fnMap":{"0":{"name":"(anonymous_0)","decl":{"start":{"line":23,"column":7},"end":{"line":23,"column":13}},"loc":{"start":{"line":23,"column":7},"end":{"line":117,"column":1}}},"1":{"name":"(anonymous_1)","decl":{"start":{"line":31,"column":2},"end":{"line":31,"column":18}},"loc":{"start":{"line":31,"column":39},"end":{"line":35,"column":3}}},"2":{"name":"(anonymous_2)","decl":{"start":{"line":37,"column":2},"end":{"line":37,"column":18}},"loc":{"start":{"line":37,"column":18},"end":{"line":45,"column":3}}},"3":{"name":"(anonymous_3)","decl":{"start":{"line":47,"column":2},"end":{"line":47,"column":15}},"loc":{"start":{"line":47,"column":42},"end":{"line":49,"column":3}}},"4":{"name":"(anonymous_4)","decl":{"start":{"line":51,"column":2},"end":{"line":51,"column":17}},"loc":{"start":{"line":51,"column":29},"end":{"line":53,"column":3}}},"5":{"name":"(anonymous_5)","decl":{"start":{"line":55,"column":2},"end":{"line":55,"column":19}},"loc":{"start":{"line":55,"column":33},"end":{"line":59,"column":3}}},"6":{"name":"(anonymous_6)","decl":{"start":{"line":61,"column":2},"end":{"line":61,"column":15}},"loc":{"start":{"line":61,"column":26},"end":{"line":63,"column":3}}},"7":{"name":"(anonymous_7)","decl":{"start":{"line":65,"column":2},"end":{"line":65,"column":15}},"loc":{"start":{"line":65,"column":15},"end":{"line":67,"column":3}}},"8":{"name":"(anonymous_8)","decl":{"start":{"line":73,"column":2},"end":{"line":73,"column":21}},"loc":{"start":{"line":76,"column":18},"end":{"line":85,"column":3}}},"9":{"name":"(anonymous_9)","decl":{"start":{"line":91,"column":2},"end":{"line":91,"column":22}},"loc":{"start":{"line":95,"column":17},"end":{"line":105,"column":3}}},"10":{"name":"(anonymous_10)","decl":{"start":{"line":104,"column":23},"end":{"line":104,"column":26}},"loc":{"start":{"line":104,"column":29},"end":{"line":104,"column":37}}},"11":{"name":"(anonymous_11)","decl":{"start":{"line":111,"column":2},"end":{"line":111,"column":12}},"loc":{"start":{"line":111,"column":45},"end":{"line":116,"column":3}}}},"branchMap":{"0":{"loc":{"start":{"line":39,"column":4},"end":{"line":43,"column":5}},"type":"if","locations":[{"start":{"line":39,"column":4},"end":{"line":43,"column":5}}]}},"s":{"0":0,"1":0,"2":0,"3":0,"4":0,"5":0,"6":0,"7":0,"8":0,"9":0,"10":0,"11":0,"12":0,"13":0,"14":0,"15":0,"16":0,"17":0,"18":0,"19":0,"20":0,"21":0,"22":0,"23":0,"24":0,"25":0,"26":0,"27":0,"28":0,"29":0,"30":0},"f":{"0":0,"1":0,"2":0,"3":0,"4":0,"5":0,"6":0,"7":0,"8":0,"9":0,"10":0,"11":0},"b":{"0":[0]}}
,"C:\\Users\\athit\\Demo Projects\\1-stayease-booking-app\\src\\app\\core\\services\\review.service.ts": {"path":"C:\\Users\\athit\\Demo Projects\\1-stayease-booking-app\\src\\app\\core\\services\\review.service.ts","statementMap":{"0":{"start":{"line":1,"column":0},"end":{"line":1,"column":51}},"1":{"start":{"line":2,"column":0},"end":{"line":2,"column":62}},"2":{"start":{"line":4,"column":0},"end":{"line":4,"column":64}},"3":{"start":{"line":13,"column":7},"end":{"line":39,"column":null}},"4":{"start":{"line":14,"column":10},"end":{"line":14,"column":36}},"5":{"start":{"line":15,"column":10},"end":{"line":15,"column":49}},"6":{"start":{"line":22,"column":19},"end":{"line":24,"column":31}},"7":{"start":{"line":25,"column":4},"end":{"line":25,"column":89}},"8":{"start":{"line":29,"column":4},"end":{"line":29,"column":62}},"9":{"start":{"line":33,"column":4},"end":{"line":33,"column":90}},"10":{"start":{"line":37,"column":4},"end":{"line":37,"column":62}},"11":{"start":{"line":13,"column":13},"end":{"line":13,"column":26}},"12":{"start":{"line":13,"column":13},"end":{"line":39,"column":null}}},"fnMap":{"0":{"name":"(anonymous_0)","decl":{"start":{"line":13,"column":7},"end":{"line":13,"column":13}},"loc":{"start":{"line":13,"column":7},"end":{"line":39,"column":1}}},"1":{"name":"(anonymous_1)","decl":{"start":{"line":17,"column":2},"end":{"line":17,"column":16}},"loc":{"start":{"line":20,"column":16},"end":{"line":26,"column":3}}},"2":{"name":"(anonymous_2)","decl":{"start":{"line":28,"column":2},"end":{"line":28,"column":14}},"loc":{"start":{"line":28,"column":36},"end":{"line":30,"column":3}}},"3":{"name":"(anonymous_3)","decl":{"start":{"line":32,"column":2},"end":{"line":32,"column":11}},"loc":{"start":{"line":32,"column":55},"end":{"line":34,"column":3}}},"4":{"name":"(anonymous_4)","decl":{"start":{"line":36,"column":2},"end":{"line":36,"column":14}},"loc":{"start":{"line":36,"column":31},"end":{"line":38,"column":3}}}},"branchMap":{"0":{"loc":{"start":{"line":19,"column":4},"end":{"line":19,"column":12}},"type":"default-arg","locations":[{"start":{"line":19,"column":11},"end":{"line":19,"column":12}}]},"1":{"loc":{"start":{"line":20,"column":4},"end":{"line":20,"column":16}},"type":"default-arg","locations":[{"start":{"line":20,"column":14},"end":{"line":20,"column":16}}]}},"s":{"0":0,"1":0,"2":0,"3":0,"4":0,"5":0,"6":0,"7":0,"8":0,"9":0,"10":0,"11":0,"12":0},"f":{"0":0,"1":0,"2":0,"3":0,"4":0},"b":{"0":[0],"1":[0]}}
,"C:\\Users\\athit\\Demo Projects\\1-stayease-booking-app\\src\\app\\core\\services\\room.service.ts": {"path":"C:\\Users\\athit\\Demo Projects\\1-stayease-booking-app\\src\\app\\core\\services\\room.service.ts","statementMap":{"0":{"start":{"line":1,"column":0},"end":{"line":1,"column":51}},"1":{"start":{"line":2,"column":0},"end":{"line":2,"column":62}},"2":{"start":{"line":4,"column":0},"end":{"line":4,"column":64}},"3":{"start":{"line":8,"column":7},"end":{"line":33,"column":null}},"4":{"start":{"line":9,"column":10},"end":{"line":9,"column":36}},"5":{"start":{"line":10,"column":10},"end":{"line":10,"column":47}},"6":{"start":{"line":13,"column":21},"end":{"line":13,"column":37}},"7":{"start":{"line":14,"column":4},"end":{"line":20,"column":5}},"8":{"start":{"line":15,"column":6},"end":{"line":19,"column":9}},"9":{"start":{"line":16,"column":8},"end":{"line":18,"column":9}},"10":{"start":{"line":17,"column":10},"end":{"line":17,"column":52}},"11":{"start":{"line":21,"column":4},"end":{"line":21,"column":78}},"12":{"start":{"line":25,"column":4},"end":{"line":27,"column":7}},"13":{"start":{"line":31,"column":4},"end":{"line":31,"column":53}},"14":{"start":{"line":8,"column":13},"end":{"line":8,"column":24}},"15":{"start":{"line":8,"column":13},"end":{"line":33,"column":null}}},"fnMap":{"0":{"name":"(anonymous_0)","decl":{"start":{"line":8,"column":7},"end":{"line":8,"column":13}},"loc":{"start":{"line":8,"column":7},"end":{"line":33,"column":1}}},"1":{"name":"(anonymous_1)","decl":{"start":{"line":12,"column":2},"end":{"line":12,"column":10}},"loc":{"start":{"line":12,"column":36},"end":{"line":22,"column":3}}},"2":{"name":"(anonymous_2)","decl":{"start":{"line":15,"column":37},"end":{"line":15,"column":38}},"loc":{"start":{"line":15,"column":48},"end":{"line":19,"column":7}}},"3":{"name":"(anonymous_3)","decl":{"start":{"line":24,"column":2},"end":{"line":24,"column":18}},"loc":{"start":{"line":24,"column":28},"end":{"line":28,"column":3}}},"4":{"name":"(anonymous_4)","decl":{"start":{"line":30,"column":2},"end":{"line":30,"column":9}},"loc":{"start":{"line":30,"column":20},"end":{"line":32,"column":3}}}},"branchMap":{"0":{"loc":{"start":{"line":14,"column":4},"end":{"line":20,"column":5}},"type":"if","locations":[{"start":{"line":14,"column":4},"end":{"line":20,"column":5}}]},"1":{"loc":{"start":{"line":16,"column":8},"end":{"line":18,"column":9}},"type":"if","locations":[{"start":{"line":16,"column":8},"end":{"line":18,"column":9}}]},"2":{"loc":{"start":{"line":16,"column":12},"end":{"line":16,"column":53}},"type":"binary-expr","locations":[{"start":{"line":16,"column":12},"end":{"line":16,"column":27}},{"start":{"line":16,"column":31},"end":{"line":16,"column":41}},{"start":{"line":16,"column":45},"end":{"line":16,"column":53}}]},"3":{"loc":{"start":{"line":24,"column":19},"end":{"line":24,"column":28}},"type":"default-arg","locations":[{"start":{"line":24,"column":27},"end":{"line":24,"column":28}}]}},"s":{"0":0,"1":0,"2":0,"3":0,"4":0,"5":0,"6":0,"7":0,"8":0,"9":0,"10":0,"11":0,"12":0,"13":0,"14":0,"15":0},"f":{"0":0,"1":0,"2":0,"3":0,"4":0},"b":{"0":[0],"1":[0],"2":[0,0,0],"3":[0]}}
,"C:\\Users\\athit\\Demo Projects\\1-stayease-booking-app\\src\\app\\core\\services\\wishlist.service.ts": {"path":"C:\\Users\\athit\\Demo Projects\\1-stayease-booking-app\\src\\app\\core\\services\\wishlist.service.ts","statementMap":{"0":{"start":{"line":1,"column":0},"end":{"line":1,"column":59}},"1":{"start":{"line":2,"column":0},"end":{"line":2,"column":50}},"2":{"start":{"line":3,"column":0},"end":{"line":3,"column":39}},"3":{"start":{"line":4,"column":0},"end":{"line":4,"column":64}},"4":{"start":{"line":12,"column":7},"end":{"line":58,"column":null}},"5":{"start":{"line":13,"column":10},"end":{"line":13,"column":36}},"6":{"start":{"line":14,"column":10},"end":{"line":14,"column":50}},"7":{"start":{"line":17,"column":2},"end":{"line":17,"column":48}},"8":{"start":{"line":20,"column":4},"end":{"line":22,"column":6}},"9":{"start":{"line":21,"column":17},"end":{"line":21,"column":61}},"10":{"start":{"line":26,"column":4},"end":{"line":26,"column":54}},"11":{"start":{"line":30,"column":4},"end":{"line":42,"column":8}},"12":{"start":{"line":34,"column":26},"end":{"line":34,"column":54}},"13":{"start":{"line":35,"column":10},"end":{"line":39,"column":11}},"14":{"start":{"line":36,"column":12},"end":{"line":36,"column":32}},"15":{"start":{"line":38,"column":12},"end":{"line":38,"column":35}},"16":{"start":{"line":40,"column":10},"end":{"line":40,"column":41}},"17":{"start":{"line":46,"column":4},"end":{"line":52,"column":6}},"18":{"start":{"line":48,"column":24},"end":{"line":48,"column":52}},"19":{"start":{"line":49,"column":8},"end":{"line":49,"column":31}},"20":{"start":{"line":50,"column":8},"end":{"line":50,"column":39}},"21":{"start":{"line":56,"column":4},"end":{"line":56,"column":43}},"22":{"start":{"line":12,"column":13},"end":{"line":12,"column":28}},"23":{"start":{"line":12,"column":13},"end":{"line":58,"column":null}}},"fnMap":{"0":{"name":"(anonymous_0)","decl":{"start":{"line":12,"column":7},"end":{"line":12,"column":13}},"loc":{"start":{"line":12,"column":7},"end":{"line":58,"column":1}}},"1":{"name":"(anonymous_1)","decl":{"start":{"line":19,"column":2},"end":{"line":19,"column":12}},"loc":{"start":{"line":19,"column":12},"end":{"line":23,"column":3}}},"2":{"name":"(anonymous_2)","decl":{"start":{"line":21,"column":10},"end":{"line":21,"column":13}},"loc":{"start":{"line":21,"column":17},"end":{"line":21,"column":61}}},"3":{"name":"(anonymous_3)","decl":{"start":{"line":25,"column":2},"end":{"line":25,"column":13}},"loc":{"start":{"line":25,"column":13},"end":{"line":27,"column":3}}},"4":{"name":"(anonymous_4)","decl":{"start":{"line":29,"column":2},"end":{"line":29,"column":8}},"loc":{"start":{"line":29,"column":23},"end":{"line":43,"column":3}}},"5":{"name":"(anonymous_5)","decl":{"start":{"line":33,"column":12},"end":{"line":33,"column":15}},"loc":{"start":{"line":33,"column":18},"end":{"line":41,"column":9}}},"6":{"name":"(anonymous_6)","decl":{"start":{"line":45,"column":2},"end":{"line":45,"column":8}},"loc":{"start":{"line":45,"column":23},"end":{"line":53,"column":3}}},"7":{"name":"(anonymous_7)","decl":{"start":{"line":47,"column":10},"end":{"line":47,"column":13}},"loc":{"start":{"line":47,"column":15},"end":{"line":51,"column":7}}},"8":{"name":"(anonymous_8)","decl":{"start":{"line":55,"column":2},"end":{"line":55,"column":9}},"loc":{"start":{"line":55,"column":24},"end":{"line":57,"column":3}}}},"branchMap":{"0":{"loc":{"start":{"line":35,"column":10},"end":{"line":39,"column":11}},"type":"if","locations":[{"start":{"line":35,"column":10},"end":{"line":39,"column":11}},{"start":{"line":37,"column":17},"end":{"line":39,"column":11}}]}},"s":{"0":1,"1":1,"2":1,"3":1,"4":1,"5":0,"6":0,"7":0,"8":0,"9":0,"10":0,"11":0,"12":0,"13":0,"14":0,"15":0,"16":0,"17":0,"18":0,"19":0,"20":0,"21":0,"22":1,"23":1},"f":{"0":0,"1":0,"2":0,"3":0,"4":0,"5":0,"6":0,"7":0,"8":0},"b":{"0":[0,0]}}
,"C:\\Users\\athit\\Demo Projects\\1-stayease-booking-app\\src\\app\\features\\auth\\forgot-password\\forgot-password.component.ts": {"path":"C:\\Users\\athit\\Demo Projects\\1-stayease-booking-app\\src\\app\\features\\auth\\forgot-password\\forgot-password.component.ts","statementMap":{"0":{"start":{"line":1,"column":0},"end":{"line":1,"column":58}},"1":{"start":{"line":2,"column":0},"end":{"line":2,"column":78}},"2":{"start":{"line":3,"column":0},"end":{"line":3,"column":45}},"3":{"start":{"line":4,"column":0},"end":{"line":4,"column":47}},"4":{"start":{"line":5,"column":0},"end":{"line":5,"column":66}},"5":{"start":{"line":166,"column":7},"end":{"line":200,"column":null}},"6":{"start":{"line":167,"column":10},"end":{"line":167,"column":35}},"7":{"start":{"line":168,"column":10},"end":{"line":168,"column":44}},"8":{"start":{"line":170,"column":2},"end":{"line":170,"column":26}},"9":{"start":{"line":171,"column":2},"end":{"line":171,"column":28}},"10":{"start":{"line":172,"column":2},"end":{"line":172,"column":24}},"11":{"start":{"line":174,"column":2},"end":{"line":176,"column":5}},"12":{"start":{"line":179,"column":17},"end":{"line":179,"column":39}},"13":{"start":{"line":180,"column":4},"end":{"line":180,"column":45}},"14":{"start":{"line":184,"column":4},"end":{"line":184,"column":33}},"15":{"start":{"line":185,"column":4},"end":{"line":185,"column":52}},"16":{"start":{"line":185,"column":45},"end":{"line":185,"column":52}},"17":{"start":{"line":187,"column":4},"end":{"line":187,"column":27}},"18":{"start":{"line":188,"column":4},"end":{"line":188,"column":26}},"19":{"start":{"line":190,"column":4},"end":{"line":198,"column":9}},"20":{"start":{"line":193,"column":20},"end":{"line":193,"column":44}},"21":{"start":{"line":195,"column":10},"end":{"line":195,"column":86}},"22":{"start":{"line":196,"column":10},"end":{"line":196,"column":34}},"23":{"start":{"line":166,"column":13},"end":{"line":166,"column":36}},"24":{"start":{"line":166,"column":13},"end":{"line":200,"column":null}}},"fnMap":{"0":{"name":"(anonymous_0)","decl":{"start":{"line":166,"column":7},"end":{"line":166,"column":13}},"loc":{"start":{"line":166,"column":7},"end":{"line":200,"column":1}}},"1":{"name":"(anonymous_1)","decl":{"start":{"line":178,"column":2},"end":{"line":178,"column":16}},"loc":{"start":{"line":178,"column":16},"end":{"line":181,"column":3}}},"2":{"name":"(anonymous_2)","decl":{"start":{"line":183,"column":2},"end":{"line":183,"column":10}},"loc":{"start":{"line":183,"column":10},"end":{"line":199,"column":3}}},"3":{"name":"(anonymous_3)","decl":{"start":{"line":193,"column":14},"end":{"line":193,"column":17}},"loc":{"start":{"line":193,"column":20},"end":{"line":193,"column":44}}},"4":{"name":"(anonymous_4)","decl":{"start":{"line":194,"column":15},"end":{"line":194,"column":16}},"loc":{"start":{"line":194,"column":42},"end":{"line":197,"column":9}}}},"branchMap":{"0":{"loc":{"start":{"line":180,"column":14},"end":{"line":180,"column":43}},"type":"binary-expr","locations":[{"start":{"line":180,"column":14},"end":{"line":180,"column":27}},{"start":{"line":180,"column":31},"end":{"line":180,"column":43}}]},"1":{"loc":{"start":{"line":185,"column":4},"end":{"line":185,"column":52}},"type":"if","locations":[{"start":{"line":185,"column":4},"end":{"line":185,"column":52}}]},"2":{"loc":{"start":{"line":185,"column":8},"end":{"line":185,"column":43}},"type":"binary-expr","locations":[{"start":{"line":185,"column":8},"end":{"line":185,"column":25}},{"start":{"line":185,"column":29},"end":{"line":185,"column":43}}]},"3":{"loc":{"start":{"line":195,"column":28},"end":{"line":195,"column":84}},"type":"binary-expr","locations":[{"start":{"line":195,"column":28},"end":{"line":195,"column":45}},{"start":{"line":195,"column":49},"end":{"line":195,"column":84}}]}},"s":{"0":0,"1":0,"2":0,"3":0,"4":0,"5":0,"6":0,"7":0,"8":0,"9":0,"10":0,"11":0,"12":0,"13":0,"14":0,"15":0,"16":0,"17":0,"18":0,"19":0,"20":0,"21":0,"22":0,"23":0,"24":0},"f":{"0":0,"1":0,"2":0,"3":0,"4":0},"b":{"0":[0,0],"1":[0],"2":[0,0],"3":[0,0]}}
,"C:\\Users\\athit\\Demo Projects\\1-stayease-booking-app\\src\\app\\features\\auth\\login\\login.component.ts": {"path":"C:\\Users\\athit\\Demo Projects\\1-stayease-booking-app\\src\\app\\features\\auth\\login\\login.component.ts","statementMap":{"0":{"start":{"line":1,"column":0},"end":{"line":1,"column":58}},"1":{"start":{"line":2,"column":0},"end":{"line":2,"column":78}},"2":{"start":{"line":3,"column":0},"end":{"line":3,"column":69}},"3":{"start":{"line":4,"column":0},"end":{"line":4,"column":47}},"4":{"start":{"line":5,"column":0},"end":{"line":5,"column":66}},"5":{"start":{"line":202,"column":7},"end":{"line":242,"column":null}},"6":{"start":{"line":203,"column":10},"end":{"line":203,"column":35}},"7":{"start":{"line":204,"column":10},"end":{"line":204,"column":44}},"8":{"start":{"line":205,"column":10},"end":{"line":205,"column":34}},"9":{"start":{"line":206,"column":10},"end":{"line":206,"column":41}},"10":{"start":{"line":208,"column":2},"end":{"line":208,"column":26}},"11":{"start":{"line":209,"column":2},"end":{"line":209,"column":24}},"12":{"start":{"line":210,"column":2},"end":{"line":210,"column":31}},"13":{"start":{"line":212,"column":2},"end":{"line":215,"column":5}},"14":{"start":{"line":217,"column":27},"end":{"line":217,"column":61}},"15":{"start":{"line":217,"column":57},"end":{"line":217,"column":59}},"16":{"start":{"line":220,"column":17},"end":{"line":220,"column":37}},"17":{"start":{"line":221,"column":4},"end":{"line":221,"column":45}},"18":{"start":{"line":225,"column":4},"end":{"line":225,"column":33}},"19":{"start":{"line":226,"column":4},"end":{"line":226,"column":52}},"20":{"start":{"line":226,"column":45},"end":{"line":226,"column":52}},"21":{"start":{"line":228,"column":4},"end":{"line":228,"column":27}},"22":{"start":{"line":229,"column":4},"end":{"line":229,"column":26}},"23":{"start":{"line":231,"column":4},"end":{"line":240,"column":7}},"24":{"start":{"line":233,"column":26},"end":{"line":233,"column":83}},"25":{"start":{"line":234,"column":8},"end":{"line":234,"column":45}},"26":{"start":{"line":237,"column":8},"end":{"line":237,"column":82}},"27":{"start":{"line":238,"column":8},"end":{"line":238,"column":32}},"28":{"start":{"line":202,"column":13},"end":{"line":202,"column":27}},"29":{"start":{"line":202,"column":13},"end":{"line":242,"column":null}}},"fnMap":{"0":{"name":"(anonymous_0)","decl":{"start":{"line":202,"column":7},"end":{"line":202,"column":13}},"loc":{"start":{"line":202,"column":7},"end":{"line":242,"column":1}}},"1":{"name":"(anonymous_1)","decl":{"start":{"line":217,"column":2},"end":{"line":217,"column":16}},"loc":{"start":{"line":217,"column":16},"end":{"line":217,"column":63}}},"2":{"name":"(anonymous_2)","decl":{"start":{"line":217,"column":52},"end":{"line":217,"column":53}},"loc":{"start":{"line":217,"column":57},"end":{"line":217,"column":59}}},"3":{"name":"(anonymous_3)","decl":{"start":{"line":219,"column":2},"end":{"line":219,"column":16}},"loc":{"start":{"line":219,"column":44},"end":{"line":222,"column":3}}},"4":{"name":"(anonymous_4)","decl":{"start":{"line":224,"column":2},"end":{"line":224,"column":10}},"loc":{"start":{"line":224,"column":10},"end":{"line":241,"column":3}}},"5":{"name":"(anonymous_5)","decl":{"start":{"line":232,"column":12},"end":{"line":232,"column":15}},"loc":{"start":{"line":232,"column":17},"end":{"line":235,"column":7}}},"6":{"name":"(anonymous_6)","decl":{"start":{"line":236,"column":13},"end":{"line":236,"column":14}},"loc":{"start":{"line":236,"column":40},"end":{"line":239,"column":7}}}},"branchMap":{"0":{"loc":{"start":{"line":221,"column":14},"end":{"line":221,"column":43}},"type":"binary-expr","locations":[{"start":{"line":221,"column":14},"end":{"line":221,"column":27}},{"start":{"line":221,"column":31},"end":{"line":221,"column":43}}]},"1":{"loc":{"start":{"line":226,"column":4},"end":{"line":226,"column":52}},"type":"if","locations":[{"start":{"line":226,"column":4},"end":{"line":226,"column":52}}]},"2":{"loc":{"start":{"line":226,"column":8},"end":{"line":226,"column":43}},"type":"binary-expr","locations":[{"start":{"line":226,"column":8},"end":{"line":226,"column":25}},{"start":{"line":226,"column":29},"end":{"line":226,"column":43}}]},"3":{"loc":{"start":{"line":233,"column":26},"end":{"line":233,"column":83}},"type":"binary-expr","locations":[{"start":{"line":233,"column":26},"end":{"line":233,"column":76}},{"start":{"line":233,"column":80},"end":{"line":233,"column":83}}]},"4":{"loc":{"start":{"line":237,"column":26},"end":{"line":237,"column":80}},"type":"binary-expr","locations":[{"start":{"line":237,"column":26},"end":{"line":237,"column":43}},{"start":{"line":237,"column":47},"end":{"line":237,"column":80}}]}},"s":{"0":0,"1":0,"2":0,"3":0,"4":0,"5":0,"6":0,"7":0,"8":0,"9":0,"10":0,"11":0,"12":0,"13":0,"14":0,"15":0,"16":0,"17":0,"18":0,"19":0,"20":0,"21":0,"22":0,"23":0,"24":0,"25":0,"26":0,"27":0,"28":0,"29":0},"f":{"0":0,"1":0,"2":0,"3":0,"4":0,"5":0,"6":0},"b":{"0":[0,0],"1":[0],"2":[0,0],"3":[0,0],"4":[0,0]}}
,"C:\\Users\\athit\\Demo Projects\\1-stayease-booking-app\\src\\app\\features\\auth\\reset-password\\reset-password.component.ts": {"path":"C:\\Users\\athit\\Demo Projects\\1-stayease-booking-app\\src\\app\\features\\auth\\reset-password\\reset-password.component.ts","statementMap":{"0":{"start":{"line":1,"column":0},"end":{"line":1,"column":66}},"1":{"start":{"line":2,"column":0},"end":{"line":2,"column":null}},"2":{"start":{"line":9,"column":0},"end":{"line":9,"column":69}},"3":{"start":{"line":10,"column":0},"end":{"line":10,"column":47}},"4":{"start":{"line":11,"column":0},"end":{"line":11,"column":66}},"5":{"start":{"line":15,"column":24},"end":{"line":15,"column":40}},"6":{"start":{"line":17,"column":4},"end":{"line":20,"column":20}},"7":{"start":{"line":21,"column":2},"end":{"line":21,"column":44}},"8":{"start":{"line":25,"column":13},"end":{"line":25,"column":44}},"9":{"start":{"line":26,"column":18},"end":{"line":26,"column":52}},"10":{"start":{"line":27,"column":2},"end":{"line":27,"column":60}},"11":{"start":{"line":214,"column":7},"end":{"line":274,"column":null}},"12":{"start":{"line":215,"column":10},"end":{"line":215,"column":35}},"13":{"start":{"line":216,"column":10},"end":{"line":216,"column":44}},"14":{"start":{"line":217,"column":10},"end":{"line":217,"column":41}},"15":{"start":{"line":218,"column":10},"end":{"line":218,"column":34}},"16":{"start":{"line":220,"column":2},"end":{"line":220,"column":26}},"17":{"start":{"line":221,"column":2},"end":{"line":221,"column":26}},"18":{"start":{"line":222,"column":2},"end":{"line":222,"column":24}},"19":{"start":{"line":223,"column":2},"end":{"line":223,"column":31}},"20":{"start":{"line":224,"column":2},"end":{"line":224,"column":21}},"21":{"start":{"line":226,"column":2},"end":{"line":232,"column":4}},"22":{"start":{"line":235,"column":14},"end":{"line":235,"column":66}},"23":{"start":{"line":236,"column":4},"end":{"line":236,"column":22}},"24":{"start":{"line":239,"column":27},"end":{"line":239,"column":61}},"25":{"start":{"line":239,"column":57},"end":{"line":239,"column":59}},"26":{"start":{"line":242,"column":17},"end":{"line":242,"column":37}},"27":{"start":{"line":243,"column":4},"end":{"line":243,"column":45}},"28":{"start":{"line":247,"column":17},"end":{"line":247,"column":49}},"29":{"start":{"line":248,"column":4},"end":{"line":251,"column":6}},"30":{"start":{"line":255,"column":4},"end":{"line":255,"column":33}},"31":{"start":{"line":256,"column":4},"end":{"line":256,"column":69}},"32":{"start":{"line":256,"column":62},"end":{"line":256,"column":69}},"33":{"start":{"line":258,"column":4},"end":{"line":258,"column":27}},"34":{"start":{"line":259,"column":4},"end":{"line":259,"column":26}},"35":{"start":{"line":261,"column":4},"end":{"line":272,"column":9}},"36":{"start":{"line":267,"column":20},"end":{"line":267,"column":42}},"37":{"start":{"line":269,"column":10},"end":{"line":269,"column":93}},"38":{"start":{"line":270,"column":10},"end":{"line":270,"column":34}},"39":{"start":{"line":214,"column":13},"end":{"line":214,"column":35}},"40":{"start":{"line":214,"column":13},"end":{"line":274,"column":null}}},"fnMap":{"0":{"name":"passwordStrengthValidator","decl":{"start":{"line":14,"column":9},"end":{"line":14,"column":34}},"loc":{"start":{"line":14,"column":56},"end":{"line":22,"column":1}}},"1":{"name":"passwordMatchValidator","decl":{"start":{"line":24,"column":9},"end":{"line":24,"column":31}},"loc":{"start":{"line":24,"column":53},"end":{"line":28,"column":1}}},"2":{"name":"(anonymous_2)","decl":{"start":{"line":214,"column":7},"end":{"line":214,"column":13}},"loc":{"start":{"line":214,"column":7},"end":{"line":274,"column":1}}},"3":{"name":"(anonymous_3)","decl":{"start":{"line":234,"column":2},"end":{"line":234,"column":10}},"loc":{"start":{"line":234,"column":10},"end":{"line":237,"column":3}}},"4":{"name":"(anonymous_4)","decl":{"start":{"line":239,"column":2},"end":{"line":239,"column":16}},"loc":{"start":{"line":239,"column":16},"end":{"line":239,"column":63}}},"5":{"name":"(anonymous_5)","decl":{"start":{"line":239,"column":52},"end":{"line":239,"column":53}},"loc":{"start":{"line":239,"column":57},"end":{"line":239,"column":59}}},"6":{"name":"(anonymous_6)","decl":{"start":{"line":241,"column":2},"end":{"line":241,"column":16}},"loc":{"start":{"line":241,"column":58},"end":{"line":244,"column":3}}},"7":{"name":"(anonymous_7)","decl":{"start":{"line":246,"column":2},"end":{"line":246,"column":18}},"loc":{"start":{"line":246,"column":18},"end":{"line":252,"column":3}}},"8":{"name":"(anonymous_8)","decl":{"start":{"line":254,"column":2},"end":{"line":254,"column":10}},"loc":{"start":{"line":254,"column":10},"end":{"line":273,"column":3}}},"9":{"name":"(anonymous_9)","decl":{"start":{"line":267,"column":14},"end":{"line":267,"column":17}},"loc":{"start":{"line":267,"column":20},"end":{"line":267,"column":42}}},"10":{"name":"(anonymous_10)","decl":{"start":{"line":268,"column":15},"end":{"line":268,"column":16}},"loc":{"start":{"line":268,"column":42},"end":{"line":271,"column":9}}}},"branchMap":{"0":{"loc":{"start":{"line":15,"column":24},"end":{"line":15,"column":40}},"type":"binary-expr","locations":[{"start":{"line":15,"column":24},"end":{"line":15,"column":34}},{"start":{"line":15,"column":38},"end":{"line":15,"column":40}}]},"1":{"loc":{"start":{"line":17,"column":4},"end":{"line":20,"column":20}},"type":"binary-expr","locations":[{"start":{"line":17,"column":4},"end":{"line":17,"column":22}},{"start":{"line":18,"column":4},"end":{"line":18,"column":23}},{"start":{"line":19,"column":4},"end":{"line":19,"column":23}},{"start":{"line":20,"column":4},"end":{"line":20,"column":20}}]},"2":{"loc":{"start":{"line":21,"column":9},"end":{"line":21,"column":43}},"type":"cond-expr","locations":[{"start":{"line":21,"column":14},"end":{"line":21,"column":18}},{"start":{"line":21,"column":21},"end":{"line":21,"column":43}}]},"3":{"loc":{"start":{"line":27,"column":9},"end":{"line":27,"column":59}},"type":"cond-expr","locations":[{"start":{"line":27,"column":26},"end":{"line":27,"column":30}},{"start":{"line":27,"column":33},"end":{"line":27,"column":59}}]},"4":{"loc":{"start":{"line":235,"column":14},"end":{"line":235,"column":66}},"type":"binary-expr","locations":[{"start":{"line":235,"column":14},"end":{"line":235,"column":60}},{"start":{"line":235,"column":64},"end":{"line":235,"column":66}}]},"5":{"loc":{"start":{"line":243,"column":14},"end":{"line":243,"column":43}},"type":"binary-expr","locations":[{"start":{"line":243,"column":14},"end":{"line":243,"column":27}},{"start":{"line":243,"column":31},"end":{"line":243,"column":43}}]},"6":{"loc":{"start":{"line":249,"column":6},"end":{"line":250,"column":62}},"type":"binary-expr","locations":[{"start":{"line":249,"column":6},"end":{"line":249,"column":19}},{"start":{"line":250,"column":7},"end":{"line":250,"column":19}},{"start":{"line":250,"column":23},"end":{"line":250,"column":61}}]},"7":{"loc":{"start":{"line":256,"column":4},"end":{"line":256,"column":69}},"type":"if","locations":[{"start":{"line":256,"column":4},"end":{"line":256,"column":69}}]},"8":{"loc":{"start":{"line":256,"column":8},"end":{"line":256,"column":60}},"type":"binary-expr","locations":[{"start":{"line":256,"column":8},"end":{"line":256,"column":25}},{"start":{"line":256,"column":29},"end":{"line":256,"column":43}},{"start":{"line":256,"column":47},"end":{"line":256,"column":60}}]},"9":{"loc":{"start":{"line":269,"column":28},"end":{"line":269,"column":91}},"type":"binary-expr","locations":[{"start":{"line":269,"column":28},"end":{"line":269,"column":45}},{"start":{"line":269,"column":49},"end":{"line":269,"column":91}}]}},"s":{"0":0,"1":0,"2":0,"3":0,"4":0,"5":0,"6":0,"7":0,"8":0,"9":0,"10":0,"11":0,"12":0,"13":0,"14":0,"15":0,"16":0,"17":0,"18":0,"19":0,"20":0,"21":0,"22":0,"23":0,"24":0,"25":0,"26":0,"27":0,"28":0,"29":0,"30":0,"31":0,"32":0,"33":0,"34":0,"35":0,"36":0,"37":0,"38":0,"39":0,"40":0},"f":{"0":0,"1":0,"2":0,"3":0,"4":0,"5":0,"6":0,"7":0,"8":0,"9":0,"10":0},"b":{"0":[0,0],"1":[0,0,0,0],"2":[0,0],"3":[0,0],"4":[0,0],"5":[0,0],"6":[0,0,0],"7":[0],"8":[0,0,0],"9":[0,0]}}
,"C:\\Users\\athit\\Demo Projects\\1-stayease-booking-app\\src\\app\\features\\auth\\signup\\signup.component.ts": {"path":"C:\\Users\\athit\\Demo Projects\\1-stayease-booking-app\\src\\app\\features\\auth\\signup\\signup.component.ts","statementMap":{"0":{"start":{"line":1,"column":0},"end":{"line":1,"column":58}},"1":{"start":{"line":2,"column":0},"end":{"line":2,"column":113}},"2":{"start":{"line":3,"column":0},"end":{"line":3,"column":53}},"3":{"start":{"line":4,"column":0},"end":{"line":4,"column":47}},"4":{"start":{"line":5,"column":0},"end":{"line":5,"column":66}},"5":{"start":{"line":9,"column":24},"end":{"line":9,"column":40}},"6":{"start":{"line":10,"column":19},"end":{"line":10,"column":38}},"7":{"start":{"line":11,"column":19},"end":{"line":11,"column":38}},"8":{"start":{"line":12,"column":19},"end":{"line":12,"column":35}},"9":{"start":{"line":13,"column":2},"end":{"line":13,"column":74}},"10":{"start":{"line":13,"column":62},"end":{"line":13,"column":74}},"11":{"start":{"line":14,"column":2},"end":{"line":14,"column":32}},"12":{"start":{"line":18,"column":13},"end":{"line":18,"column":40}},"13":{"start":{"line":19,"column":18},"end":{"line":19,"column":52}},"14":{"start":{"line":20,"column":2},"end":{"line":20,"column":60}},"15":{"start":{"line":231,"column":7},"end":{"line":282,"column":null}},"16":{"start":{"line":232,"column":10},"end":{"line":232,"column":35}},"17":{"start":{"line":233,"column":10},"end":{"line":233,"column":44}},"18":{"start":{"line":234,"column":10},"end":{"line":234,"column":34}},"19":{"start":{"line":236,"column":2},"end":{"line":236,"column":26}},"20":{"start":{"line":237,"column":2},"end":{"line":237,"column":24}},"21":{"start":{"line":238,"column":2},"end":{"line":238,"column":31}},"22":{"start":{"line":240,"column":2},"end":{"line":248,"column":4}},"23":{"start":{"line":250,"column":27},"end":{"line":250,"column":61}},"24":{"start":{"line":250,"column":57},"end":{"line":250,"column":59}},"25":{"start":{"line":253,"column":17},"end":{"line":253,"column":37}},"26":{"start":{"line":254,"column":4},"end":{"line":254,"column":45}},"27":{"start":{"line":258,"column":17},"end":{"line":258,"column":49}},"28":{"start":{"line":259,"column":4},"end":{"line":262,"column":6}},"29":{"start":{"line":266,"column":4},"end":{"line":266,"column":33}},"30":{"start":{"line":267,"column":4},"end":{"line":267,"column":52}},"31":{"start":{"line":267,"column":45},"end":{"line":267,"column":52}},"32":{"start":{"line":269,"column":4},"end":{"line":269,"column":27}},"33":{"start":{"line":270,"column":4},"end":{"line":270,"column":26}},"34":{"start":{"line":272,"column":43},"end":{"line":272,"column":66}},"35":{"start":{"line":274,"column":4},"end":{"line":280,"column":7}},"36":{"start":{"line":275,"column":18},"end":{"line":275,"column":45}},"37":{"start":{"line":277,"column":8},"end":{"line":277,"column":83}},"38":{"start":{"line":278,"column":8},"end":{"line":278,"column":32}},"39":{"start":{"line":231,"column":13},"end":{"line":231,"column":28}},"40":{"start":{"line":231,"column":13},"end":{"line":282,"column":null}}},"fnMap":{"0":{"name":"passwordStrengthValidator","decl":{"start":{"line":8,"column":9},"end":{"line":8,"column":34}},"loc":{"start":{"line":8,"column":56},"end":{"line":15,"column":1}}},"1":{"name":"passwordMatchValidator","decl":{"start":{"line":17,"column":9},"end":{"line":17,"column":31}},"loc":{"start":{"line":17,"column":53},"end":{"line":21,"column":1}}},"2":{"name":"(anonymous_2)","decl":{"start":{"line":231,"column":7},"end":{"line":231,"column":13}},"loc":{"start":{"line":231,"column":7},"end":{"line":282,"column":1}}},"3":{"name":"(anonymous_3)","decl":{"start":{"line":250,"column":2},"end":{"line":250,"column":16}},"loc":{"start":{"line":250,"column":16},"end":{"line":250,"column":63}}},"4":{"name":"(anonymous_4)","decl":{"start":{"line":250,"column":52},"end":{"line":250,"column":53}},"loc":{"start":{"line":250,"column":57},"end":{"line":250,"column":59}}},"5":{"name":"(anonymous_5)","decl":{"start":{"line":252,"column":2},"end":{"line":252,"column":16}},"loc":{"start":{"line":252,"column":78},"end":{"line":255,"column":3}}},"6":{"name":"(anonymous_6)","decl":{"start":{"line":257,"column":2},"end":{"line":257,"column":18}},"loc":{"start":{"line":257,"column":18},"end":{"line":263,"column":3}}},"7":{"name":"(anonymous_7)","decl":{"start":{"line":265,"column":2},"end":{"line":265,"column":10}},"loc":{"start":{"line":265,"column":10},"end":{"line":281,"column":3}}},"8":{"name":"(anonymous_8)","decl":{"start":{"line":275,"column":12},"end":{"line":275,"column":15}},"loc":{"start":{"line":275,"column":18},"end":{"line":275,"column":45}}},"9":{"name":"(anonymous_9)","decl":{"start":{"line":276,"column":13},"end":{"line":276,"column":14}},"loc":{"start":{"line":276,"column":40},"end":{"line":279,"column":7}}}},"branchMap":{"0":{"loc":{"start":{"line":9,"column":24},"end":{"line":9,"column":40}},"type":"binary-expr","locations":[{"start":{"line":9,"column":24},"end":{"line":9,"column":34}},{"start":{"line":9,"column":38},"end":{"line":9,"column":40}}]},"1":{"loc":{"start":{"line":13,"column":2},"end":{"line":13,"column":74}},"type":"if","locations":[{"start":{"line":13,"column":2},"end":{"line":13,"column":74}}]},"2":{"loc":{"start":{"line":13,"column":6},"end":{"line":13,"column":60}},"type":"binary-expr","locations":[{"start":{"line":13,"column":6},"end":{"line":13,"column":24}},{"start":{"line":13,"column":28},"end":{"line":13,"column":36}},{"start":{"line":13,"column":40},"end":{"line":13,"column":48}},{"start":{"line":13,"column":52},"end":{"line":13,"column":60}}]},"3":{"loc":{"start":{"line":20,"column":9},"end":{"line":20,"column":59}},"type":"cond-expr","locations":[{"start":{"line":20,"column":26},"end":{"line":20,"column":30}},{"start":{"line":20,"column":33},"end":{"line":20,"column":59}}]},"4":{"loc":{"start":{"line":254,"column":14},"end":{"line":254,"column":43}},"type":"binary-expr","locations":[{"start":{"line":254,"column":14},"end":{"line":254,"column":27}},{"start":{"line":254,"column":31},"end":{"line":254,"column":43}}]},"5":{"loc":{"start":{"line":260,"column":6},"end":{"line":261,"column":62}},"type":"binary-expr","locations":[{"start":{"line":260,"column":6},"end":{"line":260,"column":19}},{"start":{"line":261,"column":7},"end":{"line":261,"column":19}},{"start":{"line":261,"column":23},"end":{"line":261,"column":61}}]},"6":{"loc":{"start":{"line":267,"column":4},"end":{"line":267,"column":52}},"type":"if","locations":[{"start":{"line":267,"column":4},"end":{"line":267,"column":52}}]},"7":{"loc":{"start":{"line":267,"column":8},"end":{"line":267,"column":43}},"type":"binary-expr","locations":[{"start":{"line":267,"column":8},"end":{"line":267,"column":25}},{"start":{"line":267,"column":29},"end":{"line":267,"column":43}}]},"8":{"loc":{"start":{"line":277,"column":26},"end":{"line":277,"column":81}},"type":"binary-expr","locations":[{"start":{"line":277,"column":26},"end":{"line":277,"column":43}},{"start":{"line":277,"column":47},"end":{"line":277,"column":81}}]}},"s":{"0":0,"1":0,"2":0,"3":0,"4":0,"5":0,"6":0,"7":0,"8":0,"9":0,"10":0,"11":0,"12":0,"13":0,"14":0,"15":0,"16":0,"17":0,"18":0,"19":0,"20":0,"21":0,"22":0,"23":0,"24":0,"25":0,"26":0,"27":0,"28":0,"29":0,"30":0,"31":0,"32":0,"33":0,"34":0,"35":0,"36":0,"37":0,"38":0,"39":0,"40":0},"f":{"0":0,"1":0,"2":0,"3":0,"4":0,"5":0,"6":0,"7":0,"8":0,"9":0},"b":{"0":[0,0],"1":[0],"2":[0,0,0,0],"3":[0,0],"4":[0,0],"5":[0,0,0],"6":[0],"7":[0,0],"8":[0,0]}}
,"C:\\Users\\athit\\Demo Projects\\1-stayease-booking-app\\src\\app\\features\\booking-confirmation\\booking-confirmation.component.ts": {"path":"C:\\Users\\athit\\Demo Projects\\1-stayease-booking-app\\src\\app\\features\\booking-confirmation\\booking-confirmation.component.ts","statementMap":{"0":{"start":{"line":1,"column":0},"end":{"line":1,"column":58}},"1":{"start":{"line":2,"column":0},"end":{"line":2,"column":47}},"2":{"start":{"line":3,"column":0},"end":{"line":3,"column":61}},"3":{"start":{"line":5,"column":0},"end":{"line":5,"column":69}},"4":{"start":{"line":249,"column":7},"end":{"line":276,"column":null}},"5":{"start":{"line":250,"column":10},"end":{"line":250,"column":41}},"6":{"start":{"line":251,"column":10},"end":{"line":251,"column":50}},"7":{"start":{"line":252,"column":2},"end":{"line":252,"column":18}},"8":{"start":{"line":253,"column":2},"end":{"line":253,"column":33}},"9":{"start":{"line":254,"column":2},"end":{"line":254,"column":17}},"10":{"start":{"line":255,"column":2},"end":{"line":255,"column":13}},"11":{"start":{"line":258,"column":4},"end":{"line":258,"column":73}},"12":{"start":{"line":259,"column":4},"end":{"line":263,"column":5}},"13":{"start":{"line":260,"column":6},"end":{"line":260,"column":27}},"14":{"start":{"line":261,"column":6},"end":{"line":261,"column":78}},"15":{"start":{"line":262,"column":6},"end":{"line":262,"column":13}},"16":{"start":{"line":265,"column":4},"end":{"line":274,"column":7}},"17":{"start":{"line":267,"column":8},"end":{"line":267,"column":31}},"18":{"start":{"line":268,"column":8},"end":{"line":268,"column":29}},"19":{"start":{"line":271,"column":8},"end":{"line":271,"column":73}},"20":{"start":{"line":272,"column":8},"end":{"line":272,"column":29}},"21":{"start":{"line":249,"column":13},"end":{"line":249,"column":41}},"22":{"start":{"line":249,"column":13},"end":{"line":276,"column":null}}},"fnMap":{"0":{"name":"(anonymous_0)","decl":{"start":{"line":249,"column":7},"end":{"line":249,"column":13}},"loc":{"start":{"line":249,"column":7},"end":{"line":276,"column":1}}},"1":{"name":"(anonymous_1)","decl":{"start":{"line":257,"column":2},"end":{"line":257,"column":10}},"loc":{"start":{"line":257,"column":10},"end":{"line":275,"column":3}}},"2":{"name":"(anonymous_2)","decl":{"start":{"line":266,"column":12},"end":{"line":266,"column":13}},"loc":{"start":{"line":266,"column":24},"end":{"line":269,"column":7}}},"3":{"name":"(anonymous_3)","decl":{"start":{"line":270,"column":13},"end":{"line":270,"column":16}},"loc":{"start":{"line":270,"column":18},"end":{"line":273,"column":7}}}},"branchMap":{"0":{"loc":{"start":{"line":258,"column":22},"end":{"line":258,"column":72}},"type":"binary-expr","locations":[{"start":{"line":258,"column":22},"end":{"line":258,"column":66}},{"start":{"line":258,"column":70},"end":{"line":258,"column":72}}]},"1":{"loc":{"start":{"line":259,"column":4},"end":{"line":263,"column":5}},"type":"if","locations":[{"start":{"line":259,"column":4},"end":{"line":263,"column":5}}]}},"s":{"0":0,"1":0,"2":0,"3":0,"4":0,"5":0,"6":0,"7":0,"8":0,"9":0,"10":0,"11":0,"12":0,"13":0,"14":0,"15":0,"16":0,"17":0,"18":0,"19":0,"20":0,"21":0,"22":0},"f":{"0":0,"1":0,"2":0,"3":0},"b":{"0":[0,0],"1":[0]}}
,"C:\\Users\\athit\\Demo Projects\\1-stayease-booking-app\\src\\app\\features\\booking-history\\booking-history.component.ts": {"path":"C:\\Users\\athit\\Demo Projects\\1-stayease-booking-app\\src\\app\\features\\booking-history\\booking-history.component.ts","statementMap":{"0":{"start":{"line":1,"column":0},"end":{"line":1,"column":66}},"1":{"start":{"line":2,"column":0},"end":{"line":2,"column":47}},"2":{"start":{"line":3,"column":0},"end":{"line":3,"column":45}},"3":{"start":{"line":4,"column":0},"end":{"line":4,"column":69}},"4":{"start":{"line":6,"column":0},"end":{"line":6,"column":82}},"5":{"start":{"line":7,"column":0},"end":{"line":7,"column":82}},"6":{"start":{"line":297,"column":7},"end":{"line":373,"column":null}},"7":{"start":{"line":298,"column":10},"end":{"line":298,"column":50}},"8":{"start":{"line":300,"column":2},"end":{"line":300,"column":49}},"9":{"start":{"line":301,"column":2},"end":{"line":301,"column":25}},"10":{"start":{"line":302,"column":2},"end":{"line":302,"column":24}},"11":{"start":{"line":303,"column":2},"end":{"line":303,"column":36}},"12":{"start":{"line":305,"column":11},"end":{"line":310,"column":4}},"13":{"start":{"line":313,"column":4},"end":{"line":313,"column":16}},"14":{"start":{"line":317,"column":4},"end":{"line":317,"column":27}},"15":{"start":{"line":318,"column":4},"end":{"line":318,"column":26}},"16":{"start":{"line":320,"column":4},"end":{"line":329,"column":7}},"17":{"start":{"line":322,"column":8},"end":{"line":322,"column":27}},"18":{"start":{"line":323,"column":8},"end":{"line":323,"column":32}},"19":{"start":{"line":326,"column":8},"end":{"line":326,"column":72}},"20":{"start":{"line":327,"column":8},"end":{"line":327,"column":32}},"21":{"start":{"line":333,"column":4},"end":{"line":333,"column":28}},"22":{"start":{"line":337,"column":21},"end":{"line":337,"column":48}},"23":{"start":{"line":338,"column":16},"end":{"line":338,"column":32}},"24":{"start":{"line":339,"column":4},"end":{"line":339,"column":39}},"25":{"start":{"line":339,"column":23},"end":{"line":339,"column":39}},"26":{"start":{"line":340,"column":4},"end":{"line":346,"column":5}},"27":{"start":{"line":341,"column":6},"end":{"line":345,"column":8}},"28":{"start":{"line":343,"column":10},"end":{"line":344,"column":45}},"29":{"start":{"line":347,"column":4},"end":{"line":353,"column":5}},"30":{"start":{"line":348,"column":6},"end":{"line":352,"column":8}},"31":{"start":{"line":350,"column":10},"end":{"line":351,"column":74}},"32":{"start":{"line":354,"column":4},"end":{"line":356,"column":6}},"33":{"start":{"line":355,"column":11},"end":{"line":355,"column":35}},"34":{"start":{"line":360,"column":4},"end":{"line":360,"column":54}},"35":{"start":{"line":360,"column":23},"end":{"line":360,"column":54}},"36":{"start":{"line":361,"column":4},"end":{"line":361,"column":62}},"37":{"start":{"line":361,"column":28},"end":{"line":361,"column":62}},"38":{"start":{"line":362,"column":4},"end":{"line":362,"column":54}},"39":{"start":{"line":362,"column":24},"end":{"line":362,"column":54}},"40":{"start":{"line":363,"column":4},"end":{"line":363,"column":39}},"41":{"start":{"line":367,"column":4},"end":{"line":371,"column":7}},"42":{"start":{"line":297,"column":13},"end":{"line":297,"column":36}},"43":{"start":{"line":297,"column":13},"end":{"line":373,"column":null}}},"fnMap":{"0":{"name":"(anonymous_0)","decl":{"start":{"line":297,"column":7},"end":{"line":297,"column":13}},"loc":{"start":{"line":297,"column":7},"end":{"line":373,"column":1}}},"1":{"name":"(anonymous_1)","decl":{"start":{"line":312,"column":2},"end":{"line":312,"column":10}},"loc":{"start":{"line":312,"column":10},"end":{"line":314,"column":3}}},"2":{"name":"(anonymous_2)","decl":{"start":{"line":316,"column":2},"end":{"line":316,"column":6}},"loc":{"start":{"line":316,"column":6},"end":{"line":330,"column":3}}},"3":{"name":"(anonymous_3)","decl":{"start":{"line":321,"column":12},"end":{"line":321,"column":15}},"loc":{"start":{"line":321,"column":18},"end":{"line":324,"column":7}}},"4":{"name":"(anonymous_4)","decl":{"start":{"line":325,"column":13},"end":{"line":325,"column":16}},"loc":{"start":{"line":325,"column":18},"end":{"line":328,"column":7}}},"5":{"name":"(anonymous_5)","decl":{"start":{"line":332,"column":2},"end":{"line":332,"column":8}},"loc":{"start":{"line":332,"column":20},"end":{"line":334,"column":3}}},"6":{"name":"(anonymous_6)","decl":{"start":{"line":336,"column":2},"end":{"line":336,"column":18}},"loc":{"start":{"line":336,"column":18},"end":{"line":357,"column":3}}},"7":{"name":"(anonymous_7)","decl":{"start":{"line":342,"column":8},"end":{"line":342,"column":9}},"loc":{"start":{"line":343,"column":10},"end":{"line":344,"column":45}}},"8":{"name":"(anonymous_8)","decl":{"start":{"line":349,"column":8},"end":{"line":349,"column":9}},"loc":{"start":{"line":350,"column":10},"end":{"line":351,"column":74}}},"9":{"name":"(anonymous_9)","decl":{"start":{"line":355,"column":6},"end":{"line":355,"column":7}},"loc":{"start":{"line":355,"column":11},"end":{"line":355,"column":35}}},"10":{"name":"(anonymous_10)","decl":{"start":{"line":359,"column":2},"end":{"line":359,"column":10}},"loc":{"start":{"line":359,"column":22},"end":{"line":364,"column":3}}},"11":{"name":"(anonymous_11)","decl":{"start":{"line":366,"column":2},"end":{"line":366,"column":12}},"loc":{"start":{"line":366,"column":28},"end":{"line":372,"column":3}}}},"branchMap":{"0":{"loc":{"start":{"line":337,"column":21},"end":{"line":337,"column":48}},"type":"binary-expr","locations":[{"start":{"line":337,"column":21},"end":{"line":337,"column":42}},{"start":{"line":337,"column":46},"end":{"line":337,"column":48}}]},"1":{"loc":{"start":{"line":339,"column":4},"end":{"line":339,"column":39}},"type":"if","locations":[{"start":{"line":339,"column":4},"end":{"line":339,"column":39}}]},"2":{"loc":{"start":{"line":340,"column":4},"end":{"line":346,"column":5}},"type":"if","locations":[{"start":{"line":340,"column":4},"end":{"line":346,"column":5}}]},"3":{"loc":{"start":{"line":343,"column":10},"end":{"line":344,"column":45}},"type":"binary-expr","locations":[{"start":{"line":343,"column":10},"end":{"line":343,"column":34}},{"start":{"line":344,"column":10},"end":{"line":344,"column":45}}]},"4":{"loc":{"start":{"line":347,"column":4},"end":{"line":353,"column":5}},"type":"if","locations":[{"start":{"line":347,"column":4},"end":{"line":353,"column":5}}]},"5":{"loc":{"start":{"line":350,"column":10},"end":{"line":351,"column":74}},"type":"binary-expr","locations":[{"start":{"line":350,"column":10},"end":{"line":350,"column":34}},{"start":{"line":351,"column":11},"end":{"line":351,"column":35}},{"start":{"line":351,"column":39},"end":{"line":351,"column":73}}]},"6":{"loc":{"start":{"line":360,"column":4},"end":{"line":360,"column":54}},"type":"if","locations":[{"start":{"line":360,"column":4},"end":{"line":360,"column":54}}]},"7":{"loc":{"start":{"line":360,"column":30},"end":{"line":360,"column":53}},"type":"binary-expr","locations":[{"start":{"line":360,"column":30},"end":{"line":360,"column":48}},{"start":{"line":360,"column":52},"end":{"line":360,"column":53}}]},"8":{"loc":{"start":{"line":361,"column":4},"end":{"line":361,"column":62}},"type":"if","locations":[{"start":{"line":361,"column":4},"end":{"line":361,"column":62}}]},"9":{"loc":{"start":{"line":361,"column":35},"end":{"line":361,"column":61}},"type":"binary-expr","locations":[{"start":{"line":361,"column":35},"end":{"line":361,"column":56}},{"start":{"line":361,"column":60},"end":{"line":361,"column":61}}]},"10":{"loc":{"start":{"line":362,"column":4},"end":{"line":362,"column":54}},"type":"if","locations":[{"start":{"line":362,"column":4},"end":{"line":362,"column":54}}]},"11":{"loc":{"start":{"line":362,"column":31},"end":{"line":362,"column":53}},"type":"binary-expr","locations":[{"start":{"line":362,"column":31},"end":{"line":362,"column":48}},{"start":{"line":362,"column":52},"end":{"line":362,"column":53}}]},"12":{"loc":{"start":{"line":363,"column":11},"end":{"line":363,"column":38}},"type":"binary-expr","locations":[{"start":{"line":363,"column":11},"end":{"line":363,"column":33}},{"start":{"line":363,"column":37},"end":{"line":363,"column":38}}]}},"s":{"0":0,"1":0,"2":0,"3":0,"4":0,"5":0,"6":0,"7":0,"8":0,"9":0,"10":0,"11":0,"12":0,"13":0,"14":0,"15":0,"16":0,"17":0,"18":0,"19":0,"20":0,"21":0,"22":0,"23":0,"24":0,"25":0,"26":0,"27":0,"28":0,"29":0,"30":0,"31":0,"32":0,"33":0,"34":0,"35":0,"36":0,"37":0,"38":0,"39":0,"40":0,"41":0,"42":0,"43":0},"f":{"0":0,"1":0,"2":0,"3":0,"4":0,"5":0,"6":0,"7":0,"8":0,"9":0,"10":0,"11":0},"b":{"0":[0,0],"1":[0],"2":[0],"3":[0,0],"4":[0],"5":[0,0,0],"6":[0],"7":[0,0],"8":[0],"9":[0,0],"10":[0],"11":[0,0],"12":[0,0]}}
,"C:\\Users\\athit\\Demo Projects\\1-stayease-booking-app\\src\\app\\features\\checkout\\checkout.component.ts": {"path":"C:\\Users\\athit\\Demo Projects\\1-stayease-booking-app\\src\\app\\features\\checkout\\checkout.component.ts","statementMap":{"0":{"start":{"line":1,"column":0},"end":{"line":1,"column":77}},"1":{"start":{"line":2,"column":0},"end":{"line":2,"column":47}},"2":{"start":{"line":3,"column":0},"end":{"line":3,"column":69}},"3":{"start":{"line":4,"column":0},"end":{"line":4,"column":45}},"4":{"start":{"line":5,"column":0},"end":{"line":5,"column":84}},"5":{"start":{"line":7,"column":0},"end":{"line":7,"column":64}},"6":{"start":{"line":199,"column":7},"end":{"line":436,"column":null}},"7":{"start":{"line":200,"column":10},"end":{"line":200,"column":41}},"8":{"start":{"line":201,"column":10},"end":{"line":201,"column":34}},"9":{"start":{"line":202,"column":10},"end":{"line":202,"column":50}},"10":{"start":{"line":204,"column":2},"end":{"line":204,"column":53}},"11":{"start":{"line":205,"column":2},"end":{"line":205,"column":29}},"12":{"start":{"line":206,"column":2},"end":{"line":206,"column":27}},"13":{"start":{"line":208,"column":2},"end":{"line":208,"column":21}},"14":{"start":{"line":209,"column":2},"end":{"line":209,"column":23}},"15":{"start":{"line":210,"column":2},"end":{"line":210,"column":20}},"16":{"start":{"line":211,"column":2},"end":{"line":211,"column":25}},"17":{"start":{"line":212,"column":2},"end":{"line":212,"column":20}},"18":{"start":{"line":215,"column":2},"end":{"line":215,"column":50}},"19":{"start":{"line":217,"column":2},"end":{"line":217,"column":30}},"20":{"start":{"line":219,"column":2},"end":{"line":219,"column":30}},"21":{"start":{"line":221,"column":2},"end":{"line":221,"column":32}},"22":{"start":{"line":223,"column":10},"end":{"line":223,"column":74}},"23":{"start":{"line":225,"column":2},"end":{"line":230,"column":4}},"24":{"start":{"line":233,"column":18},"end":{"line":233,"column":56}},"25":{"start":{"line":234,"column":4},"end":{"line":237,"column":5}},"26":{"start":{"line":235,"column":6},"end":{"line":235,"column":40}},"27":{"start":{"line":236,"column":6},"end":{"line":236,"column":13}},"28":{"start":{"line":238,"column":4},"end":{"line":238,"column":34}},"29":{"start":{"line":239,"column":19},"end":{"line":240,"column":null}},"30":{"start":{"line":242,"column":4},"end":{"line":242,"column":28}},"31":{"start":{"line":243,"column":16},"end":{"line":243,"column":49}},"32":{"start":{"line":244,"column":16},"end":{"line":244,"column":38}},"33":{"start":{"line":245,"column":16},"end":{"line":245,"column":38}},"34":{"start":{"line":246,"
[...]
":351,"column":4},"end":{"line":351,"column":21}},"31":{"start":{"line":352,"column":4},"end":{"line":352,"column":30}},"32":{"start":{"line":356,"column":4},"end":{"line":356,"column":75}},"33":{"start":{"line":360,"column":17},"end":{"line":360,"column":62}},"34":{"start":{"line":361,"column":4},"end":{"line":366,"column":19}},"35":{"start":{"line":363,"column":16},"end":{"line":363,"column":20}},"36":{"start":{"line":370,"column":4},"end":{"line":370,"column":67}},"37":{"start":{"line":374,"column":4},"end":{"line":374,"column":51}},"38":{"start":{"line":378,"column":4},"end":{"line":378,"column":68}},"39":{"start":{"line":382,"column":19},"end":{"line":382,"column":47}},"40":{"start":{"line":383,"column":4},"end":{"line":383,"column":24}},"41":{"start":{"line":387,"column":4},"end":{"line":389,"column":5}},"42":{"start":{"line":388,"column":6},"end":{"line":388,"column":13}},"43":{"start":{"line":391,"column":25},"end":{"line":391,"column":64}},"44":{"start":{"line":392,"column":18},"end":{"line":392,"column":50}},"45":{"start":{"line":393,"column":20},"end":{"line":393,"column":34}},"46":{"start":{"line":394,"column":19},"end":{"line":394,"column":22}},"47":{"start":{"line":396,"column":4},"end":{"line":399,"column":5}},"48":{"start":{"line":397,"column":6},"end":{"line":397,"column":38}},"49":{"start":{"line":398,"column":6},"end":{"line":398,"column":13}},"50":{"start":{"line":401,"column":4},"end":{"line":404,"column":5}},"51":{"start":{"line":402,"column":6},"end":{"line":402,"column":45}},"52":{"start":{"line":403,"column":6},"end":{"line":403,"column":13}},"53":{"start":{"line":406,"column":4},"end":{"line":406,"column":35}},"54":{"start":{"line":410,"column":4},"end":{"line":412,"column":5}},"55":{"start":{"line":411,"column":6},"end":{"line":411,"column":13}},"56":{"start":{"line":414,"column":4},"end":{"line":414,"column":29}},"57":{"start":{"line":415,"column":4},"end":{"line":415,"column":28}},"58":{"start":{"line":419,"column":4},"end":{"line":419,"column":44}},"59":{"start":{"line":420,"column":4},"end":{"line":420,"column":45}},"60":{"start":{"line":424,"column":4},"end":{"line":424,"column":38}},"61":{"start":{"line":425,"column":4},"end":{"line":425,"column":41}},"62":{"start":{"line":302,"column":13},"end":{"line":302,"column":28}},"63":{"start":{"line":302,"column":13},"end":{"line":427,"column":null}}},"fnMap":{"0":{"name":"(anonymous_0)","decl":{"start":{"line":302,"column":7},"end":{"line":302,"column":13}},"loc":{"start":{"line":302,"column":7},"end":{"line":427,"column":1}}},"1":{"name":"(anonymous_1)","decl":{"start":{"line":313,"column":2},"end":{"line":313,"column":10}},"loc":{"start":{"line":313,"column":10},"end":{"line":323,"column":3}}},"2":{"name":"(anonymous_2)","decl":{"start":{"line":315,"column":19},"end":{"line":315,"column":20}},"loc":{"start":{"line":315,"column":54},"end":{"line":315,"column":84}}},"3":{"name":"(anonymous_3)","decl":{"start":{"line":316,"column":17},"end":{"line":316,"column":22}},"loc":{"start":{"line":316,"column":25},"end":{"line":320,"column":7}}},"4":{"name":"(anonymous_4)","decl":{"start":{"line":325,"column":2},"end":{"line":325,"column":13}},"loc":{"start":{"line":325,"column":13},"end":{"line":327,"column":3}}},"5":{"name":"(anonymous_5)","decl":{"start":{"line":330,"column":2},"end":{"line":330,"column":10}},"loc":{"start":{"line":330,"column":10},"end":{"line":333,"column":3}}},"6":{"name":"(anonymous_6)","decl":{"start":{"line":335,"column":2},"end":{"line":335,"column":12}},"loc":{"start":{"line":335,"column":12},"end":{"line":344,"column":3}}},"7":{"name":"(anonymous_7)","decl":{"start":{"line":346,"column":2},"end":{"line":346,"column":16}},"loc":{"start":{"line":346,"column":16},"end":{"line":348,"column":3}}},"8":{"name":"(anonymous_8)","decl":{"start":{"line":347,"column":29},"end":{"line":347,"column":30}},"loc":{"start":{"line":347,"column":34},"end":{"line":347,"column":36}}},"9":{"name":"(anonymous_9)","decl":{"start":{"line":350,"column":2},"end":{"line":350,"column":8}},"loc":{"start":{"line":350,"column":8},"end":{"line":353,"column":3}}},"10":{"name":"(anonymous_10)","decl":{"start":{"line":355,"column":2},"end":{"line":355,"column":11}},"loc":{"start":{"line":355,"column":11},"end":{"line":357,"column":3}}},"11":{"name":"(anonymous_11)","decl":{"start":{"line":359,"column":2},"end":{"line":359,"column":14}},"loc":{"start":{"line":359,"column":14},"end":{"line":367,"column":3}}},"12":{"name":"(anonymous_12)","decl":{"start":{"line":363,"column":11},"end":{"line":363,"column":12}},"loc":{"start":{"line":363,"column":16},"end":{"line":363,"column":20}}},"13":{"name":"(anonymous_13)","decl":{"start":{"line":369,"column":2},"end":{"line":369,"column":14}},"loc":{"start":{"line":369,"column":14},"end":{"line":371,"column":3}}},"14":{"name":"(anonymous_14)","decl":{"start":{"line":373,"column":2},"end":{"line":373,"column":17}},"loc":{"start":{"line":373,"column":17},"end":{"line":375,"column":3}}},"15":{"name":"(anonymous_15)","decl":{"start":{"line":377,"column":2},"end":{"line":377,"column":17}},"loc":{"start":{"line":377,"column":51},"end":{"line":379,"column":3}}},"16":{"name":"(anonymous_16)","decl":{"start":{"line":381,"column":10},"end":{"line":381,"column":23}},"loc":{"start":{"line":381,"column":23},"end":{"line":384,"column":3}}},"17":{"name":"(anonymous_17)","decl":{"start":{"line":386,"column":10},"end":{"line":386,"column":29}},"loc":{"start":{"line":386,"column":29},"end":{"line":407,"column":3}}},"18":{"name":"(anonymous_18)","decl":{"start":{"line":409,"column":2},"end":{"line":409,"column":11}},"loc":{"start":{"line":409,"column":11},"end":{"line":416,"column":3}}},"19":{"name":"(anonymous_19)","decl":{"start":{"line":418,"column":10},"end":{"line":418,"column":24}},"loc":{"start":{"line":418,"column":24},"end":{"line":421,"column":3}}},"20":{"name":"(anonymous_20)","decl":{"start":{"line":423,"column":10},"end":{"line":423,"column":26}},"loc":{"start":{"line":423,"column":26},"end":{"line":426,"column":3}}}},"branchMap":{"0":{"loc":{"start":{"line":339,"column":4},"end":{"line":343,"column":5}},"type":"if","locations":[{"start":{"line":339,"column":4},"end":{"line":343,"column":5}},{"start":{"line":341,"column":11},"end":{"line":343,"column":5}}]},"1":{"loc":{"start":{"line":356,"column":11},"end":{"line":356,"column":74}},"type":"binary-expr","locations":[{"start":{"line":356,"column":11},"end":{"line":356,"column":68}},{"start":{"line":356,"column":72},"end":{"line":356,"column":74}}]},"2":{"loc":{"start":{"line":360,"column":17},"end":{"line":360,"column":62}},"type":"binary-expr","locations":[{"start":{"line":360,"column":17},"end":{"line":360,"column":56}},{"start":{"line":360,"column":60},"end":{"line":360,"column":62}}]},"3":{"loc":{"start":{"line":370,"column":11},"end":{"line":370,"column":66}},"type":"binary-expr","locations":[{"start":{"line":370,"column":11},"end":{"line":370,"column":31}},{"start":{"line":370,"column":35},"end":{"line":370,"column":66}}]},"4":{"loc":{"start":{"line":378,"column":11},"end":{"line":378,"column":67}},"type":"binary-expr","locations":[{"start":{"line":378,"column":11},"end":{"line":378,"column":31}},{"start":{"line":378,"column":35},"end":{"line":378,"column":67}}]},"5":{"loc":{"start":{"line":387,"column":4},"end":{"line":389,"column":5}},"type":"if","locations":[{"start":{"line":387,"column":4},"end":{"line":389,"column":5}}]},"6":{"loc":{"start":{"line":396,"column":4},"end":{"line":399,"column":5}},"type":"if","locations":[{"start":{"line":396,"column":4},"end":{"line":399,"column":5}}]},"7":{"loc":{"start":{"line":396,"column":8},"end":{"line":396,"column":52}},"type":"binary-expr","locations":[{"start":{"line":396,"column":8},"end":{"line":396,"column":13}},{"start":{"line":396,"column":17},"end":{"line":396,"column":52}}]},"8":{"loc":{"start":{"line":401,"column":4},"end":{"line":404,"column":5}},"type":"if","locations":[{"start":{"line":401,"column":4},"end":{"line":404,"column":5}}]},"9":{"loc":{"start":{"line":401,"column":8},"end":{"line":401,"column":66}},"type":"binary-expr","locations":[{"start":{"line":401,"column":8},"end":{"line":401,"column":20}},{"start":{"line":401,"column":24},"end":{"line":401,"column":66}}]},"10":{"loc":{"start":{"line":410,"column":4},"end":{"line":412,"column":5}},"type":"if","locations":[{"start":{"line":410,"column":4},"end":{"line":412,"column":5}}]}},"s":{"0":1,"1":1,"2":1,"3":1,"4":1,"5":1,"6":6,"7":6,"8":6,"9":6,"10":6,"11":6,"12":6,"13":6,"14":1,"15":1,"16":1,"17":1,"18":1,"19":1,"20":7,"21":2,"22":2,"23":4,"24":4,"25":4,"26":3,"27":1,"28":1,"29":1,"30":1,"31":1,"32":2,"33":2,"34":2,"35":3,"36":2,"37":1,"38":2,"39":8,"40":8,"41":4,"42":1,"43":3,"44":3,"45":3,"46":3,"47":3,"48":1,"49":1,"50":2,"51":1,"52":1,"53":1,"54":2,"55":2,"56":0,"57":0,"58":3,"59":3,"60":8,"61":8,"62":1,"63":1},"f":{"0":6,"1":1,"2":1,"3":1,"4":7,"5":2,"6":4,"7":1,"8":1,"9":1,"10":2,"11":2,"12":3,"13":2,"14":1,"15":2,"16":8,"17":4,"18":2,"19":3,"20":8},"b":{"0":[3,1],"1":[2,1],"2":[2,1],"3":[2,1],"4":[2,2],"5":[1],"6":[1],"7":[3,3],"8":[1],"9":[2,2],"10":[2]}}
,"C:\\Users\\athit\\Demo Projects\\1-stayease-booking-app\\src\\app\\shared\\components\\reviews-section\\reviews-section.component.ts": {"path":"C:\\Users\\athit\\Demo Projects\\1-stayease-booking-app\\src\\app\\shared\\components\\reviews-section\\reviews-section.component.ts","statementMap":{"0":{"start":{"line":1,"column":0},"end":{"line":1,"column":null}},"1":{"start":{"line":9,"column":0},"end":{"line":9,"column":47}},"2":{"start":{"line":10,"column":0},"end":{"line":10,"column":70}},"3":{"start":{"line":296,"column":10},"end":{"line":296,"column":48}},"4":{"start":{"line":298,"column":2},"end":{"line":298,"column":49}},"5":{"start":{"line":299,"column":2},"end":{"line":299,"column":25}},"6":{"start":{"line":300,"column":2},"end":{"line":300,"column":30}},"7":{"start":{"line":301,"column":2},"end":{"line":301,"column":24}},"8":{"start":{"line":302,"column":2},"end":{"line":302,"column":18}},"9":{"start":{"line":303,"column":11},"end":{"line":303,"column":23}},"10":{"start":{"line":306,"column":4},"end":{"line":309,"column":5}},"11":{"start":{"line":307,"column":6},"end":{"line":307,"column":27}},"12":{"start":{"line":308,"column":6},"end":{"line":308,"column":25}},"13":{"start":{"line":313,"column":4},"end":{"line":313,"column":27}},"14":{"start":{"line":314,"column":4},"end":{"line":314,"column":26}},"15":{"start":{"line":316,"column":4},"end":{"line":325,"column":7}},"16":{"start":{"line":318,"column":8},"end":{"line":318,"column":27}},"17":{"start":{"line":319,"column":8},"end":{"line":319,"column":32}},"18":{"start":{"line":322,"column":8},"end":{"line":322,"column":53}},"19":{"start":{"line":323,"column":8},"end":{"line":323,"column":32}},"20":{"start":{"line":329,"column":4},"end":{"line":329,"column":31}},"21":{"start":{"line":330,"column":21},"end":{"line":330,"column":41}},"22":{"start":{"line":332,"column":4},"end":{"line":343,"column":7}},"23":{"start":{"line":334,"column":8},"end":{"line":338,"column":10}},"24":{"start":{"line":335,"column":10},"end":{"line":337,"column":17}},"25":{"start":{"line":339,"column":8},"end":{"line":339,"column":36}},"26":{"start":{"line":340,"column":8},"end":{"line":340,"column":36}},"27":{"start":{"line":342,"column":19},"end":{"line":342,"column":46}},"28":{"start":{"line":347,"column":18},"end":{"line":347,"column":41}},"29":{"start":{"line":348,"column":4},"end":{"line":348,"column":30}},"30":{"start":{"line":348,"column":21},"end":{"line":348,"column":30}},"31":{"start":{"line":349,"column":18},"end":{"line":349,"column":58}},"32":{"start":{"line":350,"column":4},"end":{"line":350,"column":45}},"33":{"start":{"line":354,"column":4},"end":{"line":359,"column":19}},"34":{"start":{"line":356,"column":16},"end":{"line":356,"column":20}},"35":{"start":{"line":363,"column":4},"end":{"line":365,"column":6}},"36":{"start":{"line":364,"column":6},"end":{"line":364,"column":35}},"37":{"start":{"line":369,"column":4},"end":{"line":372,"column":7}},"38":{"start":{"line":293,"column":13},"end":{"line":293,"column":36}},"39":{"start":{"line":293,"column":13},"end":{"line":374,"column":null}}},"fnMap":{"0":{"name":"(anonymous_0)","decl":{"start":{"line":293,"column":7},"end":{"line":293,"column":13}},"loc":{"start":{"line":293,"column":7},"end":{"line":374,"column":1}}},"1":{"name":"(anonymous_1)","decl":{"start":{"line":305,"column":2},"end":{"line":305,"column":13}},"loc":{"start":{"line":305,"column":36},"end":{"line":310,"column":3}}},"2":{"name":"(anonymous_2)","decl":{"start":{"line":312,"column":10},"end":{"line":312,"column":21}},"loc":{"start":{"line":312,"column":21},"end":{"line":326,"column":3}}},"3":{"name":"(anonymous_3)","decl":{"start":{"line":317,"column":12},"end":{"line":317,"column":15}},"loc":{"start":{"line":317,"column":18},"end":{"line":320,"column":7}}},"4":{"name":"(anonymous_4)","decl":{"start":{"line":321,"column":13},"end":{"line":321,"column":16}},"loc":{"start":{"line":321,"column":18},"end":{"line":324,"column":7}}},"5":{"name":"(anonymous_5)","decl":{"start":{"line":328,"column":2},"end":{"line":328,"column":10}},"loc":{"start":{"line":328,"column":10},"end":{"line":344,"column":3}}},"6":{"name":"(anonymous_6)","decl":{"start":{"line":333,"column":12},"end":{"line":333,"column":15}},"loc":{"start":{"line":333,"column":18},"end":{"line":341,"column":7}}},"7":{"name":"(anonymous_7)","decl":{"start":{"line":334,"column":25},"end":{"line":334,"column":29}},"loc":{"start":{"line":335,"column":10},"end":{"line":337,"column":17}}},"8":{"name":"(anonymous_8)","decl":{"start":{"line":342,"column":13},"end":{"line":342,"column":16}},"loc":{"start":{"line":342,"column":19},"end":{"line":342,"column":46}}},"9":{"name":"(anonymous_9)","decl":{"start":{"line":346,"column":2},"end":{"line":346,"column":10}},"loc":{"start":{"line":346,"column":23},"end":{"line":351,"column":3}}},"10":{"name":"(anonymous_10)","decl":{"start":{"line":353,"column":2},"end":{"line":353,"column":10}},"loc":{"start":{"line":353,"column":33},"end":{"line":360,"column":3}}},"11":{"name":"(anonymous_11)","decl":{"start":{"line":356,"column":11},"end":{"line":356,"column":12}},"loc":{"start":{"line":356,"column":16},"end":{"line":356,"column":20}}},"12":{"name":"(anonymous_12)","decl":{"start":{"line":362,"column":2},"end":{"line":362,"column":11}},"loc":{"start":{"line":362,"column":26},"end":{"line":366,"column":3}}},"13":{"name":"(anonymous_13)","decl":{"start":{"line":363,"column":37},"end":{"line":363,"column":38}},"loc":{"start":{"line":364,"column":6},"end":{"line":364,"column":35}}},"14":{"name":"(anonymous_14)","decl":{"start":{"line":368,"column":2},"end":{"line":368,"column":12}},"loc":{"start":{"line":368,"column":28},"end":{"line":373,"column":3}}}},"branchMap":{"0":{"loc":{"start":{"line":306,"column":4},"end":{"line":309,"column":5}},"type":"if","locations":[{"start":{"line":306,"column":4},"end":{"line":309,"column":5}}]},"1":{"loc":{"start":{"line":335,"column":10},"end":{"line":337,"column":17}},"type":"cond-expr","locations":[{"start":{"line":336,"column":14},"end":{"line":336,"column":69}},{"start":{"line":337,"column":14},"end":{"line":337,"column":17}}]},"2":{"loc":{"start":{"line":347,"column":18},"end":{"line":347,"column":41}},"type":"binary-expr","locations":[{"start":{"line":347,"column":18},"end":{"line":347,"column":36}},{"start":{"line":347,"column":40},"end":{"line":347,"column":41}}]},"3":{"loc":{"start":{"line":348,"column":4},"end":{"line":348,"column":30}},"type":"if","locations":[{"start":{"line":348,"column":4},"end":{"line":348,"column":30}}]},"4":{"loc":{"start":{"line":349,"column":18},"end":{"line":349,"column":58}},"type":"binary-expr","locations":[{"start":{"line":349,"column":18},"end":{"line":349,"column":53}},{"start":{"line":349,"column":57},"end":{"line":349,"column":58}}]},"5":{"loc":{"start":{"line":364,"column":6},"end":{"line":364,"column":35}},"type":"cond-expr","locations":[{"start":{"line":364,"column":19},"end":{"line":364,"column":25}},{"start":{"line":364,"column":28},"end":{"line":364,"column":35}}]}},"s":{"0":0,"1":0,"2":0,"3":0,"4":0,"5":0,"6":0,"7":0,"8":0,"9":0,"10":0,"11":0,"12":0,"13":0,"14":0,"15":0,"16":0,"17":0,"18":0,"19":0,"20":0,"21":0,"22":0,"23":0,"24":0,"25":0,"26":0,"27":0,"28":0,"29":0,"30":0,"31":0,"32":0,"33":0,"34":0,"35":0,"36":0,"37":0,"38":0,"39":0},"f":{"0":0,"1":0,"2":0,"3":0,"4":0,"5":0,"6":0,"7":0,"8":0,"9":0,"10":0,"11":0,"12":0,"13":0,"14":0},"b":{"0":[0],"1":[0,0],"2":[0,0],"3":[0],"4":[0,0],"5":[0,0]}}
,"C:\\Users\\athit\\Demo Projects\\1-stayease-booking-app\\src\\app\\shared\\components\\room-card\\room-card.component.ts": {"path":"C:\\Users\\athit\\Demo Projects\\1-stayease-booking-app\\src\\app\\shared\\components\\room-card\\room-card.component.ts","statementMap":{"0":{"start":{"line":1,"column":0},"end":{"line":1,"column":65}},"1":{"start":{"line":2,"column":0},"end":{"line":2,"column":45}},"2":{"start":{"line":3,"column":0},"end":{"line":3,"column":47}},"3":{"start":{"line":5,"column":0},"end":{"line":5,"column":74}},"4":{"start":{"line":6,"column":0},"end":{"line":6,"column":66}},"5":{"start":{"line":249,"column":12},"end":{"line":249,"column":54}},"6":{"start":{"line":250,"column":12},"end":{"line":250,"column":46}},"7":{"start":{"line":252,"column":2},"end":{"line":252,"column":88}},"8":{"start":{"line":253,"column":2},"end":{"line":253,"column":20}},"9":{"start":{"line":254,"column":2},"end":{"line":254,"column":21}},"10":{"start":{"line":255,"column":2},"end":{"line":255,"column":18}},"11":{"start":{"line":258,"column":45},"end":{"line":263,"column":6}},"12":{"start":{"line":264,"column":4},"end":{"line":264,"column":78}},"13":{"start":{"line":266,"column":18},"end":{"line":266,"column":46}},"14":{"start":{"line":267,"column":4},"end":{"line":267,"column":61}},"15":{"start":{"line":269,"column":4},"end":{"line":273,"column":5}},"16":{"start":{"line":270,"column":6},"end":{"line":272,"column":8}},"17":{"start":{"line":277,"column":5},"end":{"line":277,"column":65}},"18":{"start":{"line":281,"column":4},"end":{"line":281,"column":28}},"19":{"start":{"line":282,"column":4},"end":{"line":282,"column":27}},"20":{"start":{"line":283,"column":4},"end":{"line":283,"column":58}},"21":{"start":{"line":246,"column":13},"end":{"line":246,"column":30}},"22":{"start":{"line":246,"column":13},"end":{"line":285,"column":null}}},"fnMap":{"0":{"name":"(anonymous_0)","decl":{"start":{"line":246,"column":7},"end":{"line":246,"column":13}},"loc":{"start":{"line":246,"column":7},"end":{"line":285,"column":1}}},"1":{"name":"(anonymous_1)","decl":{"start":{"line":257,"column":2},"end":{"line":257,"column":10}},"loc":{"start":{"line":257,"column":10},"end":{"line":274,"column":3}}},"2":{"name":"(anonymous_2)","decl":{"start":{"line":276,"column":2},"end":{"line":276,"column":12}},"loc":{"start":{"line":276,"column":25},"end":{"line":278,"column":3}}},"3":{"name":"(anonymous_3)","decl":{"start":{"line":280,"column":2},"end":{"line":280,"column":16}},"loc":{"start":{"line":280,"column":29},"end":{"line":284,"column":3}}}},"branchMap":{"0":{"loc":{"start":{"line":264,"column":25},"end":{"line":264,"column":77}},"type":"binary-expr","locations":[{"start":{"line":264,"column":25},"end":{"line":264,"column":54}},{"start":{"line":264,"column":58},"end":{"line":264,"column":77}}]},"1":{"loc":{"start":{"line":269,"column":4},"end":{"line":273,"column":5}},"type":"if","locations":[{"start":{"line":269,"column":4},"end":{"line":273,"column":5}}]},"2":{"loc":{"start":{"line":269,"column":8},"end":{"line":269,"column":78}},"type":"binary-expr","locations":[{"start":{"line":269,"column":8},"end":{"line":269,"column":32}},{"start":{"line":269,"column":36},"end":{"line":269,"column":78}}]}},"s":{"0":0,"1":0,"2":0,"3":0,"4":0,"5":0,"6":0,"7":0,"8":0,"9":0,"10":0,"11":0,"12":0,"13":0,"14":0,"15":0,"16":0,"17":0,"18":0,"19":0,"20":0,"21":0,"22":0},"f":{"0":0,"1":0,"2":0,"3":0},"b":{"0":[0,0],"1":[0],"2":[0,0]}}
}
