{"C:\\Users\\athit\\Demo Projects\\1-stayease-booking-app\\src\\app\\app.component.ts": {"path":"C:\\Users\\athit\\Demo Projects\\1-stayease-booking-app\\src\\app\\app.component.ts","statementMap":{"0":{"start":{"line":1,"column":0},"end":{"line":1,"column":42}},"1":{"start":{"line":2,"column":0},"end":{"line":2,"column":47}},"2":{"start":{"line":3,"column":0},"end":{"line":3,"column":78}},"3":{"start":{"line":4,"column":0},"end":{"line":4,"column":78}},"4":{"start":{"line":23,"column":7},"end":{"line":23,"column":null}},"5":{"start":{"line":23,"column":13},"end":{"line":23,"column":25}},"6":{"start":{"line":23,"column":13},"end":{"line":23,"column":null}}},"fnMap":{},"branchMap":{},"s":{"0":0,"1":0,"2":0,"3":0,"4":0,"5":0,"6":0},"f":{},"b":{}}
,"C:\\Users\\athit\\Demo Projects\\1-stayease-booking-app\\src\\app\\app.config.ts": {"path":"C:\\Users\\athit\\Demo Projects\\1-stayease-booking-app\\src\\app\\app.config.ts","statementMap":{"0":{"start":{"line":1,"column":0},"end":{"line":1,"column":78}},"1":{"start":{"line":2,"column":0},"end":{"line":2,"column":119}},"2":{"start":{"line":3,"column":0},"end":{"line":3,"column":75}},"3":{"start":{"line":4,"column":0},"end":{"line":4,"column":73}},"4":{"start":{"line":5,"column":0},"end":{"line":5,"column":38}},"5":{"start":{"line":7,"column":13},"end":{"line":22,"column":2}}},"fnMap":{},"branchMap":{},"s":{"0":0,"1":0,"2":0,"3":0,"4":0,"5":0},"f":{},"b":{}}
,"C:\\Users\\athit\\Demo Projects\\1-stayease-booking-app\\src\\app\\app.routes.ts": {"path":"C:\\Users\\athit\\Demo Projects\\1-stayease-booking-app\\src\\app\\app.routes.ts","statementMap":{"0":{"start":{"line":3,"column":13},"end":{"line":35,"column":2}},"1":{"start":{"line":7,"column":6},"end":{"line":7,"column":82}},"2":{"start":{"line":7,"column":6},"end":{"line":7,"column":53}},"3":{"start":{"line":7,"column":63},"end":{"line":7,"column":81}},"4":{"start":{"line":13,"column":6},"end":{"line":13,"column":102}},"5":{"start":{"line":13,"column":6},"end":{"line":13,"column":67}},"6":{"start":{"line":13,"column":77},"end":{"line":13,"column":101}},"7":{"start":{"line":19,"column":6},"end":{"line":19,"column":93}},"8":{"start":{"line":19,"column":6},"end":{"line":19,"column":61}},"9":{"start":{"line":19,"column":71},"end":{"line":19,"column":92}},"10":{"start":{"line":25,"column":6},"end":{"line":25,"column":85}},"11":{"start":{"line":25,"column":6},"end":{"line":25,"column":55}},"12":{"start":{"line":25,"column":65},"end":{"line":25,"column":84}},"13":{"start":{"line":31,"column":6},"end":{"line":31,"column":120}},"14":{"start":{"line":31,"column":6},"end":{"line":31,"column":79}},"15":{"start":{"line":31,"column":89},"end":{"line":31,"column":119}}},"fnMap":{"0":{"name":"(anonymous_0)","decl":{"start":{"line":6,"column":19},"end":{"line":6,"column":22}},"loc":{"start":{"line":7,"column":6},"end":{"line":7,"column":82}}},"1":{"name":"(anonymous_1)","decl":{"start":{"line":7,"column":6},"end":{"line":7,"column":13}},"loc":{"start":{"line":7,"column":6},"end":{"line":7,"column":53}}},"2":{"name":"(anonymous_2)","decl":{"start":{"line":7,"column":58},"end":{"line":7,"column":59}},"loc":{"start":{"line":7,"column":63},"end":{"line":7,"column":81}}},"3":{"name":"(anonymous_3)","decl":{"start":{"line":12,"column":19},"end":{"line":12,"column":22}},"loc":{"start":{"line":13,"column":6},"end":{"line":13,"column":102}}},"4":{"name":"(anonymous_4)","decl":{"start":{"line":13,"column":6},"end":{"line":13,"column":13}},"loc":{"start":{"line":13,"column":6},"end":{"line":13,"column":67}}},"5":{"name":"(anonymous_5)","decl":{"start":{"line":13,"column":72},"end":{"line":13,"column":73}},"loc":{"start":{"line":13,"column":77},"end":{"line":13,"column":101}}},"6":{"name":"(anonymous_6)","decl":{"start":{"line":18,"column":19},"end":{"line":18,"column":22}},"loc":{"start":{"line":19,"column":6},"end":{"line":19,"column":93}}},"7":{"name":"(anonymous_7)","decl":{"start":{"line":19,"column":6},"end":{"line":19,"column":13}},"loc":{"start":{"line":19,"column":6},"end":{"line":19,"column":61}}},"8":{"name":"(anonymous_8)","decl":{"start":{"line":19,"column":66},"end":{"line":19,"column":67}},"loc":{"start":{"line":19,"column":71},"end":{"line":19,"column":92}}},"9":{"name":"(anonymous_9)","decl":{"start":{"line":24,"column":19},"end":{"line":24,"column":22}},"loc":{"start":{"line":25,"column":6},"end":{"line":25,"column":85}}},"10":{"name":"(anonymous_10)","decl":{"start":{"line":25,"column":6},"end":{"line":25,"column":13}},"loc":{"start":{"line":25,"column":6},"end":{"line":25,"column":55}}},"11":{"name":"(anonymous_11)","decl":{"start":{"line":25,"column":60},"end":{"line":25,"column":61}},"loc":{"start":{"line":25,"column":65},"end":{"line":25,"column":84}}},"12":{"name":"(anonymous_12)","decl":{"start":{"line":30,"column":19},"end":{"line":30,"column":22}},"loc":{"start":{"line":31,"column":6},"end":{"line":31,"column":120}}},"13":{"name":"(anonymous_13)","decl":{"start":{"line":31,"column":6},"end":{"line":31,"column":13}},"loc":{"start":{"line":31,"column":6},"end":{"line":31,"column":79}}},"14":{"name":"(anonymous_14)","decl":{"start":{"line":31,"column":84},"end":{"line":31,"column":85}},"loc":{"start":{"line":31,"column":89},"end":{"line":31,"column":119}}}},"branchMap":{},"s":{"0":0,"1":0,"2":0,"3":0,"4":0,"5":0,"6":0,"7":0,"8":0,"9":0,"10":0,"11":0,"12":0,"13":0,"14":0,"15":0},"f":{"0":0,"1":0,"2":0,"3":0,"4":0,"5":0,"6":0,"7":0,"8":0,"9":0,"10":0,"11":0,"12":0,"13":0,"14":0},"b":{}}
,"C:\\Users\\athit\\Demo Projects\\1-stayease-booking-app\\src\\app\\core\\services\\booking.service.ts": {"path":"C:\\Users\\athit\\Demo Projects\\1-stayease-booking-app\\src\\app\\core\\services\\booking.service.ts","statementMap":{"0":{"start":{"line":1,"column":0},"end":{"line":1,"column":51}},"1":{"start":{"line":2,"column":0},"end":{"line":2,"column":62}},"2":{"start":{"line":3,"column":0},"end":{"line":3,"column":51}},"3":{"start":{"line":5,"column":0},"end":{"line":5,"column":64}},"4":{"start":{"line":21,"column":7},"end":{"line":62,"column":null}},"5":{"start":{"line":22,"column":10},"end":{"line":22,"column":36}},"6":{"start":{"line":23,"column":10},"end":{"line":23,"column":50}},"7":{"start":{"line":26,"column":10},"end":{"line":26,"column":76}},"8":{"start":{"line":27,"column":2},"end":{"line":27,"column":55}},"9":{"start":{"line":30,"column":4},"end":{"line":30,"column":37}},"10":{"start":{"line":32,"column":4},"end":{"line":32,"column":68}},"11":{"start":{"line":36,"column":19},"end":{"line":36,"column":59}},"12":{"start":{"line":37,"column":4},"end":{"line":41,"column":5}},"13":{"start":{"line":38,"column":20},"end":{"line":38,"column":55}},"14":{"start":{"line":39,"column":6},"end":{"line":39,"column":39}},"15":{"start":{"line":40,"column":6},"end":{"line":40,"column":19}},"16":{"start":{"line":42,"column":4},"end":{"line":42,"column":38}},"17":{"start":{"line":46,"column":4},"end":{"line":46,"column":52}},"18":{"start":{"line":50,"column":4},"end":{"line":50,"column":61}},"19":{"start":{"line":54,"column":4},"end":{"line":56,"column":7}},"20":{"start":{"line":60,"column":4},"end":{"line":60,"column":69}},"21":{"start":{"line":21,"column":13},"end":{"line":21,"column":27}},"22":{"start":{"line":21,"column":13},"end":{"line":62,"column":null}}},"fnMap":{"0":{"name":"(anonymous_0)","decl":{"start":{"line":21,"column":7},"end":{"line":21,"column":13}},"loc":{"start":{"line":21,"column":7},"end":{"line":62,"column":1}}},"1":{"name":"(anonymous_1)","decl":{"start":{"line":29,"column":2},"end":{"line":29,"column":18}},"loc":{"start":{"line":29,"column":39},"end":{"line":33,"column":3}}},"2":{"name":"(anonymous_2)","decl":{"start":{"line":35,"column":2},"end":{"line":35,"column":18}},"loc":{"start":{"line":35,"column":18},"end":{"line":43,"column":3}}},"3":{"name":"(anonymous_3)","decl":{"start":{"line":45,"column":2},"end":{"line":45,"column":15}},"loc":{"start":{"line":45,"column":42},"end":{"line":47,"column":3}}},"4":{"name":"(anonymous_4)","decl":{"start":{"line":49,"column":2},"end":{"line":49,"column":17}},"loc":{"start":{"line":49,"column":29},"end":{"line":51,"column":3}}},"5":{"name":"(anonymous_5)","decl":{"start":{"line":53,"column":2},"end":{"line":53,"column":19}},"loc":{"start":{"line":53,"column":33},"end":{"line":57,"column":3}}},"6":{"name":"(anonymous_6)","decl":{"start":{"line":59,"column":2},"end":{"line":59,"column":15}},"loc":{"start":{"line":59,"column":26},"end":{"line":61,"column":3}}}},"branchMap":{"0":{"loc":{"start":{"line":37,"column":4},"end":{"line":41,"column":5}},"type":"if","locations":[{"start":{"line":37,"column":4},"end":{"line":41,"column":5}},{"start":{},"end":{}}]}},"s":{"0":5,"1":5,"2":5,"3":5,"4":5,"5":8,"6":8,"7":8,"8":8,"9":2,"10":2,"11":3,"12":3,"13":2,"14":2,"15":2,"16":1,"17":1,"18":1,"19":1,"20":1,"21":5,"22":5},"f":{"0":8,"1":2,"2":3,"3":1,"4":1,"5":1,"6":1},"b":{"0":[2,1]}}
,"C:\\Users\\athit\\Demo Projects\\1-stayease-booking-app\\src\\app\\core\\services\\room.service.ts": {"path":"C:\\Users\\athit\\Demo Projects\\1-stayease-booking-app\\src\\app\\core\\services\\room.service.ts","statementMap":{"0":{"start":{"line":1,"column":0},"end":{"line":1,"column":51}},"1":{"start":{"line":2,"column":0},"end":{"line":2,"column":62}},"2":{"start":{"line":4,"column":0},"end":{"line":4,"column":64}},"3":{"start":{"line":8,"column":7},"end":{"line":33,"column":null}},"4":{"start":{"line":9,"column":10},"end":{"line":9,"column":36}},"5":{"start":{"line":10,"column":10},"end":{"line":10,"column":47}},"6":{"start":{"line":13,"column":21},"end":{"line":13,"column":37}},"7":{"start":{"line":14,"column":4},"end":{"line":20,"column":5}},"8":{"start":{"line":15,"column":6},"end":{"line":19,"column":9}},"9":{"start":{"line":16,"column":8},"end":{"line":18,"column":9}},"10":{"start":{"line":17,"column":10},"end":{"line":17,"column":52}},"11":{"start":{"line":21,"column":4},"end":{"line":21,"column":78}},"12":{"start":{"line":25,"column":4},"end":{"line":27,"column":7}},"13":{"start":{"line":31,"column":4},"end":{"line":31,"column":53}},"14":{"start":{"line":8,"column":13},"end":{"line":8,"column":24}},"15":{"start":{"line":8,"column":13},"end":{"line":33,"column":null}}},"fnMap":{"0":{"name":"(anonymous_0)","decl":{"start":{"line":8,"column":7},"end":{"line":8,"column":13}},"loc":{"start":{"line":8,"column":7},"end":{"line":33,"column":1}}},"1":{"name":"(anonymous_1)","decl":{"start":{"line":12,"column":2},"end":{"line":12,"column":10}},"loc":{"start":{"line":12,"column":36},"end":{"line":22,"column":3}}},"2":{"name":"(anonymous_2)","decl":{"start":{"line":15,"column":37},"end":{"line":15,"column":38}},"loc":{"start":{"line":15,"column":48},"end":{"line":19,"column":7}}},"3":{"name":"(anonymous_3)","decl":{"start":{"line":24,"column":2},"end":{"line":24,"column":18}},"loc":{"start":{"line":24,"column":28},"end":{"line":28,"column":3}}},"4":{"name":"(anonymous_4)","decl":{"start":{"line":30,"column":2},"end":{"line":30,"column":9}},"loc":{"start":{"line":30,"column":20},"end":{"line":32,"column":3}}}},"branchMap":{"0":{"loc":{"start":{"line":14,"column":4},"end":{"line":20,"column":5}},"type":"if","locations":[{"start":{"line":14,"column":4},"end":{"line":20,"column":5}},{"start":{},"end":{}}]},"1":{"loc":{"start":{"line":16,"column":8},"end":{"line":18,"column":9}},"type":"if","locations":[{"start":{"line":16,"column":8},"end":{"line":18,"column":9}},{"start":{},"end":{}}]},"2":{"loc":{"start":{"line":16,"column":12},"end":{"line":16,"column":53}},"type":"binary-expr","locations":[{"start":{"line":16,"column":12},"end":{"line":16,"column":27}},{"start":{"line":16,"column":31},"end":{"line":16,"column":41}},{"start":{"line":16,"column":45},"end":{"line":16,"column":53}}]},"3":{"loc":{"start":{"line":24,"column":19},"end":{"line":24,"column":28}},"type":"default-arg","locations":[{"start":{"line":24,"column":27},"end":{"line":24,"column":28}}]}},"s":{"0":3,"1":3,"2":3,"3":3,"4":2,"5":2,"6":1,"7":1,"8":1,"9":4,"10":2,"11":1,"12":1,"13":1,"14":3,"15":3},"f":{"0":2,"1":1,"2":4,"3":1,"4":1},"b":{"0":[1,0],"1":[2,2],"2":[4,3,3],"3":[0]}}
,"C:\\Users\\athit\\Demo Projects\\1-stayease-booking-app\\src\\app\\features\\booking-confirmation\\booking-confirmation.component.ts": {"path":"C:\\Users\\athit\\Demo Projects\\1-stayease-booking-app\\src\\app\\features\\booking-confirmation\\booking-confirmation.component.ts","statementMap":{"0":{"start":{"line":1,"column":0},"end":{"line":1,"column":58}},"1":{"start":{"line":2,"column":0},"end":{"line":2,"column":47}},"2":{"start":{"line":3,"column":0},"end":{"line":3,"column":61}},"3":{"start":{"line":5,"column":0},"end":{"line":5,"column":69}},"4":{"start":{"line":249,"column":7},"end":{"line":276,"column":null}},"5":{"start":{"line":250,"column":10},"end":{"line":250,"column":41}},"6":{"start":{"line":251,"column":10},"end":{"line":251,"column":50}},"7":{"start":{"line":252,"column":2},"end":{"line":252,"column":18}},"8":{"start":{"line":253,"column":2},"end":{"line":253,"column":33}},"9":{"start":{"line":254,"column":2},"end":{"line":254,"column":17}},"10":{"start":{"line":255,"column":2},"end":{"line":255,"column":13}},"11":{"start":{"line":258,"column":4},"end":{"line":258,"column":83}},"12":{"start":{"line":259,"column":4},"end":{"line":263,"column":5}},"13":{"start":{"line":260,"column":6},"end":{"line":260,"column":27}},"14":{"start":{"line":261,"column":6},"end":{"line":261,"column":78}},"15":{"start":{"line":262,"column":6},"end":{"line":262,"column":13}},"16":{"start":{"line":265,"column":4},"end":{"line":274,"column":7}},"17":{"start":{"line":267,"column":8},"end":{"line":267,"column":31}},"18":{"start":{"line":268,"column":8},"end":{"line":268,"column":29}},"19":{"start":{"line":271,"column":8},"end":{"line":271,"column":73}},"20":{"start":{"line":272,"column":8},"end":{"line":272,"column":29}},"21":{"start":{"line":249,"column":13},"end":{"line":249,"column":41}},"22":{"start":{"line":249,"column":13},"end":{"line":276,"column":null}}},"fnMap":{"0":{"name":"(anonymous_0)","decl":{"start":{"line":249,"column":7},"end":{"line":249,"column":13}},"loc":{"start":{"line":249,"column":7},"end":{"line":276,"column":1}}},"1":{"name":"(anonymous_1)","decl":{"start":{"line":257,"column":2},"end":{"line":257,"column":10}},"loc":{"start":{"line":257,"column":10},"end":{"line":275,"column":3}}},"2":{"name":"(anonymous_2)","decl":{"start":{"line":266,"column":12},"end":{"line":266,"column":13}},"loc":{"start":{"line":266,"column":24},"end":{"line":269,"column":7}}},"3":{"name":"(anonymous_3)","decl":{"start":{"line":270,"column":13},"end":{"line":270,"column":16}},"loc":{"start":{"line":270,"column":18},"end":{"line":273,"column":7}}}},"branchMap":{"0":{"loc":{"start":{"line":258,"column":22},"end":{"line":258,"column":82}},"type":"binary-expr","locations":[{"start":{"line":258,"column":22},"end":{"line":258,"column":66}},{"start":{"line":258,"column":70},"end":{"line":258,"column":82}}]},"1":{"loc":{"start":{"line":259,"column":4},"end":{"line":263,"column":5}},"type":"if","locations":[{"start":{"line":259,"column":4},"end":{"line":263,"column":5}},{"start":{},"end":{}}]}},"s":{"0":1,"1":1,"2":1,"3":1,"4":1,"5":2,"6":2,"7":2,"8":2,"9":2,"10":2,"11":2,"12":2,"13":0,"14":0,"15":0,"16":2,"17":1,"18":1,"19":1,"20":1,"21":1,"22":1},"f":{"0":2,"1":2,"2":1,"3":1},"b":{"0":[2,0],"1":[0,2]}}
,"C:\\Users\\athit\\Demo Projects\\1-stayease-booking-app\\src\\app\\features\\checkout\\checkout.component.ts": {"path":"C:\\Users\\athit\\Demo Projects\\1-stayease-booking-app\\src\\app\\features\\checkout\\checkout.component.ts","statementMap":{"0":{"start":{"line":1,"column":0},"end":{"line":1,"column":66}},"1":{"start":{"line":2,"column":0},"end":{"line":2,"column":47}},"2":{"start":{"line":3,"column":0},"end":{"line":3,"column":69}},"3":{"start":{"line":4,"column":0},"end":{"line":4,"column":45}},"4":{"start":{"line":5,"column":0},"end":{"line":5,"column":84}},"5":{"start":{"line":6,"column":0},"end":{"line":6,"column":64}},"6":{"start":{"line":151,"column":7},"end":{"line":224,"column":null}},"7":{"start":{"line":152,"column":10},"end":{"line":152,"column":41}},"8":{"start":{"line":153,"column":10},"end":{"line":153,"column":34}},"9":{"start":{"line":154,"column":10},"end":{"line":154,"column":50}},"10":{"start":{"line":156,"column":2},"end":{"line":156,"column":53}},"11":{"start":{"line":157,"column":2},"end":{"line":157,"column":29}},"12":{"start":{"line":158,"column":2},"end":{"line":158,"column":27}},"13":{"start":{"line":160,"column":2},"end":{"line":160,"column":21}},"14":{"start":{"line":161,"column":2},"end":{"line":161,"column":23}},"15":{"start":{"line":162,"column":2},"end":{"line":162,"column":20}},"16":{"start":{"line":163,"column":2},"end":{"line":163,"column":25}},"17":{"start":{"line":164,"column":2},"end":{"line":164,"column":20}},"18":{"start":{"line":166,"column":2},"end":{"line":171,"column":4}},"19":{"start":{"line":174,"column":18},"end":{"line":174,"column":56}},"20":{"start":{"line":175,"column":4},"end":{"line":178,"column":5}},"21":{"start":{"line":176,"column":6},"end":{"line":176,"column":40}},"22":{"start":{"line":177,"column":6},"end":{"line":177,"column":13}},"23":{"start":{"line":179,"column":4},"end":{"line":179,"column":34}},"24":{"start":{"line":180,"column":19},"end":{"line":181,"column":null}},"25":{"start":{"line":183,"column":4},"end":{"line":183,"column":28}},"26":{"start":{"line":184,"column":16},"end":{"line":184,"column":49}},"27":{"start":{"line":185,"column":16},"end":{"line":185,"column":38}},"28":{"start":{"line":186,"column":16},"end":{"line":186,"column":38}},"29":{"start":{"line":187,"column":4},"end":{"line":187,"column":27}},"30":{"start":{"line":188,"column":4},"end":{"line":188,"column":24}},"31":{"start":{"line":189,"column":4},"end":{"line":189,"column":29}},"32":{"start":{"line":190,"column":4},"end":{"line":190,"column":36}},"33":{"start":{"line":194,"column":4},"end":{"line":197,"column":5}},"34":{"start":{"line":195,"column":6},"end":{"line":195,"column":50}},"35":{"start":{"line":196,"column":6},"end":{"line":196,"column":13}},"36":{"start":{"line":198,"column":4},"end":{"line":198,"column":30}},"37":{"start":{"line":199,"column":4},"end":{"line":199,"column":29}},"38":{"start":{"line":200,"column":18},"end":{"line":200,"column":39}},"39":{"start":{"line":202,"column":4},"end":{"line":222,"column":7}},"40":{"start":{"line":213,"column":8},"end":{"line":213,"column":75}},"41":{"start":{"line":215,"column":27},"end":{"line":215,"column":109}},"42":{"start":{"line":216,"column":8},"end":{"line":216,"column":42}},"43":{"start":{"line":219,"column":8},"end":{"line":219,"column":90}},"44":{"start":{"line":220,"column":8},"end":{"line":220,"column":35}},"45":{"start":{"line":151,"column":13},"end":{"line":151,"column":30}},"46":{"start":{"line":151,"column":13},"end":{"line":224,"column":null}}},"fnMap":{"0":{"name":"(anonymous_0)","decl":{"start":{"line":151,"column":7},"end":{"line":151,"column":13}},"loc":{"start":{"line":151,"column":7},"end":{"line":224,"column":1}}},"1":{"name":"(anonymous_1)","decl":{"start":{"line":173,"column":2},"end":{"line":173,"column":10}},"loc":{"start":{"line":173,"column":10},"end":{"line":191,"column":3}}},"2":{"name":"(anonymous_2)","decl":{"start":{"line":193,"column":2},"end":{"line":193,"column":18}},"loc":{"start":{"line":193,"column":18},"end":{"line":223,"column":3}}},"3":{"name":"(anonymous_3)","decl":{"start":{"line":212,"column":12},"end":{"line":212,"column":19}},"loc":{"start":{"line":212,"column":22},"end":{"line":217,"column":7}}},"4":{"name":"(anonymous_4)","decl":{"start":{"line":218,"column":13},"end":{"line":218,"column":16}},"loc":{"start":{"line":218,"column":18},"end":{"line":221,"column":7}}}},"branchMap":{"0":{"loc":{"start":{"line":175,"column":4},"end":{"line":178,"column":5}},"type":"if","locations":[{"start":{"line":175,"column":4},"end":{"line":178,"column":5}},{"start":{},"end":{}}]},"1":{"loc":{"start":{"line":184,"column":17},"end":{"line":184,"column":39}},"type":"binary-expr","locations":[{"start":{"line":184,"column":17},"end":{"line":184,"column":34}},{"start":{"line":184,"column":38},"end":{"line":184,"column":39}}]},"2":{"loc":{"start":{"line":194,"column":4},"end":{"line":197,"column":5}},"type":"if","locations":[{"start":{"line":194,"column":4},"end":{"line":197,"column":5}},{"start":{},"end":{}}]},"3":{"loc":{"start":{"line":194,"column":8},"end":{"line":194,"column":48}},"type":"binary-expr","locations":[{"start":{"line":194,"column":8},"end":{"line":194,"column":28}},{"start":{"line":194,"column":32},"end":{"line":194,"column":48}}]}},"s":{"0":1,"1":1,"2":1,"3":1,"4":1,"5":1,"6":1,"7":5,"8":5,"9":5,"10":5,"11":5,"12":5,"13":5,"14":5,"15":5,"16":5,"17":5,"18":5,"19":5,"20":5,"21":1,"22":1,"23":4,"24":4,"25":4,"26":4,"27":4,"28":4,"29":4,"30":4,"31":4,"32":4,"33":3,"34":1,"35":1,"36":2,"37":2,"38":2,"39":2,"40":1,"41":1,"42":1,"43":1,"44":1,"45":1,"46":1},"f":{"0":5,"1":5,"2":3,"3":1,"4":1},"b":{"0":[1,4],"1":[4,0],"2":[1,2],"3":[3,2]}}
,"C:\\Users\\athit\\Demo Projects\\1-stayease-booking-app\\src\\app\\features\\landing\\landing.component.ts": {"path":"C:\\Users\\athit\\Demo Projects\\1-stayease-booking-app\\src\\app\\features\\landing\\landing.component.ts","statementMap":{"0":{"start":{"line":1,"column":0},"end":{"line":1,"column":66}},"1":{"start":{"line":2,"column":0},"end":{"line":2,"column":47}},"2":{"start":{"line":3,"column":0},"end":{"line":3,"column":53}},"3":{"start":{"line":4,"column":0},"end":{"line":4,"column":45}},"4":{"start":{"line":5,"column":0},"end":{"line":5,"column":63}},"5":{"start":{"line":6,"column":0},"end":{"line":6,"column":90}},"6":{"start":{"line":248,"column":7},"end":{"line":315,"column":null}},"7":{"start":{"line":249,"column":10},"end":{"line":249,"column":44}},"8":{"start":{"line":250,"column":10},"end":{"line":250,"column":34}},"9":{"start":{"line":252,"column":2},"end":{"line":252,"column":37}},"10":{"start":{"line":253,"column":2},"end":{"line":253,"column":30}},"11":{"start":{"line":254,"column":2},"end":{"line":254,"column":29}},"12":{"start":{"line":256,"column":2},"end":{"line":256,"column":18}},"13":{"start":{"line":257,"column":2},"end":{"line":257,"column":15}},"14":{"start":{"line":258,"column":2},"end":{"line":258,"column":16}},"15":{"start":{"line":259,"column":2},"end":{"line":259,"column":13}},"16":{"start":{"line":260,"column":2},"end":{"line":260,"column":49}},"17":{"start":{"line":261,"column":2},"end":{"line":261,"column":73}},"18":{"start":{"line":263,"column":2},"end":{"line":268,"column":5}},"19":{"start":{"line":264,"column":14},"end":{"line":264,"column":33}},"20":{"start":{"line":265,"column":14},"end":{"line":265,"column":33}},"21":{"start":{"line":266,"column":18},"end":{"line":266,"column":35}},"22":{"start":{"line":267,"column":4},"end":{"line":267,"column":60}},"23":{"start":{"line":270,"column":2},"end":{"line":276,"column":4}},"24":{"start":{"line":278,"column":2},"end":{"line":283,"column":4}},"25":{"start":{"line":285,"column":2},"end":{"line":289,"column":4}},"26":{"start":{"line":292,"column":4},"end":{"line":303,"column":7}},"27":{"start":{"line":294,"column":8},"end":{"line":294,"column":38}},"28":{"start":{"line":295,"column":8},"end":{"line":295,"column":35}},"29":{"start":{"line":296,"column":8},"end":{"line":296,"column":37}},"30":{"start":{"line":299,"column":8},"end":{"line":299,"column":35}},"31":{"start":{"line":300,"column":8},"end":{"line":300,"column":34}},"32":{"start":{"line":301,"column":8},"end":{"line":301,"column":37}},"33":{"start":{"line":307,"column":52},"end":{"line":307,"column":54}},"34":{"start":{"line":308,"column":4},"end":{"line":308,"column":58}},"35":{"start":{"line":308,"column":25},"end":{"line":308,"column":58}},"36":{"start":{"line":309,"column":4},"end":{"line":309,"column":59}},"37":{"start":{"line":309,"column":25},"end":{"line":309,"column":59}},"38":{"start":{"line":310,"column":4},"end":{"line":310,"column":61}},"39":{"start":{"line":310,"column":25},"end":{"line":310,"column":61}},"40":{"start":{"line":311,"column":4},"end":{"line":311,"column":56}},"41":{"start":{"line":311,"column":25},"end":{"line":311,"column":56}},"42":{"start":{"line":312,"column":4},"end":{"line":312,"column":63}},"43":{"start":{"line":248,"column":13},"end":{"line":248,"column":29}},"44":{"start":{"line":248,"column":13},"end":{"line":315,"column":null}}},"fnMap":{"0":{"name":"(anonymous_0)","decl":{"start":{"line":248,"column":7},"end":{"line":248,"column":13}},"loc":{"start":{"line":248,"column":7},"end":{"line":315,"column":1}}},"1":{"name":"(anonymous_1)","decl":{"start":{"line":263,"column":41},"end":{"line":263,"column":42}},"loc":{"start":{"line":263,"column":50},"end":{"line":268,"column":3}}},"2":{"name":"(anonymous_2)","decl":{"start":{"line":291,"column":2},"end":{"line":291,"column":10}},"loc":{"start":{"line":291,"column":10},"end":{"line":304,"column":3}}},"3":{"name":"(anonymous_3)","decl":{"start":{"line":293,"column":12},"end":{"line":293,"column":17}},"loc":{"start":{"line":293,"column":20},"end":{"line":297,"column":7}}},"4":{"name":"(anonymous_4)","decl":{"start":{"line":298,"column":13},"end":{"line":298,"column":16}},"loc":{"start":{"line":298,"column":18},"end":{"line":302,"column":7}}},"5":{"name":"(anonymous_5)","decl":{"start":{"line":306,"column":2},"end":{"line":306,"column":8}},"loc":{"start":{"line":306,"column":8},"end":{"line":313,"column":3}}}},"branchMap":{"0":{"loc":{"start":{"line":308,"column":4},"end":{"line":308,"column":58}},"type":"if","locations":[{"start":{"line":308,"column":4},"end":{"line":308,"column":58}},{"start":{},"end":{}}]},"1":{"loc":{"start":{"line":309,"column":4},"end":{"line":309,"column":59}},"type":"if","locations":[{"start":{"line":309,"column":4},"end":{"line":309,"column":59}},{"start":{},"end":{}}]},"2":{"loc":{"start":{"line":310,"column":4},"end":{"line":310,"column":61}},"type":"if","locations":[{"start":{"line":310,"column":4},"end":{"line":310,"column":61}},{"start":{},"end":{}}]},"3":{"loc":{"start":{"line":311,"column":4},"end":{"line":311,"column":56}},"type":"if","locations":[{"start":{"line":311,"column":4},"end":{"line":311,"column":56}},{"start":{},"end":{}}]}},"s":{"0":0,"1":0,"2":0,"3":0,"4":0,"5":0,"6":0,"7":0,"8":0,"9":0,"10":0,"11":0,"12":0,"13":0,"14":0,"15":0,"16":0,"17":0,"18":0,"19":0,"20":0,"21":0,"22":0,"23":0,"24":0,"25":0,"26":0,"27":0,"28":0,"29":0,"30":0,"31":0,"32":0,"33":0,"34":0,"35":0,"36":0,"37":0,"38":0,"39":0,"40":0,"41":0,"42":0,"43":0,"44":0},"f":{"0":0,"1":0,"2":0,"3":0,"4":0,"5":0},"b":{"0":[0,0],"1":[0,0],"2":[0,0],"3":[0,0]}}
,"C:\\Users\\athit\\Demo Projects\\1-stayease-booking-app\\src\\app\\features\\room-detail\\room-detail.component.ts": {"path":"C:\\Users\\athit\\Demo Projects\\1-stayease-booking-app\\src\\app\\features\\room-detail\\room-detail.component.ts","statementMap":{"0":{"start":{"line":1,"column":0},"end":{"line":1,"column":76}},"1":{"start":{"line":2,"column":0},"end":{"line":2,"column":47}},"2":{"start":{"line":3,"column":0},"end":{"line":3,"column":69}},"3":{"start":{"line":4,"column":0},"end":{"line":4,"column":45}},"4":{"start":{"line":5,"column":0},"end":{"line":5,"column":63}},"5":{"start":{"line":6,"column":0},"end":{"line":6,"column":69}},"6":{"start":{"line":194,"column":7},"end":{"line":293,"column":null}},"7":{"start":{"line":195,"column":10},"end":{"line":195,"column":41}},"8":{"start":{"line":196,"column":10},"end":{"line":196,"column":34}},"9":{"start":{"line":197,"column":10},"end":{"line":197,"column":44}},"10":{"start":{"line":198,"column":10},"end":{"line":198,"column":50}},"11":{"start":{"line":200,"column":2},"end":{"line":200,"column":35}},"12":{"start":{"line":201,"column":2},"end":{"line":201,"column":25}},"13":{"start":{"line":202,"column":2},"end":{"line":202,"column":28}},"14":{"start":{"line":203,"column":2},"end":{"line":203,"column":29}},"15":{"start":{"line":204,"column":2},"end":{"line":204,"column":39}},"16":{"start":{"line":206,"column":2},"end":{"line":206,"column":15}},"17":{"start":{"line":207,"column":2},"end":{"line":207,"column":16}},"18":{"start":{"line":208,"column":2},"end":{"line":208,"column":13}},"19":{"start":{"line":209,"column":2},"end":{"line":209,"column":49}},"20":{"start":{"line":210,"column":2},"end":{"line":210,"column":73}},"21":{"start":{"line":212,"column":2},"end":{"line":212,"column":21}},"22":{"start":{"line":213,"column":2},"end":{"line":213,"column":26}},"23":{"start":{"line":219,"column":2},"end":{"line":223,"column":7}},"24":{"start":{"line":220,"column":6},"end":{"line":222,"column":28}},"25":{"start":{"line":221,"column":8},"end":{"line":221,"column":58}},"26":{"start":{"line":222,"column":16},"end":{"line":222,"column":26}},"27":{"start":{"line":225,"column":2},"end":{"line":225,"column":27}},"28":{"start":{"line":216,"column":4},"end":{"line":216,"column":81}},"29":{"start":{"line":216,"column":74},"end":{"line":216,"column":79}},"30":{"start":{"line":228,"column":15},"end":{"line":228,"column":61}},"31":{"start":{"line":229,"column":4},"end":{"line":249,"column":7}},"32":{"start":{"line":231,"column":8},"end":{"line":231,"column":28}},"33":{"start":{"line":232,"column":8},"end":{"line":232,"column":34}},"34":{"start":{"line":233,"column":31},"end":{"line":233,"column":69}},"35":{"start":{"line":234,"column":8},"end":{"line":237,"column":18}},"36":{"start":{"line":235,"column":26},"end":{"line":235,"column":63}},"37":{"start":{"line":236,"column":10},"end":{"line":236,"column":76}},"38":{"start":{"line":236,"column":53},"end":{"line":236,"column":73}},"39":{"start":{"line":238,"column":8},"end":{"line":238,"column":37}},"40":{"start":{"line":239,"column":8},"end":{"line":239,"column":44}},"41":{"start":{"line":240,"column":8},"end":{"line":240,"column":32}},"42":{"start":{"line":243,"column":8},"end":{"line":243,"column":28}},"43":{"start":{"line":244,"column":8},"end":{"line":244,"column":35}},"44":{"start":{"line":245,"column":8},"end":{"line":245,"column":33}},"45":{"start":{"line":246,"column":8},"end":{"line":246,"column":33}},"46":{"start":{"line":247,"column":8},"end":{"line":247,"column":32}},"47":{"start":{"line":253,"column":4},"end":{"line":253,"column":33}},"48":{"start":{"line":254,"column":4},"end":{"line":254,"column":52}},"49":{"start":{"line":258,"column":4},"end":{"line":263,"column":5}},"50":{"start":{"line":259,"column":21},"end":{"line":259,"column":115}},"51":{"start":{"line":260,"column":6},"end":{"line":260,"column":42}},"52":{"start":{"line":261,"column":23},"end":{"line":261,"column":64}},"53":{"start":{"line":262,"column":6},"end":{"line":262,"column":56}},"54":{"start":{"line":267,"column":4},"end":{"line":270,"column":5}},"55":{"start":{"line":268,"column":6},"end":{"line":268,"column":58}},"56":{"start":{"line":269,"column":6},"end":{"line":269,"column":13}},"57":{"start":{"line":271,"column":4},"end":{"line":276,"column":7}},"58":{"start":{"line":277,"column":4},"end":{"line":277,"column":57}},"59":{"start":{"line":281,"column":42},"end":{"line":287,"column":6}},"60":{"start":{"line":288,"column":4},"end":{"line":290,"column":5}},"61":{"start":{"line":289,"column":6},"end":{"line":289,"column":68}},"62":{"start":{"line":289,"column":59},"end":{"line":289,"column":68}},"63":{"start":{"line":291,"column":4},"end":{"line":291,"column":15}},"64":{"start":{"line":194,"column":13},"end":{"line":194,"column":32}},"65":{"start":{"line":194,"column":13},"end":{"line":293,"column":null}}},"fnMap":{"0":{"name":"(anonymous_0)","decl":{"start":{"line":194,"column":7},"end":{"line":194,"column":13}},"loc":{"start":{"line":194,"column":7},"end":{"line":293,"column":1}}},"1":{"name":"(anonymous_1)","decl":{"start":{"line":219,"column":33},"end":{"line":219,"column":36}},"loc":{"start":{"line":219,"column":38},"end":{"line":223,"column":5}}},"2":{"name":"(anonymous_2)","decl":{"start":{"line":215,"column":2},"end":{"line":215,"column":6}},"loc":{"start":{"line":215,"column":18},"end":{"line":217,"column":3}}},"3":{"name":"(anonymous_3)","decl":{"start":{"line":216,"column":64},"end":{"line":216,"column":65}},"loc":{"start":{"line":216,"column":74},"end":{"line":216,"column":79}}},"4":{"name":"(anonymous_4)","decl":{"start":{"line":227,"column":2},"end":{"line":227,"column":10}},"loc":{"start":{"line":227,"column":10},"end":{"line":250,"column":3}}},"5":{"name":"(anonymous_5)","decl":{"start":{"line":230,"column":12},"end":{"line":230,"column":16}},"loc":{"start":{"line":230,"column":19},"end":{"line":241,"column":7}}},"6":{"name":"(anonymous_6)","decl":{"start":{"line":236,"column":38},"end":{"line":236,"column":39}},"loc":{"start":{"line":236,"column":53},"end":{"line":236,"column":73}}},"7":{"name":"(anonymous_7)","decl":{"start":{"line":242,"column":13},"end":{"line":242,"column":16}},"loc":{"start":{"line":242,"column":18},"end":{"line":248,"column":7}}},"8":{"name":"(anonymous_8)","decl":{"start":{"line":252,"column":2},"end":{"line":252,"column":16}},"loc":{"start":{"line":252,"column":28},"end":{"line":255,"column":3}}},"9":{"name":"(anonymous_9)","decl":{"start":{"line":257,"column":2},"end":{"line":257,"column":14}},"loc":{"start":{"line":257,"column":14},"end":{"line":264,"column":3}}},"10":{"name":"(anonymous_10)","decl":{"start":{"line":266,"column":2},"end":{"line":266,"column":9}},"loc":{"start":{"line":266,"column":9},"end":{"line":278,"column":3}}},"11":{"name":"(anonymous_11)","decl":{"start":{"line":280,"column":2},"end":{"line":280,"column":16}},"loc":{"start":{"line":280,"column":32},"end":{"line":292,"column":3}}}},"branchMap":{"0":{"loc":{"start":{"line":221,"column":26},"end":{"line":221,"column":56}},"type":"binary-expr","locations":[{"start":{"line":221,"column":26},"end":{"line":221,"column":48}},{"start":{"line":221,"column":52},"end":{"line":221,"column":56}}]},"1":{"loc":{"start":{"line":216,"column":32},"end":{"line":216,"column":60}},"type":"binary-expr","locations":[{"start":{"line":216,"column":32},"end":{"line":216,"column":55}},{"start":{"line":216,"column":59},"end":{"line":216,"column":60}}]},"2":{"loc":{"start":{"line":233,"column":31},"end":{"line":233,"column":69}},"type":"cond-expr","locations":[{"start":{"line":233,"column":48},"end":{"line":233,"column":64}},{"start":{"line":233,"column":67},"end":{"line":233,"column":69}}]},"3":{"loc":{"start":{"line":235,"column":37},"end":{"line":235,"column":62}},"type":"binary-expr","locations":[{"start":{"line":235,"column":37},"end":{"line":235,"column":54}},{"start":{"line":235,"column":58},"end":{"line":235,"column":62}}]},"4":{"loc":{"start":{"line":239,"column":29},"end":{"line":239,"column":42}},"type":"binary-expr","locations":[{"start":{"line":239,"column":29},"end":{"line":239,"column":36}},{"start":{"line":239,"column":40},"end":{"line":239,"column":42}}]},"5":{"loc":{"start":{"line":258,"column":4},"end":{"line":263,"column":5}},"type":"if","locations":[{"start":{"line":258,"column":4},"end":{"line":263,"column":5}},{"start":{},"end":{}}]},"6":{"loc":{"start":{"line":258,"column":8},"end":{"line":258,"column":37}},"type":"binary-expr","locations":[{"start":{"line":258,"column":8},"end":{"line":258,"column":20}},{"start":{"line":258,"column":24},"end":{"line":258,"column":37}}]},"7":{"loc":{"start":{"line":261,"column":24},"end":{"line":261,"column":47}},"type":"binary-expr","locations":[{"start":{"line":261,"column":24},"end":{"line":261,"column":42}},{"start":{"line":261,"column":46},"end":{"line":261,"column":47}}]},"8":{"loc":{"start":{"line":267,"column":4},"end":{"line":270,"column":5}},"type":"if","locations":[{"start":{"line":267,"column":4},"end":{"line":270,"column":5}},{"start":{},"end":{}}]},"9":{"loc":{"start":{"line":267,"column":8},"end":{"line":267,"column":60}},"type":"binary-expr","locations":[{"start":{"line":267,"column":8},"end":{"line":267,"column":21}},{"start":{"line":267,"column":25},"end":{"line":267,"column":39}},{"start":{"line":267,"column":43},"end":{"line":267,"column":60}}]},"10":{"loc":{"start":{"line":289,"column":6},"end":{"line":289,"column":68}},"type":"if","locations":[{"start":{"line":289,"column":6},"end":{"line":289,"column":68}},{"start":{},"end":{}}]}},"s":{"0":1,"1":1,"2":1,"3":1,"4":1,"5":1,"6":1,"7":3,"8":3,"9":3,"10":3,"11":3,"12":3,"13":3,"14":3,"15":3,"16":3,"17":3,"18":3,"19":3,"20":3,"21":3,"22":3,"23":3,"24":1,"25":1,"26":0,"27":3,"28":0,"29":0,"30":3,"31":3,"32":2,"33":2,"34":2,"35":2,"36":2,"37":1,"38":2,"39":2,"40":2,"41":2,"42":1,"43":1,"44":1,"45":1,"46":1,"47":0,"48":0,"49":1,"50":1,"51":1,"52":1,"53":1,"54":2,"55":1,"56":1,"57":1,"58":1,"59":1,"60":1,"61":20,"62":0,"63":1,"64":1,"65":1},"f":{"0":3,"1":1,"2":0,"3":0,"4":3,"5":2,"6":2,"7":1,"8":0,"9":1,"10":2,"11":1},"b":{"0":[1,0],"1":[0,0],"2":[2,0],"3":[2,0],"4":[2,0],"5":[1,0],"6":[1,1],"7":[1,0],"8":[1,1],"9":[2,1,1],"10":[0,20]}}
,"C:\\Users\\athit\\Demo Projects\\1-stayease-booking-app\\src\\app\\features\\search-results\\search-results.component.ts": {"path":"C:\\Users\\athit\\Demo Projects\\1-stayease-booking-app\\src\\app\\features\\search-results\\search-results.component.ts","statementMap":{"0":{"start":{"line":1,"column":0},"end":{"line":1,"column":76}},"1":{"start":{"line":2,"column":0},"end":{"line":2,"column":47}},"2":{"start":{"line":3,"column":0},"end":{"line":3,"column":69}},"3":{"start":{"line":4,"column":0},"end":{"line":4,"column":45}},"4":{"start":{"line":5,"column":0},"end":{"line":5,"column":63}},"5":{"start":{"line":6,"column":0},"end":{"line":6,"column":90}},"6":{"start":{"line":117,"column":7},"end":{"line":205,"column":null}},"7":{"start":{"line":118,"column":10},"end":{"line":118,"column":44}},"8":{"start":{"line":119,"column":10},"end":{"line":119,"column":41}},"9":{"start":{"line":120,"column":10},"end":{"line":120,"column":34}},"10":{"start":{"line":122,"column":2},"end":{"line":122,"column":29}},"11":{"start":{"line":123,"column":2},"end":{"line":123,"column":25}},"12":{"start":{"line":124,"column":2},"end":{"line":124,"column":24}},"13":{"start":{"line":125,"column":2},"end":{"line":125,"column":20}},"14":{"start":{"line":126,"column":2},"end":{"line":126,"column":19}},"15":{"start":{"line":127,"column":2},"end":{"line":127,"column":14}},"16":{"start":{"line":129,"column":2},"end":{"line":137,"column":4}},"17":{"start":{"line":139,"column":2},"end":{"line":139,"column":70}},"18":{"start":{"line":139,"column":30},"end":{"line":139,"column":68}},"19":{"start":{"line":141,"column":2},"end":{"line":146,"column":5}},"20":{"start":{"line":142,"column":28},"end":{"line":142,"column":30}},"21":{"start":{"line":143,"column":18},"end":{"line":143,"column":56}},"22":{"start":{"line":144,"column":4},"end":{"line":144,"column":64}},"23":{"start":{"line":144,"column":17},"end":{"line":144,"column":18}},"24":{"start":{"line":144,"column":50},"end":{"line":144,"column":64}},"25":{"start":{"line":145,"column":4},"end":{"line":145,"column":17}},"26":{"start":{"line":149,"column":4},"end":{"line":154,"column":7}},"27":{"start":{"line":150,"column":6},"end":{"line":150,"column":47}},"28":{"start":{"line":151,"column":6},"end":{"line":151,"column":57}},"29":{"start":{"line":152,"column":6},"end":{"line":152,"column":69}},"30":{"start":{"line":153,"column":6},"end":{"line":153,"column":23}},"31":{"start":{"line":158,"column":4},"end":{"line":158,"column":21}},"32":{"start":{"line":159,"column":4},"end":{"line":159,"column":21}},"33":{"start":{"line":163,"column":4},"end":{"line":163,"column":119}},"34":{"start":{"line":164,"column":4},"end":{"line":164,"column":21}},"35":{"start":{"line":168,"column":4},"end":{"line":168,"column":21}},"36":{"start":{"line":169,"column":4},"end":{"line":169,"column":21}},"37":{"start":{"line":170,"column":4},"end":{"line":170,"column":52}},"38":{"start":{"line":174,"column":4},"end":{"line":174,"column":21}},"39":{"start":{"line":178,"column":4},"end":{"line":178,"column":27}},"40":{"start":{"line":179,"column":4},"end":{"line":179,"column":26}},"41":{"start":{"line":180,"column":37},"end":{"line":184,"column":6}},"42":{"start":{"line":185,"column":4},"end":{"line":185,"column":41}},"43":{"start":{"line":185,"column":22},"end":{"line":185,"column":41}},"44":{"start":{"line":186,"column":4},"end":{"line":186,"column":51}},"45":{"start":{"line":186,"column":27},"end":{"line":186,"column":51}},"46":{"start":{"line":187,"column":4},"end":{"line":187,"column":68}},"47":{"start":{"line":187,"column":47},"end":{"line":187,"column":68}},"48":{"start":{"line":188,"column":4},"end":{"line":188,"column":79}},"49":{"start":{"line":188,"column":55},"end":{"line":188,"column":79}},"50":{"start":{"line":190,"column":4},"end":{"line":203,"column":7}},"51":{"start":{"line":192,"column":8},"end":{"line":192,"column":34}},"52":{"start":{"line":193,"column":8},"end":{"line":193,"column":34}},"53":{"start":{"line":194,"column":8},"end":{"line":194,"column":30}},"54":{"start":{"line":195,"column":8},"end":{"line":195,"column":32}},"55":{"start":{"line":198,"column":8},"end":{"line":198,"column":27}},"56":{"start":{"line":199,"column":8},"end":{"line":199,"column":26}},"57":{"start":{"line":200,"column":8},"end":{"line":200,"column":29}},"58":{"start":{"line":201,"column":8},"end":{"line":201,"column":32}},"59":{"start":{"line":117,"column":13},"end":{"line":117,"column":35}},"60":{"start":{"line":117,"column":13},"end":{"line":205,"column":null}}},"fnMap":{"0":{"name":"(anonymous_0)","decl":{"start":{"line":117,"column":7},"end":{"line":117,"column":13}},"loc":{"start":{"line":117,"column":7},"end":{"line":205,"column":1}}},"1":{"name":"(anonymous_1)","decl":{"start":{"line":139,"column":24},"end":{"line":139,"column":27}},"loc":{"start":{"line":139,"column":30},"end":{"line":139,"column":68}}},"2":{"name":"(anonymous_2)","decl":{"start":{"line":141,"column":25},"end":{"line":141,"column":28}},"loc":{"start":{"line":141,"column":30},"end":{"line":146,"column":3}}},"3":{"name":"(anonymous_3)","decl":{"start":{"line":148,"column":2},"end":{"line":148,"column":10}},"loc":{"start":{"line":148,"column":10},"end":{"line":155,"column":3}}},"4":{"name":"(anonymous_4)","decl":{"start":{"line":149,"column":37},"end":{"line":149,"column":43}},"loc":{"start":{"line":149,"column":46},"end":{"line":154,"column":5}}},"5":{"name":"(anonymous_5)","decl":{"start":{"line":157,"column":2},"end":{"line":157,"column":14}},"loc":{"start":{"line":157,"column":14},"end":{"line":160,"column":3}}},"6":{"name":"(anonymous_6)","decl":{"start":{"line":162,"column":2},"end":{"line":162,"column":14}},"loc":{"start":{"line":162,"column":14},"end":{"line":165,"column":3}}},"7":{"name":"(anonymous_7)","decl":{"start":{"line":167,"column":2},"end":{"line":167,"column":10}},"loc":{"start":{"line":167,"column":20},"end":{"line":171,"column":3}}},"8":{"name":"(anonymous_8)","decl":{"start":{"line":173,"column":2},"end":{"line":173,"column":17}},"loc":{"start":{"line":173,"column":17},"end":{"line":175,"column":3}}},"9":{"name":"(anonymous_9)","decl":{"start":{"line":177,"column":10},"end":{"line":177,"column":19}},"loc":{"start":{"line":177,"column":19},"end":{"line":204,"column":3}}},"10":{"name":"(anonymous_10)","decl":{"start":{"line":191,"column":12},"end":{"line":191,"column":15}},"loc":{"start":{"line":191,"column":18},"end":{"line":196,"column":7}}},"11":{"name":"(anonymous_11)","decl":{"start":{"line":197,"column":13},"end":{"line":197,"column":16}},"loc":{"start":{"line":197,"column":18},"end":{"line":202,"column":7}}}},"branchMap":{"0":{"loc":{"start":{"line":150,"column":26},"end":{"line":150,"column":46}},"type":"binary-expr","locations":[{"start":{"line":150,"column":26},"end":{"line":150,"column":40}},{"start":{"line":150,"column":44},"end":{"line":150,"column":46}}]},"1":{"loc":{"start":{"line":151,"column":31},"end":{"line":151,"column":56}},"type":"binary-expr","locations":[{"start":{"line":151,"column":31},"end":{"line":151,"column":50}},{"start":{"line":151,"column":54},"end":{"line":151,"column":56}}]},"2":{"loc":{"start":{"line":152,"column":28},"end":{"line":152,"column":68}},"type":"cond-expr","locations":[{"start":{"line":152,"column":47},"end":{"line":152,"column":64}},{"start":{"line":152,"column":67},"end":{"line":152,"column":68}}]},"3":{"loc":{"start":{"line":185,"column":4},"end":{"line":185,"column":41}},"type":"if","locations":[{"start":{"line":185,"column":4},"end":{"line":185,"column":41}},{"start":{},"end":{}}]},"4":{"loc":{"start":{"line":186,"column":4},"end":{"line":186,"column":51}},"type":"if","locations":[{"start":{"line":186,"column":4},"end":{"line":186,"column":51}},{"start":{},"end":{}}]},"5":{"loc":{"start":{"line":187,"column":4},"end":{"line":187,"column":68}},"type":"if","locations":[{"start":{"line":187,"column":4},"end":{"line":187,"column":68}},{"start":{},"end":{}}]},"6":{"loc":{"start":{"line":187,"column":8},"end":{"line":187,"column":45}},"type":"binary-expr","locations":[{"start":{"line":187,"column":8},"end":{"line":187,"column":22}},{"start":{"line":187,"column":26},"end":{"line":187,"column":45}}]},"7":{"loc":{"start":{"line":188,"column":4},"end":{"line":188,"column":79}},"type":"if","locations":[{"start":{"line":188,"column":4},"end":{"line":188,"column":79}},{"start":{},"end":{}}]},"8":{"loc":{"start":{"line":188,"column":8},"end":{"line":188,"column":53}},"type":"binary-expr","locations":[{"start":{"line":188,"column":8},"end":{"line":188,"column":25}},{"start":{"line":188,"column":29},"end":{"line":188,"column":53}}]}},"s":{"0":1,"1":1,"2":1,"3":1,"4":1,"5":1,"6":1,"7":3,"8":3,"9":3,"10":3,"11":3,"12":3,"13":3,"14":3,"15":3,"16":3,"17":3,"18":0,"19":3,"20":0,"21":0,"22":0,"23":0,"24":0,"25":0,"26":3,"27":3,"28":3,"29":3,"30":3,"31":0,"32":0,"33":1,"34":1,"35":1,"36":1,"37":1,"38":0,"39":5,"40":5,"41":5,"42":5,"43":2,"44":5,"45":2,"46":5,"47":2,"48":5,"49":5,"50":5,"51":4,"52":4,"53":4,"54":4,"55":1,"56":1,"57":1,"58":1,"59":1,"60":1},"f":{"0":3,"1":0,"2":0,"3":3,"4":3,"5":0,"6":1,"7":1,"8":0,"9":5,"10":4,"11":1},"b":{"0":[3,0],"1":[3,0],"2":[3,0],"3":[2,3],"4":[2,3],"5":[2,3],"6":[5,3],"7":[5,0],"8":[5,5]}}
,"C:\\Users\\athit\\Demo Projects\\1-stayease-booking-app\\src\\app\\shared\\components\\footer\\footer.component.ts": {"path":"C:\\Users\\athit\\Demo Projects\\1-stayease-booking-app\\src\\app\\shared\\components\\footer\\footer.component.ts","statementMap":{"0":{"start":{"line":1,"column":0},"end":{"line":1,"column":42}},"1":{"start":{"line":2,"column":0},"end":{"line":2,"column":45}},"2":{"start":{"line":182,"column":7},"end":{"line":182,"column":null}},"3":{"start":{"line":182,"column":13},"end":{"line":182,"column":28}},"4":{"start":{"line":182,"column":13},"end":{"line":182,"column":null}}},"fnMap":{},"branchMap":{},"s":{"0":0,"1":0,"2":0,"3":0,"4":0},"f":{},"b":{}}
,"C:\\Users\\athit\\Demo Projects\\1-stayease-booking-app\\src\\app\\shared\\components\\navbar\\navbar.component.ts": {"path":"C:\\Users\\athit\\Demo Projects\\1-stayease-booking-app\\src\\app\\shared\\components\\navbar\\navbar.component.ts","statementMap":{"0":{"start":{"line":1,"column":0},"end":{"line":1,"column":80}},"1":{"start":{"line":2,"column":0},"end":{"line":2,"column":68}},"2":{"start":{"line":3,"column":0},"end":{"line":3,"column":47}},"3":{"start":{"line":4,"column":0},"end":{"line":4,"column":40}},"4":{"start":{"line":185,"column":10},"end":{"line":185,"column":34}},"5":{"start":{"line":187,"column":2},"end":{"line":187,"column":27}},"6":{"start":{"line":188,"column":2},"end":{"line":188,"column":27}},"7":{"start":{"line":189,"column":2},"end":{"line":189,"column":39}},"8":{"start":{"line":190,"column":2},"end":{"line":190,"column":68}},"9":{"start":{"line":193,"column":4},"end":{"line":198,"column":9}},"10":{"start":{"line":194,"column":54},"end":{"line":194,"column":84}},"11":{"start":{"line":196,"column":8},"end":{"line":196,"column":53}},"12":{"start":{"line":197,"column":8},"end":{"line":197,"column":35}},"13":{"start":{"line":200,"column":4},"end":{"line":200,"column":31}},"14":{"start":{"line":205,"column":4},"end":{"line":205,"column":43}},"15":{"start":{"line":206,"column":4},"end":{"line":206,"column":31}},"16":{"start":{"line":210,"column":4},"end":{"line":210,"column":34}},"17":{"start":{"line":210,"column":30},"end":{"line":210,"column":32}},"18":{"start":{"line":214,"column":4},"end":{"line":214,"column":67}},"19":{"start":{"line":218,"column":4},"end":{"line":218,"column":51}},"20":{"start":{"line":222,"column":4},"end":{"line":222,"column":68}},"21":{"start":{"line":226,"column":19},"end":{"line":226,"column":47}},"22":{"start":{"line":227,"column":4},"end":{"line":227,"column":24}},"23":{"start":{"line":231,"column":4},"end":{"line":233,"column":5}},"24":{"start":{"line":232,"column":6},"end":{"line":232,"column":13}},"25":{"start":{"line":235,"column":25},"end":{"line":235,"column":64}},"26":{"start":{"line":236,"column":18},"end":{"line":236,"column":50}},"27":{"start":{"line":237,"column":20},"end":{"line":237,"column":34}},"28":{"start":{"line":238,"column":19},"end":{"line":238,"column":22}},"29":{"start":{"line":240,"column":4},"end":{"line":243,"column":5}},"30":{"start":{"line":241,"column":6},"end":{"line":241,"column":38}},"31":{"start":{"line":242,"column":6},"end":{"line":242,"column":13}},"32":{"start":{"line":245,"column":4},"end":{"line":248,"column":5}},"33":{"start":{"line":246,"column":6},"end":{"line":246,"column":45}},"34":{"start":{"line":247,"column":6},"end":{"line":247,"column":13}},"35":{"start":{"line":250,"column":4},"end":{"line":250,"column":35}},"36":{"start":{"line":184,"column":13},"end":{"line":184,"column":28}},"37":{"start":{"line":184,"column":13},"end":{"line":252,"column":null}}},"fnMap":{"0":{"name":"(anonymous_0)","decl":{"start":{"line":184,"column":7},"end":{"line":184,"column":13}},"loc":{"start":{"line":184,"column":7},"end":{"line":252,"column":1}}},"1":{"name":"(anonymous_1)","decl":{"start":{"line":192,"column":2},"end":{"line":192,"column":10}},"loc":{"start":{"line":192,"column":10},"end":{"line":201,"column":3}}},"2":{"name":"(anonymous_2)","decl":{"start":{"line":194,"column":19},"end":{"line":194,"column":20}},"loc":{"start":{"line":194,"column":54},"end":{"line":194,"column":84}}},"3":{"name":"(anonymous_3)","decl":{"start":{"line":195,"column":17},"end":{"line":195,"column":22}},"loc":{"start":{"line":195,"column":25},"end":{"line":198,"column":7}}},"4":{"name":"(anonymous_4)","decl":{"start":{"line":204,"column":2},"end":{"line":204,"column":10}},"loc":{"start":{"line":204,"column":10},"end":{"line":207,"column":3}}},"5":{"name":"(anonymous_5)","decl":{"start":{"line":209,"column":2},"end":{"line":209,"column":12}},"loc":{"start":{"line":209,"column":12},"end":{"line":211,"column":3}}},"6":{"name":"(anonymous_6)","decl":{"start":{"line":210,"column":25},"end":{"line":210,"column":26}},"loc":{"start":{"line":210,"column":30},"end":{"line":210,"column":32}}},"7":{"name":"(anonymous_7)","decl":{"start":{"line":213,"column":2},"end":{"line":213,"column":14}},"loc":{"start":{"line":213,"column":14},"end":{"line":215,"column":3}}},"8":{"name":"(anonymous_8)","decl":{"start":{"line":217,"column":2},"end":{"line":217,"column":17}},"loc":{"start":{"line":217,"column":17},"end":{"line":219,"column":3}}},"9":{"name":"(anonymous_9)","decl":{"start":{"line":221,"column":2},"end":{"line":221,"column":17}},"loc":{"start":{"line":221,"column":51},"end":{"line":223,"column":3}}},"10":{"name":"(anonymous_10)","decl":{"start":{"line":225,"column":10},"end":{"line":225,"column":23}},"loc":{"start":{"line":225,"column":23},"end":{"line":228,"column":3}}},"11":{"name":"(anonymous_11)","decl":{"start":{"line":230,"column":10},"end":{"line":230,"column":29}},"loc":{"start":{"line":230,"column":29},"end":{"line":251,"column":3}}}},"branchMap":{"0":{"loc":{"start":{"line":214,"column":11},"end":{"line":214,"column":66}},"type":"binary-expr","locations":[{"start":{"line":214,"column":11},"end":{"line":214,"column":31}},{"start":{"line":214,"column":35},"end":{"line":214,"column":66}}]},"1":{"loc":{"start":{"line":222,"column":11},"end":{"line":222,"column":67}},"type":"binary-expr","locations":[{"start":{"line":222,"column":11},"end":{"line":222,"column":31}},{"start":{"line":222,"column":35},"end":{"line":222,"column":67}}]},"2":{"loc":{"start":{"line":231,"column":4},"end":{"line":233,"column":5}},"type":"if","locations":[{"start":{"line":231,"column":4},"end":{"line":233,"column":5}},{"start":{},"end":{}}]},"3":{"loc":{"start":{"line":240,"column":4},"end":{"line":243,"column":5}},"type":"if","locations":[{"start":{"line":240,"column":4},"end":{"line":243,"column":5}},{"start":{},"end":{}}]},"4":{"loc":{"start":{"line":240,"column":8},"end":{"line":240,"column":52}},"type":"binary-expr","locations":[{"start":{"line":240,"column":8},"end":{"line":240,"column":13}},{"start":{"line":240,"column":17},"end":{"line":240,"column":52}}]},"5":{"loc":{"start":{"line":245,"column":4},"end":{"line":248,"column":5}},"type":"if","locations":[{"start":{"line":245,"column":4},"end":{"line":248,"column":5}},{"start":{},"end":{}}]},"6":{"loc":{"start":{"line":245,"column":8},"end":{"line":245,"column":66}},"type":"binary-expr","locations":[{"start":{"line":245,"column":8},"end":{"line":245,"column":20}},{"start":{"line":245,"column":24},"end":{"line":245,"column":66}}]}},"s":{"0":0,"1":0,"2":0,"3":0,"4":0,"5":0,"6":0,"7":0,"8":0,"9":0,"10":0,"11":0,"12":0,"13":0,"14":0,"15":0,"16":0,"17":0,"18":0,"19":0,"20":0,"21":0,"22":0,"23":0,"24":0,"25":0,"26":0,"27":0,"28":0,"29":0,"30":0,"31":0,"32":0,"33":0,"34":0,"35":0,"36":0,"37":0},"f":{"0":0,"1":0,"2":0,"3":0,"4":0,"5":0,"6":0,"7":0,"8":0,"9":0,"10":0,"11":0},"b":{"0":[0,0],"1":[0,0],"2":[0,0],"3":[0,0],"4":[0,0],"5":[0,0],"6":[0,0]}}
,"C:\\Users\\athit\\Demo Projects\\1-stayease-booking-app\\src\\app\\shared\\components\\room-card\\room-card.component.ts": {"path":"C:\\Users\\athit\\Demo Projects\\1-stayease-booking-app\\src\\app\\shared\\components\\room-card\\room-card.component.ts","statementMap":{"0":{"start":{"line":1,"column":0},"end":{"line":1,"column":57}},"1":{"start":{"line":2,"column":0},"end":{"line":2,"column":45}},"2":{"start":{"line":3,"column":0},"end":{"line":3,"column":47}},"3":{"start":{"line":212,"column":2},"end":{"line":212,"column":88}},"4":{"start":{"line":213,"column":2},"end":{"line":213,"column":20}},"5":{"start":{"line":214,"column":2},"end":{"line":214,"column":21}},"6":{"start":{"line":215,"column":2},"end":{"line":215,"column":18}},"7":{"start":{"line":218,"column":45},"end":{"line":223,"column":6}},"8":{"start":{"line":224,"column":4},"end":{"line":224,"column":78}},"9":{"start":{"line":226,"column":18},"end":{"line":226,"column":46}},"10":{"start":{"line":227,"column":4},"end":{"line":227,"column":61}},"11":{"start":{"line":229,"column":4},"end":{"line":233,"column":5}},"12":{"start":{"line":230,"column":6},"end":{"line":232,"column":8}},"13":{"start":{"line":237,"column":5},"end":{"line":237,"column":65}},"14":{"start":{"line":209,"column":13},"end":{"line":209,"column":30}},"15":{"start":{"line":209,"column":13},"end":{"line":239,"column":null}}},"fnMap":{"0":{"name":"(anonymous_0)","decl":{"start":{"line":209,"column":7},"end":{"line":209,"column":13}},"loc":{"start":{"line":209,"column":7},"end":{"line":239,"column":1}}},"1":{"name":"(anonymous_1)","decl":{"start":{"line":217,"column":2},"end":{"line":217,"column":10}},"loc":{"start":{"line":217,"column":10},"end":{"line":234,"column":3}}},"2":{"name":"(anonymous_2)","decl":{"start":{"line":236,"column":2},"end":{"line":236,"column":12}},"loc":{"start":{"line":236,"column":25},"end":{"line":238,"column":3}}}},"branchMap":{"0":{"loc":{"start":{"line":224,"column":25},"end":{"line":224,"column":77}},"type":"binary-expr","locations":[{"start":{"line":224,"column":25},"end":{"line":224,"column":54}},{"start":{"line":224,"column":58},"end":{"line":224,"column":77}}]},"1":{"loc":{"start":{"line":229,"column":4},"end":{"line":233,"column":5}},"type":"if","locations":[{"start":{"line":229,"column":4},"end":{"line":233,"column":5}},{"start":{},"end":{}}]},"2":{"loc":{"start":{"line":229,"column":8},"end":{"line":229,"column":78}},"type":"binary-expr","locations":[{"start":{"line":229,"column":8},"end":{"line":229,"column":32}},{"start":{"line":229,"column":36},"end":{"line":229,"column":78}}]}},"s":{"0":1,"1":1,"2":1,"3":0,"4":0,"5":0,"6":0,"7":0,"8":0,"9":0,"10":0,"11":0,"12":0,"13":0,"14":1,"15":1},"f":{"0":0,"1":0,"2":0},"b":{"0":[0,0],"1":[0,0],"2":[0,0]}}
}
