TN:
SF:src\app\app.component.ts
FNF:0
FNH:0
DA:1,0
DA:2,0
DA:3,0
DA:4,0
DA:23,0
LF:5
LH:0
BRF:0
BRH:0
end_of_record
TN:
SF:src\app\app.config.ts
FNF:0
FNH:0
DA:1,0
DA:2,0
DA:3,0
DA:4,0
DA:5,0
DA:7,0
LF:6
LH:0
BRF:0
BRH:0
end_of_record
TN:
SF:src\app\app.routes.ts
FN:6,(anonymous_0)
FN:7,(anonymous_1)
FN:7,(anonymous_2)
FN:12,(anonymous_3)
FN:13,(anonymous_4)
FN:13,(anonymous_5)
FN:18,(anonymous_6)
FN:19,(anonymous_7)
FN:19,(anonymous_8)
FN:24,(anonymous_9)
FN:25,(anonymous_10)
FN:25,(anonymous_11)
FN:30,(anonymous_12)
FN:31,(anonymous_13)
FN:31,(anonymous_14)
FNF:15
FNH:0
FNDA:0,(anonymous_0)
FNDA:0,(anonymous_1)
FNDA:0,(anonymous_2)
FNDA:0,(anonymous_3)
FNDA:0,(anonymous_4)
FNDA:0,(anonymous_5)
FNDA:0,(anonymous_6)
FNDA:0,(anonymous_7)
FNDA:0,(anonymous_8)
FNDA:0,(anonymous_9)
FNDA:0,(anonymous_10)
FNDA:0,(anonymous_11)
FNDA:0,(anonymous_12)
FNDA:0,(anonymous_13)
FNDA:0,(anonymous_14)
DA:3,0
DA:7,0
DA:13,0
DA:19,0
DA:25,0
DA:31,0
LF:6
LH:0
BRF:0
BRH:0
end_of_record
TN:
SF:src\app\core\services\booking.service.ts
FN:21,(anonymous_0)
FN:29,(anonymous_1)
FN:35,(anonymous_2)
FN:45,(anonymous_3)
FN:49,(anonymous_4)
FN:53,(anonymous_5)
FN:59,(anonymous_6)
FNF:7
FNH:7
FNDA:8,(anonymous_0)
FNDA:2,(anonymous_1)
FNDA:3,(anonymous_2)
FNDA:1,(anonymous_3)
FNDA:1,(anonymous_4)
FNDA:1,(anonymous_5)
FNDA:1,(anonymous_6)
DA:1,5
DA:2,5
DA:3,5
DA:5,5
DA:21,5
DA:22,8
DA:23,8
DA:26,8
DA:27,8
DA:30,2
DA:32,2
DA:36,3
DA:37,3
DA:38,2
DA:39,2
DA:40,2
DA:42,1
DA:46,1
DA:50,1
DA:54,1
DA:60,1
LF:21
LH:21
BRDA:37,0,0,2
BRDA:37,0,1,1
BRF:2
BRH:2
end_of_record
TN:
SF:src\app\core\services\room.service.ts
FN:8,(anonymous_0)
FN:12,(anonymous_1)
FN:15,(anonymous_2)
FN:24,(anonymous_3)
FN:30,(anonymous_4)
FNF:5
FNH:5
FNDA:2,(anonymous_0)
FNDA:1,(anonymous_1)
FNDA:4,(anonymous_2)
FNDA:1,(anonymous_3)
FNDA:1,(anonymous_4)
DA:1,3
DA:2,3
DA:4,3
DA:8,3
DA:9,2
DA:10,2
DA:13,1
DA:14,1
DA:15,1
DA:16,4
DA:17,2
DA:21,1
DA:25,1
DA:31,1
LF:14
LH:14
BRDA:14,0,0,1
BRDA:14,0,1,0
BRDA:16,1,0,2
BRDA:16,1,1,2
BRDA:16,2,0,4
BRDA:16,2,1,3
BRDA:16,2,2,3
BRDA:24,3,0,0
BRF:8
BRH:6
end_of_record
TN:
SF:src\app\features\booking-confirmation\booking-confirmation.component.ts
FN:249,(anonymous_0)
FN:257,(anonymous_1)
FN:266,(anonymous_2)
FN:270,(anonymous_3)
FNF:4
FNH:4
FNDA:2,(anonymous_0)
FNDA:2,(anonymous_1)
FNDA:1,(anonymous_2)
FNDA:1,(anonymous_3)
DA:1,1
DA:2,1
DA:3,1
DA:5,1
DA:249,1
DA:250,2
DA:251,2
DA:252,2
DA:253,2
DA:254,2
DA:255,2
DA:258,2
DA:259,2
DA:260,0
DA:261,0
DA:262,0
DA:265,2
DA:267,1
DA:268,1
DA:271,1
DA:272,1
LF:21
LH:18
BRDA:258,0,0,2
BRDA:258,0,1,0
BRDA:259,1,0,0
BRDA:259,1,1,2
BRF:4
BRH:2
end_of_record
TN:
SF:src\app\features\checkout\checkout.component.ts
FN:151,(anonymous_0)
FN:173,(anonymous_1)
FN:193,(anonymous_2)
FN:212,(anonymous_3)
FN:218,(anonymous_4)
FNF:5
FNH:5
FNDA:5,(anonymous_0)
FNDA:5,(anonymous_1)
FNDA:3,(anonymous_2)
FNDA:1,(anonymous_3)
FNDA:1,(anonymous_4)
DA:1,1
DA:2,1
DA:3,1
DA:4,1
DA:5,1
DA:6,1
DA:151,1
DA:152,5
DA:153,5
DA:154,5
DA:156,5
DA:157,5
DA:158,5
DA:160,5
DA:161,5
DA:162,5
DA:163,5
DA:164,5
DA:166,5
DA:174,5
DA:175,5
DA:176,1
DA:177,1
DA:179,4
DA:180,4
DA:183,4
DA:184,4
DA:185,4
DA:186,4
DA:187,4
DA:188,4
DA:189,4
DA:190,4
DA:194,3
DA:195,1
DA:196,1
DA:198,2
DA:199,2
DA:200,2
DA:202,2
DA:213,1
DA:215,1
DA:216,1
DA:219,1
DA:220,1
LF:45
LH:45
BRDA:175,0,0,1
BRDA:175,0,1,4
BRDA:184,1,0,4
BRDA:184,1,1,0
BRDA:194,2,0,1
BRDA:194,2,1,2
BRDA:194,3,0,3
BRDA:194,3,1,2
BRF:8
BRH:7
end_of_record
TN:
SF:src\app\features\landing\landing.component.ts
FN:248,(anonymous_0)
FN:263,(anonymous_1)
FN:291,(anonymous_2)
FN:293,(anonymous_3)
FN:298,(anonymous_4)
FN:306,(anonymous_5)
FNF:6
FNH:0
FNDA:0,(anonymous_0)
FNDA:0,(anonymous_1)
FNDA:0,(anonymous_2)
FNDA:0,(anonymous_3)
FNDA:0,(anonymous_4)
FNDA:0,(anonymous_5)
DA:1,0
DA:2,0
DA:3,0
DA:4,0
DA:5,0
DA:6,0
DA:248,0
DA:249,0
DA:250,0
DA:252,0
DA:253,0
DA:254,0
DA:256,0
DA:257,0
DA:258,0
DA:259,0
DA:260,0
DA:261,0
DA:263,0
DA:264,0
DA:265,0
DA:266,0
DA:267,0
DA:270,0
DA:278,0
DA:285,0
DA:292,0
DA:294,0
DA:295,0
DA:296,0
DA:299,0
DA:300,0
DA:301,0
DA:307,0
DA:308,0
DA:309,0
DA:310,0
DA:311,0
DA:312,0
LF:39
LH:0
BRDA:308,0,0,0
BRDA:308,0,1,0
BRDA:309,1,0,0
BRDA:309,1,1,0
BRDA:310,2,0,0
BRDA:310,2,1,0
BRDA:311,3,0,0
BRDA:311,3,1,0
BRF:8
BRH:0
end_of_record
TN:
SF:src\app\features\room-detail\room-detail.component.ts
FN:194,(anonymous_0)
FN:219,(anonymous_1)
FN:215,(anonymous_2)
FN:216,(anonymous_3)
FN:227,(anonymous_4)
FN:230,(anonymous_5)
FN:236,(anonymous_6)
FN:242,(anonymous_7)
FN:252,(anonymous_8)
FN:257,(anonymous_9)
FN:266,(anonymous_10)
FN:280,(anonymous_11)
FNF:12
FNH:9
FNDA:3,(anonymous_0)
FNDA:1,(anonymous_1)
FNDA:0,(anonymous_2)
FNDA:0,(anonymous_3)
FNDA:3,(anonymous_4)
FNDA:2,(anonymous_5)
FNDA:2,(anonymous_6)
FNDA:1,(anonymous_7)
FNDA:0,(anonymous_8)
FNDA:1,(anonymous_9)
FNDA:2,(anonymous_10)
FNDA:1,(anonymous_11)
DA:1,1
DA:2,1
DA:3,1
DA:4,1
DA:5,1
DA:6,1
DA:194,1
DA:195,3
DA:196,3
DA:197,3
DA:198,3
DA:200,3
DA:201,3
DA:202,3
DA:203,3
DA:204,3
DA:206,3
DA:207,3
DA:208,3
DA:209,3
DA:210,3
DA:212,3
DA:213,3
DA:216,0
DA:219,3
DA:220,1
DA:221,1
DA:222,0
DA:225,3
DA:228,3
DA:229,3
DA:231,2
DA:232,2
DA:233,2
DA:234,2
DA:235,2
DA:236,2
DA:238,2
DA:239,2
DA:240,2
DA:243,1
DA:244,1
DA:245,1
DA:246,1
DA:247,1
DA:253,0
DA:254,0
DA:258,1
DA:259,1
DA:260,1
DA:261,1
DA:262,1
DA:267,2
DA:268,1
DA:269,1
DA:271,1
DA:277,1
DA:281,1
DA:288,1
DA:289,20
DA:291,1
LF:61
LH:57
BRDA:221,0,0,1
BRDA:221,0,1,0
BRDA:216,1,0,0
BRDA:216,1,1,0
BRDA:233,2,0,2
BRDA:233,2,1,0
BRDA:235,3,0,2
BRDA:235,3,1,0
BRDA:239,4,0,2
BRDA:239,4,1,0
BRDA:258,5,0,1
BRDA:258,5,1,0
BRDA:258,6,0,1
BRDA:258,6,1,1
BRDA:261,7,0,1
BRDA:261,7,1,0
BRDA:267,8,0,1
BRDA:267,8,1,1
BRDA:267,9,0,2
BRDA:267,9,1,1
BRDA:267,9,2,1
BRDA:289,10,0,0
BRDA:289,10,1,20
BRF:23
BRH:14
end_of_record
TN:
SF:src\app\features\search-results\search-results.component.ts
FN:117,(anonymous_0)
FN:139,(anonymous_1)
FN:141,(anonymous_2)
FN:148,(anonymous_3)
FN:149,(anonymous_4)
FN:157,(anonymous_5)
FN:162,(anonymous_6)
FN:167,(anonymous_7)
FN:173,(anonymous_8)
FN:177,(anonymous_9)
FN:191,(anonymous_10)
FN:197,(anonymous_11)
FNF:12
FNH:8
FNDA:3,(anonymous_0)
FNDA:0,(anonymous_1)
FNDA:0,(anonymous_2)
FNDA:3,(anonymous_3)
FNDA:3,(anonymous_4)
FNDA:0,(anonymous_5)
FNDA:1,(anonymous_6)
FNDA:1,(anonymous_7)
FNDA:0,(anonymous_8)
FNDA:5,(anonymous_9)
FNDA:4,(anonymous_10)
FNDA:1,(anonymous_11)
DA:1,1
DA:2,1
DA:3,1
DA:4,1
DA:5,1
DA:6,1
DA:117,1
DA:118,3
DA:119,3
DA:120,3
DA:122,3
DA:123,3
DA:124,3
DA:125,3
DA:126,3
DA:127,3
DA:129,3
DA:139,3
DA:141,3
DA:142,0
DA:143,0
DA:144,0
DA:145,0
DA:149,3
DA:150,3
DA:151,3
DA:152,3
DA:153,3
DA:158,0
DA:159,0
DA:163,1
DA:164,1
DA:168,1
DA:169,1
DA:170,1
DA:174,0
DA:178,5
DA:179,5
DA:180,5
DA:185,5
DA:186,5
DA:187,5
DA:188,5
DA:190,5
DA:192,4
DA:193,4
DA:194,4
DA:195,4
DA:198,1
DA:199,1
DA:200,1
DA:201,1
LF:52
LH:45
BRDA:150,0,0,3
BRDA:150,0,1,0
BRDA:151,1,0,3
BRDA:151,1,1,0
BRDA:152,2,0,3
BRDA:152,2,1,0
BRDA:185,3,0,2
BRDA:185,3,1,3
BRDA:186,4,0,2
BRDA:186,4,1,3
BRDA:187,5,0,2
BRDA:187,5,1,3
BRDA:187,6,0,5
BRDA:187,6,1,3
BRDA:188,7,0,5
BRDA:188,7,1,0
BRDA:188,8,0,5
BRDA:188,8,1,5
BRF:18
BRH:14
end_of_record
TN:
SF:src\app\shared\components\footer\footer.component.ts
FNF:0
FNH:0
DA:1,0
DA:2,0
DA:182,0
LF:3
LH:0
BRF:0
BRH:0
end_of_record
TN:
SF:src\app\shared\components\navbar\navbar.component.ts
FN:184,(anonymous_0)
FN:192,(anonymous_1)
FN:194,(anonymous_2)
FN:195,(anonymous_3)
FN:204,(anonymous_4)
FN:209,(anonymous_5)
FN:210,(anonymous_6)
FN:213,(anonymous_7)
FN:217,(anonymous_8)
FN:221,(anonymous_9)
FN:225,(anonymous_10)
FN:230,(anonymous_11)
FNF:12
FNH:0
FNDA:0,(anonymous_0)
FNDA:0,(anonymous_1)
FNDA:0,(anonymous_2)
FNDA:0,(anonymous_3)
FNDA:0,(anonymous_4)
FNDA:0,(anonymous_5)
FNDA:0,(anonymous_6)
FNDA:0,(anonymous_7)
FNDA:0,(anonymous_8)
FNDA:0,(anonymous_9)
FNDA:0,(anonymous_10)
FNDA:0,(anonymous_11)
DA:1,0
DA:2,0
DA:3,0
DA:4,0
DA:184,0
DA:185,0
DA:187,0
DA:188,0
DA:189,0
DA:190,0
DA:193,0
DA:194,0
DA:196,0
DA:197,0
DA:200,0
DA:205,0
DA:206,0
DA:210,0
DA:214,0
DA:218,0
DA:222,0
DA:226,0
DA:227,0
DA:231,0
DA:232,0
DA:235,0
DA:236,0
DA:237,0
DA:238,0
DA:240,0
DA:241,0
DA:242,0
DA:245,0
DA:246,0
DA:247,0
DA:250,0
LF:36
LH:0
BRDA:214,0,0,0
BRDA:214,0,1,0
BRDA:222,1,0,0
BRDA:222,1,1,0
BRDA:231,2,0,0
BRDA:231,2,1,0
BRDA:240,3,0,0
BRDA:240,3,1,0
BRDA:240,4,0,0
BRDA:240,4,1,0
BRDA:245,5,0,0
BRDA:245,5,1,0
BRDA:245,6,0,0
BRDA:245,6,1,0
BRF:14
BRH:0
end_of_record
TN:
SF:src\app\shared\components\room-card\room-card.component.ts
FN:209,(anonymous_0)
FN:217,(anonymous_1)
FN:236,(anonymous_2)
FNF:3
FNH:0
FNDA:0,(anonymous_0)
FNDA:0,(anonymous_1)
FNDA:0,(anonymous_2)
DA:1,1
DA:2,1
DA:3,1
DA:209,1
DA:212,0
DA:213,0
DA:214,0
DA:215,0
DA:218,0
DA:224,0
DA:226,0
DA:227,0
DA:229,0
DA:230,0
DA:237,0
LF:15
LH:4
BRDA:224,0,0,0
BRDA:224,0,1,0
BRDA:229,1,0,0
BRDA:229,1,1,0
BRDA:229,2,0,0
BRDA:229,2,1,0
BRF:6
BRH:0
end_of_record
