TN:
SF:src\app\app.component.ts
FNF:0
FNH:0
DA:1,1
DA:2,1
DA:3,1
DA:4,1
DA:5,1
DA:25,1
LF:6
LH:6
BRF:0
BRH:0
end_of_record
TN:
SF:src\app\app.config.ts
FNF:0
FNH:0
DA:1,1
DA:2,1
DA:3,1
DA:4,1
DA:5,1
DA:6,1
DA:8,1
LF:7
LH:7
BRF:0
BRH:0
end_of_record
TN:
SF:src\app\app.routes.ts
FN:7,(anonymous_0)
FN:8,(anonymous_1)
FN:8,(anonymous_2)
FN:13,(anonymous_3)
FN:14,(anonymous_4)
FN:14,(anonymous_5)
FN:19,(anonymous_6)
FN:20,(anonymous_7)
FN:20,(anonymous_8)
FN:25,(anonymous_9)
FN:26,(anonymous_10)
FN:26,(anonymous_11)
FN:32,(anonymous_12)
FN:33,(anonymous_13)
FN:33,(anonymous_14)
FN:38,(anonymous_15)
FN:39,(anonymous_16)
FN:39,(anonymous_17)
FN:69,(anonymous_18)
FN:70,(anonymous_19)
FN:70,(anonymous_20)
FN:100,(anonymous_21)
FN:101,(anonymous_22)
FN:101,(anonymous_23)
FN:131,(anonymous_24)
FN:132,(anonymous_25)
FN:132,(anonymous_26)
FN:162,(anonymous_27)
FN:163,(anonymous_28)
FN:163,(anonymous_29)
FN:168,(anonymous_30)
FN:169,(anonymous_31)
FN:169,(anonymous_32)
FN:175,(anonymous_33)
FN:176,(anonymous_34)
FN:176,(anonymous_35)
FN:182,(anonymous_36)
FN:183,(anonymous_37)
FN:183,(anonymous_38)
FN:189,(anonymous_39)
FN:190,(anonymous_40)
FN:190,(anonymous_41)
FN:195,(anonymous_42)
FN:196,(anonymous_43)
FN:196,(anonymous_44)
FN:202,(anonymous_45)
FN:203,(anonymous_46)
FN:203,(anonymous_47)
FN:209,(anonymous_48)
FN:210,(anonymous_49)
FN:210,(anonymous_50)
FN:216,(anonymous_51)
FN:217,(anonymous_52)
FN:217,(anonymous_53)
FNF:54
FNH:54
FNDA:1,(anonymous_0)
FNDA:1,(anonymous_1)
FNDA:1,(anonymous_2)
FNDA:1,(anonymous_3)
FNDA:1,(anonymous_4)
FNDA:1,(anonymous_5)
FNDA:1,(anonymous_6)
FNDA:1,(anonymous_7)
FNDA:1,(anonymous_8)
FNDA:1,(anonymous_9)
FNDA:1,(anonymous_10)
FNDA:1,(anonymous_11)
FNDA:1,(anonymous_12)
FNDA:1,(anonymous_13)
FNDA:1,(anonymous_14)
FNDA:1,(anonymous_15)
FNDA:1,(anonymous_16)
FNDA:1,(anonymous_17)
FNDA:1,(anonymous_18)
FNDA:1,(anonymous_19)
FNDA:1,(anonymous_20)
FNDA:1,(anonymous_21)
FNDA:1,(anonymous_22)
FNDA:1,(anonymous_23)
FNDA:1,(anonymous_24)
FNDA:1,(anonymous_25)
FNDA:1,(anonymous_26)
FNDA:1,(anonymous_27)
FNDA:1,(anonymous_28)
FNDA:1,(anonymous_29)
FNDA:1,(anonymous_30)
FNDA:1,(anonymous_31)
FNDA:1,(anonymous_32)
FNDA:1,(anonymous_33)
FNDA:1,(anonymous_34)
FNDA:1,(anonymous_35)
FNDA:1,(anonymous_36)
FNDA:1,(anonymous_37)
FNDA:1,(anonymous_38)
FNDA:1,(anonymous_39)
FNDA:1,(anonymous_40)
FNDA:1,(anonymous_41)
FNDA:1,(anonymous_42)
FNDA:1,(anonymous_43)
FNDA:1,(anonymous_44)
FNDA:1,(anonymous_45)
FNDA:1,(anonymous_46)
FNDA:1,(anonymous_47)
FNDA:1,(anonymous_48)
FNDA:1,(anonymous_49)
FNDA:1,(anonymous_50)
FNDA:1,(anonymous_51)
FNDA:1,(anonymous_52)
FNDA:1,(anonymous_53)
DA:2,2
DA:4,2
DA:8,1
DA:14,1
DA:20,1
DA:26,1
DA:33,1
DA:39,1
DA:70,1
DA:101,1
DA:132,1
DA:163,1
DA:169,1
DA:176,1
DA:183,1
DA:190,1
DA:196,1
DA:203,1
DA:210,1
DA:217,1
LF:20
LH:20
BRF:0
BRH:0
end_of_record
TN:
SF:src\app\core\guards\auth.guard.ts
FN:5,(anonymous_0)
FN:23,(anonymous_1)
FNF:2
FNH:2
FNDA:6,(anonymous_0)
FNDA:2,(anonymous_1)
DA:1,3
DA:2,3
DA:3,3
DA:5,3
DA:6,6
DA:7,6
DA:9,6
DA:10,2
DA:14,4
DA:15,1
DA:18,4
DA:23,3
DA:24,2
DA:25,2
DA:27,2
DA:28,1
DA:31,1
LF:17
LH:17
BRDA:9,0,0,2
BRDA:14,1,0,1
BRDA:27,2,0,1
BRF:3
BRH:3
end_of_record
TN:
SF:src\app\core\interceptors\auth.interceptor.ts
FN:13,(anonymous_0)
FN:28,(anonymous_1)
FN:35,(anonymous_2)
FN:36,(anonymous_3)
FN:39,(anonymous_4)
FN:43,(anonymous_5)
FN:48,addBearerToken
FNF:7
FNH:7
FNDA:6,(anonymous_0)
FNDA:3,(anonymous_1)
FNDA:1,(anonymous_2)
FNDA:1,(anonymous_3)
FNDA:1,(anonymous_4)
FNDA:1,(anonymous_5)
FNDA:5,addBearerToken
DA:1,2
DA:7,2
DA:8,2
DA:9,2
DA:10,2
DA:11,2
DA:13,2
DA:17,6
DA:18,6
DA:20,6
DA:21,1
DA:24,5
DA:25,5
DA:27,5
DA:29,3
DA:34,2
DA:35,1
DA:37,1
DA:38,1
DA:39,1
DA:43,1
DA:52,5
LF:22
LH:22
BRDA:20,0,0,1
BRDA:25,1,0,4
BRDA:25,1,1,1
BRDA:29,2,0,2
BRDA:30,3,0,3
BRDA:30,3,1,3
BRDA:30,3,2,2
BRF:7
BRH:7
end_of_record
TN:
SF:src\app\core\services\active-booking.service.ts
FN:34,(anonymous_0)
FN:27,(anonymous_1)
FN:313,(anonymous_2)
FN:330,(anonymous_3)
FN:336,(anonymous_4)
FN:37,(anonymous_5)
FN:52,(anonymous_6)
FN:55,(anonymous_7)
FN:67,(anonymous_8)
FN:79,(anonymous_9)
FN:83,(anonymous_10)
FN:96,(anonymous_11)
FN:103,(anonymous_12)
FN:104,(anonymous_13)
FN:112,(anonymous_14)
FN:119,(anonymous_15)
FN:124,(anonymous_16)
FN:130,(anonymous_17)
FN:138,(anonymous_18)
FN:143,(anonymous_19)
FN:150,(anonymous_20)
FN:177,(anonymous_21)
FN:179,(anonymous_22)
FN:180,(anonymous_23)
FN:186,(anonymous_24)
FN:206,(anonymous_25)
FN:228,(anonymous_26)
FN:231,(anonymous_27)
FN:248,(anonymous_28)
FN:255,(anonymous_29)
FN:260,(anonymous_30)
FN:265,(anonymous_31)
FN:272,(anonymous_32)
FN:285,(anonymous_33)
FN:293,(anonymous_34)
FN:296,(anonymous_35)
FN:302,(anonymous_36)
FNF:37
FNH:29
FNDA:10,(anonymous_0)
FNDA:0,(anonymous_1)
FNDA:1,(anonymous_2)
FNDA:0,(anonymous_3)
FNDA:0,(anonymous_4)
FNDA:16,(anonymous_5)
FNDA:1,(anonymous_6)
FNDA:1,(anonymous_7)
FNDA:10,(anonymous_8)
FNDA:1,(anonymous_9)
FNDA:0,(anonymous_10)
FNDA:2,(anonymous_11)
FNDA:1,(anonymous_12)
FNDA:1,(anonymous_13)
FNDA:1,(anonymous_14)
FNDA:1,(anonymous_15)
FNDA:0,(anonymous_16)
FNDA:10,(anonymous_17)
FNDA:7,(anonymous_18)
FNDA:1,(anonymous_19)
FNDA:8,(anonymous_20)
FNDA:1,(anonymous_21)
FNDA:1,(anonymous_22)
FNDA:0,(anonymous_23)
FNDA:1,(anonymous_24)
FNDA:1,(anonymous_25)
FNDA:8,(anonymous_26)
FNDA:11,(anonymous_27)
FNDA:36,(anonymous_28)
FNDA:5,(anonymous_29)
FNDA:0,(anonymous_30)
FNDA:27,(anonymous_31)
FNDA:17,(anonymous_32)
FNDA:27,(anonymous_33)
FNDA:4,(anonymous_34)
FNDA:0,(anonymous_35)
FNDA:19,(anonymous_36)
DA:1,5
DA:2,5
DA:3,5
DA:4,5
DA:5,5
DA:6,5
DA:9,5
DA:10,5
DA:11,5
DA:16,5
DA:17,10
DA:18,10
DA:19,10
DA:20,10
DA:22,10
DA:23,10
DA:24,10
DA:25,10
DA:26,10
DA:27,10
DA:29,10
DA:30,10
DA:31,10
DA:32,10
DA:35,10
DA:38,16
DA:39,5
DA:40,5
DA:41,5
DA:42,5
DA:45,11
DA:46,11
DA:47,11
DA:50,10
DA:52,1
DA:56,1
DA:57,1
DA:61,10
DA:62,10
DA:63,10
DA:64,10
DA:67,10
DA:68,10
DA:69,10
DA:70,10
DA:71,10
DA:73,10
DA:74,10
DA:75,10
DA:80,1
DA:84,0
DA:85,0
DA:88,0
DA:89,0
DA:90,0
DA:91,0
DA:93,0
DA:97,2
DA:98,2
DA:99,0
DA:102,2
DA:103,1
DA:105,1
DA:106,1
DA:107,1
DA:113,1
DA:114,1
DA:115,0
DA:118,1
DA:120,1
DA:121,1
DA:122,1
DA:125,0
DA:131,10
DA:132,2
DA:133,2
DA:136,8
DA:137,8
DA:139,7
DA:140,7
DA:141,7
DA:144,1
DA:145,1
DA:151,8
DA:153,8
DA:154,1
DA:155,1
DA:157,1
DA:158,1
DA:161,7
DA:162,0
DA:163,0
DA:166,7
DA:170,0
DA:173,7
DA:174,7
DA:178,1
DA:179,1
DA:181,0
DA:187,1
DA:188,1
DA:189,1
DA:190,1
DA:194,1
DA:195,1
DA:198,0
DA:199,0
DA:200,0
DA:203,0
DA:207,1
DA:213,0
DA:214,0
DA:215,0
DA:218,1
DA:219,1
DA:225,1
DA:229,8
DA:230,8
DA:231,8
DA:232,11
DA:233,11
DA:235,11
DA:236,1
DA:237,1
DA:238,1
DA:239,1
DA:240,1
DA:244,8
DA:245,8
DA:249,36
DA:250,8
DA:251,8
DA:256,5
DA:257,0
DA:260,5
DA:261,0
DA:266,27
DA:267,5
DA:268,5
DA:273,17
DA:274,17
DA:275,17
DA:276,17
DA:277,17
DA:278,17
DA:280,17
DA:281,13
DA:286,27
DA:287,4
DA:288,4
DA:290,27
DA:294,4
DA:295,4
DA:296,4
DA:297,0
DA:298,0
DA:303,19
DA:304,0
DA:307,19
DA:313,10
DA:314,1
DA:315,1
DA:316,1
DA:319,0
DA:320,0
DA:321,0
DA:322,0
DA:324,0
DA:325,0
DA:330,10
DA:331,0
DA:332,0
DA:336,10
DA:337,0
DA:338,0
LF:175
LH:139
BRDA:27,0,0,0
BRDA:27,0,1,0
BRDA:314,1,0,1
BRDA:319,2,0,0
BRDA:320,3,0,0
BRDA:320,3,1,0
BRDA:331,4,0,0
BRDA:337,5,0,0
BRDA:337,6,0,0
BRDA:337,6,1,0
BRDA:337,6,2,0
BRDA:38,7,0,5
BRDA:56,8,0,1
BRDA:61,9,0,10
BRDA:68,10,0,10
BRDA:84,11,0,0
BRDA:84,12,0,0
BRDA:84,12,1,0
BRDA:90,13,0,0
BRDA:98,14,0,0
BRDA:114,15,0,0
BRDA:131,16,0,2
BRDA:153,17,0,1
BRDA:154,18,0,1
BRDA:161,19,0,0
BRDA:166,20,0,0
BRDA:167,21,0,7
BRDA:167,21,1,0
BRDA:187,22,0,1
BRDA:187,23,0,1
BRDA:187,23,1,0
BRDA:189,24,0,1
BRDA:198,25,0,0
BRDA:207,26,0,0
BRDA:208,27,0,1
BRDA:208,27,1,1
BRDA:208,27,2,1
BRDA:208,27,3,1
BRDA:235,28,0,1
BRDA:249,29,0,8
BRDA:256,30,0,0
BRDA:266,31,0,5
BRDA:272,32,0,13
BRDA:277,33,0,17
BRDA:280,34,0,13
BRDA:286,35,0,4
BRDA:303,36,0,0
BRF:47
BRH:23
end_of_record
TN:
SF:src\app\core\services\auth.service.ts
FN:24,(anonymous_0)
FN:35,(anonymous_1)
FN:39,(anonymous_2)
FN:43,(anonymous_3)
FN:47,(anonymous_4)
FN:51,(anonymous_5)
FN:55,(anonymous_6)
FN:57,(anonymous_7)
FN:61,(anonymous_8)
FN:63,(anonymous_9)
FN:67,(anonymous_10)
FN:69,(anonymous_11)
FN:73,(anonymous_12)
FN:77,(anonymous_13)
FN:80,(anonymous_14)
FN:82,(anonymous_15)
FN:89,(anonymous_16)
FN:91,(anonymous_17)
FN:98,(anonymous_18)
FN:102,(anonymous_19)
FN:106,(anonymous_20)
FN:110,(anonymous_21)
FN:118,(anonymous_22)
FN:125,(anonymous_23)
FNF:24
FNH:24
FNDA:21,(anonymous_0)
FNDA:4,(anonymous_1)
FNDA:6,(anonymous_2)
FNDA:3,(anonymous_3)
FNDA:2,(anonymous_4)
FNDA:2,(anonymous_5)
FNDA:1,(anonymous_6)
FNDA:1,(anonymous_7)
FNDA:4,(anonymous_8)
FNDA:4,(anonymous_9)
FNDA:1,(anonymous_10)
FNDA:1,(anonymous_11)
FNDA:1,(anonymous_12)
FNDA:1,(anonymous_13)
FNDA:1,(anonymous_14)
FNDA:1,(anonymous_15)
FNDA:1,(anonymous_16)
FNDA:1,(anonymous_17)
FNDA:1,(anonymous_18)
FNDA:1,(anonymous_19)
FNDA:1,(anonymous_20)
FNDA:1,(anonymous_21)
FNDA:7,(anonymous_22)
FNDA:21,(anonymous_23)
DA:1,21
DA:2,21
DA:3,21
DA:4,21
DA:5,21
DA:19,21
DA:20,21
DA:21,21
DA:24,21
DA:25,21
DA:26,21
DA:27,21
DA:29,21
DA:33,21
DA:36,4
DA:40,6
DA:44,3
DA:48,2
DA:52,2
DA:56,1
DA:57,1
DA:62,4
DA:63,4
DA:68,1
DA:69,1
DA:74,1
DA:75,1
DA:77,1
DA:81,1
DA:83,1
DA:84,1
DA:90,1
DA:92,1
DA:93,1
DA:99,1
DA:103,1
DA:107,1
DA:111,1
DA:112,1
DA:113,1
DA:114,1
DA:115,1
DA:119,7
DA:120,7
DA:121,7
DA:122,7
DA:126,21
DA:127,21
DA:128,21
DA:130,1
LF:50
LH:50
BRDA:44,0,0,3
BRDA:44,0,1,1
BRDA:128,1,0,2
BRDA:128,1,1,19
BRF:4
BRH:4
end_of_record
TN:
SF:src\app\core\services\booking.service.ts
FN:25,(anonymous_0)
FN:33,(anonymous_1)
FN:39,(anonymous_2)
FN:49,(anonymous_3)
FN:53,(anonymous_4)
FN:57,(anonymous_5)
FN:61,(anonymous_6)
FN:72,(anonymous_7)
FN:83,(anonymous_8)
FN:89,(anonymous_9)
FN:93,(anonymous_10)
FN:104,(anonymous_11)
FN:108,(anonymous_12)
FN:109,(anonymous_13)
FN:109,(anonymous_14)
FN:113,(anonymous_15)
FN:121,(anonymous_16)
FN:139,(anonymous_17)
FN:152,(anonymous_18)
FN:159,(anonymous_19)
FN:170,(anonymous_20)
FN:179,(anonymous_21)
FNF:22
FNH:20
FNDA:35,(anonymous_0)
FNDA:2,(anonymous_1)
FNDA:5,(anonymous_2)
FNDA:2,(anonymous_3)
FNDA:1,(anonymous_4)
FNDA:1,(anonymous_5)
FNDA:2,(anonymous_6)
FNDA:2,(anonymous_7)
FNDA:2,(anonymous_8)
FNDA:2,(anonymous_9)
FNDA:2,(anonymous_10)
FNDA:2,(anonymous_11)
FNDA:2,(anonymous_12)
FNDA:0,(anonymous_13)
FNDA:0,(anonymous_14)
FNDA:1,(anonymous_15)
FNDA:5,(anonymous_16)
FNDA:5,(anonymous_17)
FNDA:3,(anonymous_18)
FNDA:2,(anonymous_19)
FNDA:3,(anonymous_20)
FNDA:6,(anonymous_21)
DA:1,10
DA:2,10
DA:3,10
DA:4,10
DA:5,10
DA:25,10
DA:26,35
DA:27,35
DA:30,35
DA:31,35
DA:34,2
DA:36,2
DA:40,5
DA:41,5
DA:42,3
DA:43,3
DA:44,3
DA:46,2
DA:50,2
DA:54,1
DA:58,1
DA:62,2
DA:63,2
DA:64,2
DA:66,2
DA:73,2
DA:74,2
DA:75,0
DA:77,2
DA:84,2
DA:90,2
DA:98,2
DA:105,2
DA:108,2
DA:109,0
DA:114,1
DA:126,5
DA:129,5
DA:145,5
DA:150,5
DA:152,3
DA:160,2
DA:172,3
DA:173,3
DA:174,3
DA:175,3
DA:176,3
DA:180,6
LF:48
LH:46
BRDA:41,0,0,3
BRDA:63,1,0,2
BRDA:74,2,0,0
BRDA:108,3,0,2
BRDA:108,3,1,1
BRDA:109,4,0,0
BRDA:109,4,1,0
BRF:7
BRH:4
end_of_record
TN:
SF:src\app\core\services\review.service.ts
FN:13,(anonymous_0)
FN:17,(anonymous_1)
FN:28,(anonymous_2)
FN:32,(anonymous_3)
FN:36,(anonymous_4)
FNF:5
FNH:5
FNDA:7,(anonymous_0)
FNDA:3,(anonymous_1)
FNDA:1,(anonymous_2)
FNDA:1,(anonymous_3)
FNDA:1,(anonymous_4)
DA:1,4
DA:2,4
DA:4,4
DA:13,4
DA:14,7
DA:15,7
DA:22,3
DA:25,3
DA:29,1
DA:33,1
DA:37,1
LF:11
LH:11
BRDA:19,0,0,1
BRDA:20,1,0,1
BRF:2
BRH:2
end_of_record
TN:
SF:src\app\core\services\room.service.ts
FN:8,(anonymous_0)
FN:12,(anonymous_1)
FN:15,(anonymous_2)
FN:24,(anonymous_3)
FN:30,(anonymous_4)
FNF:5
FNH:5
FNDA:3,(anonymous_0)
FNDA:1,(anonymous_1)
FNDA:8,(anonymous_2)
FNDA:2,(anonymous_3)
FNDA:1,(anonymous_4)
DA:1,5
DA:2,5
DA:4,5
DA:8,5
DA:9,3
DA:10,3
DA:13,1
DA:14,1
DA:15,1
DA:16,8
DA:17,6
DA:21,1
DA:25,2
DA:31,1
LF:14
LH:14
BRDA:14,0,0,1
BRDA:16,1,0,6
BRDA:16,2,0,8
BRDA:16,2,1,7
BRDA:16,2,2,7
BRDA:24,3,0,1
BRF:6
BRH:6
end_of_record
TN:
SF:src\app\core\services\wishlist.service.ts
FN:12,(anonymous_0)
FN:19,(anonymous_1)
FN:21,(anonymous_2)
FN:25,(anonymous_3)
FN:29,(anonymous_4)
FN:33,(anonymous_5)
FN:45,(anonymous_6)
FN:47,(anonymous_7)
FN:55,(anonymous_8)
FNF:9
FNH:9
FNDA:9,(anonymous_0)
FNDA:3,(anonymous_1)
FNDA:3,(anonymous_2)
FNDA:1,(anonymous_3)
FNDA:2,(anonymous_4)
FNDA:2,(anonymous_5)
FNDA:1,(anonymous_6)
FNDA:1,(anonymous_7)
FNDA:8,(anonymous_8)
DA:1,11
DA:2,11
DA:3,11
DA:4,11
DA:12,11
DA:13,9
DA:14,9
DA:17,9
DA:20,3
DA:21,3
DA:26,1
DA:30,2
DA:34,2
DA:35,2
DA:36,1
DA:38,1
DA:40,2
DA:46,1
DA:48,1
DA:49,1
DA:50,1
DA:56,8
LF:22
LH:22
BRDA:35,0,0,1
BRDA:35,0,1,1
BRF:2
BRH:2
end_of_record
TN:
SF:src\app\features\auth\forgot-password\forgot-password.component.ts
FN:166,(anonymous_0)
FN:178,(anonymous_1)
FN:183,(anonymous_2)
FN:193,(anonymous_3)
FN:194,(anonymous_4)
FNF:5
FNH:5
FNDA:4,(anonymous_0)
FNDA:2,(anonymous_1)
FNDA:5,(anonymous_2)
FNDA:1,(anonymous_3)
FNDA:2,(anonymous_4)
DA:1,2
DA:2,2
DA:3,2
DA:4,2
DA:5,2
DA:166,2
DA:167,4
DA:168,4
DA:170,4
DA:171,4
DA:172,4
DA:174,4
DA:179,2
DA:180,2
DA:184,5
DA:185,5
DA:187,3
DA:188,3
DA:190,3
DA:193,1
DA:195,2
DA:196,2
LF:22
LH:22
BRDA:180,0,0,2
BRDA:180,0,1,1
BRDA:185,1,0,2
BRDA:185,2,0,5
BRDA:185,2,1,4
BRDA:195,3,0,2
BRDA:195,3,1,1
BRF:7
BRH:7
end_of_record
TN:
SF:src\app\features\auth\login\login.component.ts
FN:202,(anonymous_0)
FN:217,(anonymous_1)
FN:217,(anonymous_2)
FN:219,(anonymous_3)
FN:224,(anonymous_4)
FN:232,(anonymous_5)
FN:236,(anonymous_6)
FNF:7
FNH:7
FNDA:5,(anonymous_0)
FNDA:1,(anonymous_1)
FNDA:1,(anonymous_2)
FNDA:3,(anonymous_3)
FNDA:6,(anonymous_4)
FNDA:2,(anonymous_5)
FNDA:2,(anonymous_6)
DA:1,2
DA:2,2
DA:3,2
DA:4,2
DA:5,2
DA:202,2
DA:203,5
DA:204,5
DA:205,5
DA:206,5
DA:208,5
DA:209,5
DA:210,5
DA:212,5
DA:217,1
DA:220,3
DA:221,3
DA:225,6
DA:226,6
DA:228,4
DA:229,4
DA:231,4
DA:233,2
DA:234,2
DA:237,2
DA:238,2
LF:26
LH:26
BRDA:221,0,0,3
BRDA:221,0,1,2
BRDA:226,1,0,2
BRDA:226,2,0,6
BRDA:226,2,1,5
BRDA:233,3,0,2
BRDA:233,3,1,1
BRDA:237,4,0,2
BRDA:237,4,1,1
BRF:9
BRH:9
end_of_record
TN:
SF:src\app\features\auth\reset-password\reset-password.component.ts
FN:14,passwordStrengthValidator
FN:24,passwordMatchValidator
FN:214,(anonymous_2)
FN:234,(anonymous_3)
FN:239,(anonymous_4)
FN:239,(anonymous_5)
FN:241,(anonymous_6)
FN:246,(anonymous_7)
FN:254,(anonymous_8)
FN:267,(anonymous_9)
FN:268,(anonymous_10)
FNF:11
FNH:11
FNDA:12,passwordStrengthValidator
FNDA:12,passwordMatchValidator
FNDA:6,(anonymous_2)
FNDA:6,(anonymous_3)
FNDA:1,(anonymous_4)
FNDA:1,(anonymous_5)
FNDA:2,(anonymous_6)
FNDA:1,(anonymous_7)
FNDA:6,(anonymous_8)
FNDA:1,(anonymous_9)
FNDA:2,(anonymous_10)
DA:1,2
DA:2,2
DA:9,2
DA:10,2
DA:11,2
DA:15,12
DA:17,12
DA:21,12
DA:25,12
DA:26,12
DA:27,12
DA:214,2
DA:215,6
DA:216,6
DA:217,6
DA:218,6
DA:220,6
DA:221,6
DA:222,6
DA:223,6
DA:224,6
DA:226,6
DA:235,6
DA:236,6
DA:239,1
DA:242,2
DA:243,2
DA:247,1
DA:248,1
DA:255,6
DA:256,6
DA:258,3
DA:259,3
DA:261,3
DA:267,1
DA:269,2
DA:270,2
LF:37
LH:37
BRDA:15,0,0,12
BRDA:15,0,1,1
BRDA:17,1,0,12
BRDA:17,1,1,5
BRDA:17,1,2,5
BRDA:17,1,3,5
BRDA:21,2,0,5
BRDA:21,2,1,7
BRDA:27,3,0,10
BRDA:27,3,1,2
BRDA:235,4,0,6
BRDA:235,4,1,1
BRDA:243,5,0,2
BRDA:243,5,1,2
BRDA:249,6,0,1
BRDA:249,6,1,1
BRDA:249,6,2,1
BRDA:256,7,0,3
BRDA:256,8,0,6
BRDA:256,8,1,5
BRDA:256,8,2,4
BRDA:269,9,0,2
BRDA:269,9,1,1
BRF:23
BRH:23
end_of_record
TN:
SF:src\app\features\auth\signup\signup.component.ts
FN:8,passwordStrengthValidator
FN:17,passwordMatchValidator
FN:231,(anonymous_2)
FN:250,(anonymous_3)
FN:250,(anonymous_4)
FN:252,(anonymous_5)
FN:257,(anonymous_6)
FN:265,(anonymous_7)
FN:275,(anonymous_8)
FN:276,(anonymous_9)
FNF:10
FNH:10
FNDA:10,passwordStrengthValidator
FNDA:10,passwordMatchValidator
FNDA:5,(anonymous_2)
FNDA:1,(anonymous_3)
FNDA:1,(anonymous_4)
FNDA:4,(anonymous_5)
FNDA:2,(anonymous_6)
FNDA:5,(anonymous_7)
FNDA:1,(anonymous_8)
FNDA:2,(anonymous_9)
DA:1,2
DA:2,2
DA:3,2
DA:4,2
DA:5,2
DA:9,10
DA:10,10
DA:11,10
DA:12,10
DA:13,10
DA:14,6
DA:18,10
DA:19,10
DA:20,10
DA:231,2
DA:232,5
DA:233,5
DA:234,5
DA:236,5
DA:237,5
DA:238,5
DA:240,5
DA:250,1
DA:253,4
DA:254,4
DA:258,2
DA:259,2
DA:266,5
DA:267,5
DA:269,3
DA:270,3
DA:272,3
DA:274,3
DA:275,1
DA:277,2
DA:278,2
LF:36
LH:36
BRDA:9,0,0,10
BRDA:9,0,1,1
BRDA:13,1,0,4
BRDA:13,2,0,10
BRDA:13,2,1,4
BRDA:13,2,2,4
BRDA:13,2,3,4
BRDA:20,3,0,8
BRDA:20,3,1,2
BRDA:254,4,0,4
BRDA:254,4,1,4
BRDA:260,5,0,2
BRDA:260,5,1,2
BRDA:260,5,2,1
BRDA:267,6,0,2
BRDA:267,7,0,5
BRDA:267,7,1,4
BRDA:277,8,0,2
BRDA:277,8,1,1
BRF:19
BRH:19
end_of_record
TN:
SF:src\app\features\booking-confirmation\booking-confirmation.component.ts
FN:258,(anonymous_0)
FN:267,(anonymous_1)
FN:276,(anonymous_2)
FN:281,(anonymous_3)
FN:288,(anonymous_4)
FN:290,(anonymous_5)
FN:295,(anonymous_6)
FN:297,(anonymous_7)
FN:302,(anonymous_8)
FNF:9
FNH:9
FNDA:4,(anonymous_0)
FNDA:4,(anonymous_1)
FNDA:2,(anonymous_2)
FNDA:1,(anonymous_3)
FNDA:1,(anonymous_4)
FNDA:1,(anonymous_5)
FNDA:1,(anonymous_6)
FNDA:1,(anonymous_7)
FNDA:2,(anonymous_8)
DA:1,2
DA:2,2
DA:3,2
DA:5,2
DA:6,2
DA:258,2
DA:259,4
DA:260,4
DA:261,4
DA:262,4
DA:263,4
DA:264,4
DA:265,4
DA:268,4
DA:269,4
DA:270,1
DA:271,1
DA:272,1
DA:275,3
DA:277,2
DA:278,2
DA:279,2
DA:282,1
DA:283,1
DA:289,1
DA:290,1
DA:291,1
DA:296,1
DA:297,1
DA:298,1
DA:303,2
DA:304,2
DA:305,2
DA:306,2
DA:307,2
DA:308,2
LF:36
LH:36
BRDA:268,0,0,4
BRDA:268,0,1,1
BRDA:269,1,0,1
BRDA:289,2,0,0
BRDA:296,3,0,0
BRF:5
BRH:3
end_of_record
TN:
SF:src\app\features\booking-history\booking-history.component.ts
FN:479,(anonymous_0)
FN:498,(anonymous_1)
FN:502,(anonymous_2)
FN:506,(anonymous_3)
FN:510,(anonymous_4)
FN:520,(anonymous_5)
FN:524,(anonymous_6)
FN:531,(anonymous_7)
FN:535,(anonymous_8)
FN:541,(anonymous_9)
FN:548,(anonymous_10)
FN:554,(anonymous_11)
FN:558,(anonymous_12)
FN:565,(anonymous_13)
FN:573,(anonymous_14)
FN:583,(anonymous_15)
FN:590,(anonymous_16)
FN:595,(anonymous_17)
FN:599,(anonymous_18)
FN:605,(anonymous_19)
FN:616,(anonymous_20)
FN:619,(anonymous_21)
FN:627,(anonymous_22)
FN:631,(anonymous_23)
FN:635,(anonymous_24)
FN:638,(anonymous_25)
FN:641,(anonymous_26)
FN:645,(anonymous_27)
FN:656,(anonymous_28)
FN:666,(anonymous_29)
FN:670,(anonymous_30)
FN:674,(anonymous_31)
FN:680,(anonymous_32)
FN:684,(anonymous_33)
FN:688,(anonymous_34)
FN:694,(anonymous_35)
FNF:36
FNH:35
FNDA:13,(anonymous_0)
FNDA:1,(anonymous_1)
FNDA:1,(anonymous_2)
FNDA:2,(anonymous_3)
FNDA:6,(anonymous_4)
FNDA:5,(anonymous_5)
FNDA:1,(anonymous_6)
FNDA:3,(anonymous_7)
FNDA:11,(anonymous_8)
FNDA:4,(anonymous_9)
FNDA:4,(anonymous_10)
FNDA:4,(anonymous_11)
FNDA:18,(anonymous_12)
FNDA:5,(anonymous_13)
FNDA:2,(anonymous_14)
FNDA:0,(anonymous_15)
FNDA:2,(anonymous_16)
FNDA:1,(anonymous_17)
FNDA:1,(anonymous_18)
FNDA:2,(anonymous_19)
FNDA:1,(anonymous_20)
FNDA:1,(anonymous_21)
FNDA:3,(anonymous_22)
FNDA:3,(anonymous_23)
FNDA:1,(anonymous_24)
FNDA:2,(anonymous_25)
FNDA:1,(anonymous_26)
FNDA:1,(anonymous_27)
FNDA:1,(anonymous_28)
FNDA:2,(anonymous_29)
FNDA:1,(anonymous_30)
FNDA:1,(anonymous_31)
FNDA:2,(anonymous_32)
FNDA:1,(anonymous_33)
FNDA:1,(anonymous_34)
FNDA:2,(anonymous_35)
DA:1,2
DA:2,2
DA:3,2
DA:4,2
DA:6,2
DA:7,2
DA:479,2
DA:480,13
DA:481,13
DA:483,13
DA:484,13
DA:485,13
DA:486,13
DA:487,13
DA:488,13
DA:489,13
DA:491,13
DA:499,1
DA:503,1
DA:507,2
DA:511,6
DA:512,6
DA:513,6
DA:514,5
DA:515,5
DA:516,5
DA:519,6
DA:521,5
DA:522,5
DA:525,1
DA:526,1
DA:532,3
DA:536,11
DA:537,11
DA:538,11
DA:539,3
DA:540,1
DA:542,4
DA:546,2
DA:547,1
DA:549,4
DA:553,1
DA:554,4
DA:559,18
DA:560,12
DA:561,8
DA:562,4
DA:566,5
DA:574,2
DA:575,0
DA:577,2
DA:578,0
DA:580,2
DA:584,0
DA:585,0
DA:587,0
DA:591,2
DA:592,2
DA:593,2
DA:594,2
DA:596,1
DA:597,1
DA:600,1
DA:606,2
DA:607,2
DA:608,2
DA:609,2
DA:617,1
DA:620,1
DA:628,3
DA:632,3
DA:636,1
DA:638,2
DA:642,1
DA:646,1
DA:647,1
DA:653,0
DA:657,1
DA:667,2
DA:668,2
DA:669,2
DA:671,1
DA:672,1
DA:675,1
DA:681,2
DA:682,2
DA:683,2
DA:685,1
DA:686,1
DA:689,1
DA:695,2
DA:696,2
DA:697,2
DA:698,2
DA:699,2
DA:700,2
LF:96
LH:90
BRDA:499,0,0,1
BRDA:499,0,1,1
BRDA:510,1,0,5
BRDA:513,2,0,5
BRDA:536,3,0,11
BRDA:536,3,1,1
BRDA:538,4,0,8
BRDA:539,5,0,1
BRDA:542,6,0,4
BRDA:542,6,1,2
BRDA:546,7,0,1
BRDA:549,8,0,4
BRDA:549,8,1,3
BRDA:549,8,2,2
BRDA:559,9,0,6
BRDA:559,10,0,6
BRDA:559,10,1,1
BRDA:560,11,0,4
BRDA:560,12,0,4
BRDA:560,12,1,1
BRDA:561,13,0,4
BRDA:561,14,0,4
BRDA:561,14,1,1
BRDA:562,15,0,4
BRDA:562,15,1,1
BRDA:574,16,0,0
BRDA:574,17,0,2
BRDA:574,17,1,2
BRDA:577,18,0,0
BRDA:584,19,0,0
BRDA:584,20,0,0
BRDA:584,20,1,0
BRDA:628,21,0,3
BRDA:628,21,1,2
BRDA:636,22,0,1
BRDA:636,22,1,0
BRDA:642,23,0,1
BRDA:642,23,1,0
BRDA:646,24,0,1
BRDA:647,25,0,1
BRDA:647,25,1,0
BRDA:647,25,2,0
BRDA:647,25,3,0
BRDA:647,25,4,0
BRF:44
BRH:33
end_of_record
TN:
SF:src\app\features\checkout\checkout.component.ts
FN:268,(anonymous_0)
FN:307,(anonymous_1)
FN:311,(anonymous_2)
FN:315,(anonymous_3)
FN:319,(anonymous_4)
FN:327,(anonymous_5)
FN:334,(anonymous_6)
FN:338,(anonymous_7)
FN:353,(anonymous_8)
FN:383,(anonymous_9)
FN:414,(anonymous_10)
FN:427,(anonymous_11)
FN:428,(anonymous_12)
FN:472,(anonymous_13)
FN:478,(anonymous_14)
FN:482,(anonymous_15)
FN:486,(anonymous_16)
FN:489,(anonymous_17)
FN:506,(anonymous_18)
FN:515,(anonymous_19)
FN:518,(anonymous_20)
FN:526,(anonymous_21)
FN:543,(anonymous_22)
FN:549,(anonymous_23)
FN:579,(anonymous_24)
FN:605,(anonymous_25)
FN:610,(anonymous_26)
FN:625,(anonymous_27)
FN:634,(anonymous_28)
FN:660,(anonymous_29)
FN:700,(anonymous_30)
FN:707,(anonymous_31)
FN:716,(anonymous_32)
FNF:33
FNH:31
FNDA:39,(anonymous_0)
FNDA:3,(anonymous_1)
FNDA:1,(anonymous_2)
FNDA:16,(anonymous_3)
FNDA:6,(anonymous_4)
FNDA:4,(anonymous_5)
FNDA:35,(anonymous_6)
FNDA:38,(anonymous_7)
FNDA:36,(anonymous_8)
FNDA:3,(anonymous_9)
FNDA:37,(anonymous_10)
FNDA:0,(anonymous_11)
FNDA:0,(anonymous_12)
FNDA:41,(anonymous_13)
FNDA:1,(anonymous_14)
FNDA:1,(anonymous_15)
FNDA:14,(anonymous_16)
FNDA:14,(anonymous_17)
FNDA:63,(anonymous_18)
FNDA:9,(anonymous_19)
FNDA:3,(anonymous_20)
FNDA:6,(anonymous_21)
FNDA:1,(anonymous_22)
FNDA:21,(anonymous_23)
FNDA:7,(anonymous_24)
FNDA:5,(anonymous_25)
FNDA:2,(anonymous_26)
FNDA:1,(anonymous_27)
FNDA:22,(anonymous_28)
FNDA:15,(anonymous_29)
FNDA:2,(anonymous_30)
FNDA:7,(anonymous_31)
FNDA:1,(anonymous_32)
DA:1,2
DA:2,2
DA:3,2
DA:4,2
DA:5,2
DA:7,2
DA:8,2
DA:268,2
DA:269,39
DA:270,39
DA:271,39
DA:273,39
DA:274,39
DA:275,39
DA:276,39
DA:277,39
DA:278,39
DA:280,39
DA:281,39
DA:282,39
DA:283,39
DA:284,39
DA:287,39
DA:289,39
DA:291,39
DA:293,39
DA:295,39
DA:297,39
DA:298,39
DA:300,39
DA:308,3
DA:312,1
DA:316,16
DA:320,6
DA:328,4
DA:329,4
DA:330,4
DA:331,4
DA:335,35
DA:339,38
DA:340,38
DA:343,38
DA:344,38
DA:345,38
DA:346,38
DA:347,38
DA:348,38
DA:349,38
DA:350,38
DA:354,36
DA:355,36
DA:356,29
DA:359,7
DA:360,7
DA:361,6
DA:367,4
DA:368,2
DA:369,2
DA:370,2
DA:371,2
DA:373,2
DA:375,2
DA:376,1
DA:379,1
DA:384,3
DA:385,1
DA:386,1
DA:387,1
DA:390,2
DA:396,2
DA:397,2
DA:398,2
DA:399,2
DA:400,2
DA:401,1
DA:402,1
DA:403,1
DA:404,1
DA:405,1
DA:406,1
DA:408,1
DA:409,1
DA:410,1
DA:415,37
DA:416,37
DA:417,36
DA:418,36
DA:420,1
DA:421,1
DA:422,1
DA:423,1
DA:426,0
DA:427,0
DA:429,0
DA:430,0
DA:438,36
DA:439,36
DA:440,1
DA:441,1
DA:442,1
DA:448,0
DA:449,0
DA:450,0
DA:451,0
DA:452,0
DA:454,0
DA:456,1
DA:457,0
DA:460,0
DA:465,36
DA:466,36
DA:467,1
DA:473,41
DA:479,1
DA:483,1
DA:487,14
DA:488,14
DA:489,14
DA:490,14
DA:491,14
DA:492,14
DA:493,5
DA:494,5
DA:496,5
DA:497,5
DA:498,4
DA:502,14
DA:503,14
DA:507,63
DA:508,13
DA:509,13
DA:516,9
DA:517,9
DA:519,3
DA:520,3
DA:521,3
DA:522,3
DA:523,3
DA:527,6
DA:528,6
DA:529,6
DA:530,4
DA:533,4
DA:535,2
DA:544,1
DA:545,1
DA:546,1
DA:550,21
DA:551,21
DA:552,21
DA:553,21
DA:554,21
DA:555,21
DA:557,21
DA:558,1
DA:561,21
DA:562,1
DA:563,20
DA:564,1
DA:567,21
DA:568,1
DA:571,21
DA:572,21
DA:573,21
DA:574,21
DA:580,7
DA:581,7
DA:582,4
DA:583,4
DA:594,4
DA:596,3
DA:597,2
DA:598,1
DA:600,1
DA:606,5
DA:607,5
DA:608,3
DA:609,3
DA:611,2
DA:612,2
DA:613,2
DA:614,2
DA:615,2
DA:616,2
DA:618,2
DA:619,2
DA:620,1
DA:622,1
DA:626,1
DA:627,1
DA:635,22
DA:636,1
DA:637,1
DA:640,21
DA:641,3
DA:645,18
DA:646,17
DA:647,17
DA:649,17
DA:652,17
DA:661,15
DA:663,6
DA:664,6
DA:665,0
DA:666,0
DA:667,0
DA:668,0
DA:669,0
DA:670,0
DA:671,0
DA:673,6
DA:674,5
DA:678,6
DA:681,6
DA:682,1
DA:685,5
DA:686,5
DA:690,9
DA:701,2
DA:702,2
DA:703,2
DA:705,2
DA:708,7
DA:709,7
DA:717,1
DA:718,1
LF:226
LH:207
BRDA:308,0,0,3
BRDA:308,0,1,1
BRDA:321,1,0,6
BRDA:321,1,1,4
BRDA:321,1,2,4
BRDA:328,2,0,4
BRDA:328,2,1,0
BRDA:329,3,0,4
BRDA:329,3,1,0
BRDA:330,4,0,4
BRDA:330,4,1,0
BRDA:331,5,0,4
BRDA:331,5,1,4
BRDA:335,6,0,35
BRDA:335,6,1,10
BRDA:335,6,2,7
BRDA:344,7,0,38
BRDA:344,7,1,1
BRDA:355,8,0,29
BRDA:361,9,0,4
BRDA:361,9,1,2
BRDA:362,10,0,6
BRDA:362,10,1,6
BRDA:362,10,2,5
BRDA:362,10,3,5
BRDA:367,11,0,2
BRDA:367,11,1,2
BRDA:367,12,0,4
BRDA:367,12,1,3
BRDA:375,13,0,1
BRDA:384,14,0,1
BRDA:400,15,0,1
BRDA:409,16,0,1
BRDA:416,17,0,36
BRDA:416,17,1,1
BRDA:421,18,0,1
BRDA:421,19,0,1
BRDA:421,19,1,1
BRDA:439,20,0,1
BRDA:439,21,0,36
BRDA:439,21,1,3
BRDA:439,21,2,3
BRDA:442,22,0,0
BRDA:442,22,1,1
BRDA:443,23,0,1
BRDA:443,23,1,1
BRDA:443,23,2,1
BRDA:443,23,3,1
BRDA:448,24,0,0
BRDA:448,24,1,0
BRDA:448,25,0,0
BRDA:448,25,1,0
BRDA:456,26,0,0
BRDA:466,27,0,1
BRDA:492,28,0,5
BRDA:497,29,0,4
BRDA:497,30,0,5
BRDA:497,30,1,5
BRDA:507,31,0,13
BRDA:522,32,0,3
BRDA:528,33,0,6
BRDA:528,33,1,2
BRDA:529,34,0,4
BRDA:529,34,1,2
BRDA:529,35,0,6
BRDA:529,35,1,4
BRDA:557,36,0,1
BRDA:561,37,0,1
BRDA:561,37,1,20
BRDA:563,38,0,1
BRDA:567,39,0,1
BRDA:567,40,0,21
BRDA:567,40,1,1
BRDA:574,41,0,21
BRDA:574,41,1,20
BRDA:574,41,2,19
BRDA:581,42,0,4
BRDA:581,43,0,7
BRDA:581,43,1,4
BRDA:589,44,0,4
BRDA:589,44,1,2
BRDA:594,45,0,4
BRDA:594,45,1,2
BRDA:594,45,2,1
BRDA:596,46,0,1
BRDA:597,47,0,1
BRDA:607,48,0,2
BRDA:607,49,0,5
BRDA:607,49,1,4
BRDA:619,50,0,1
BRDA:619,50,1,1
BRDA:635,51,0,1
BRDA:640,52,0,3
BRDA:645,53,0,1
BRDA:661,54,0,6
BRDA:661,54,1,9
BRDA:664,55,0,0
BRDA:673,56,0,5
BRDA:678,57,0,5
BRDA:678,57,1,1
BRDA:681,58,0,1
BRDA:681,58,1,5
BRDA:702,59,0,2
BRF:103
BRH:93
end_of_record
TN:
SF:src\app\features\landing\landing.component.ts
FN:249,(anonymous_0)
FN:264,(anonymous_1)
FN:292,(anonymous_2)
FN:294,(anonymous_3)
FN:299,(anonymous_4)
FN:307,(anonymous_5)
FNF:6
FNH:6
FNDA:4,(anonymous_0)
FNDA:80,(anonymous_1)
FNDA:2,(anonymous_2)
FNDA:1,(anonymous_3)
FNDA:1,(anonymous_4)
FNDA:2,(anonymous_5)
DA:1,2
DA:2,2
DA:3,2
DA:4,2
DA:5,2
DA:6,2
DA:249,2
DA:250,4
DA:251,4
DA:253,4
DA:254,4
DA:255,4
DA:257,4
DA:258,4
DA:259,4
DA:260,4
DA:261,4
DA:262,4
DA:264,4
DA:265,80
DA:266,80
DA:267,80
DA:268,80
DA:271,4
DA:279,4
DA:286,4
DA:293,2
DA:295,1
DA:296,1
DA:297,1
DA:300,1
DA:301,1
DA:302,1
DA:308,2
DA:309,2
DA:310,2
DA:311,2
DA:312,2
DA:313,2
LF:39
LH:39
BRDA:309,0,0,1
BRDA:310,1,0,1
BRDA:311,2,0,1
BRDA:312,3,0,1
BRF:4
BRH:4
end_of_record
TN:
SF:src\app\features\legal-policy\legal-policy.component.ts
FN:128,(anonymous_0)
FN:139,(anonymous_1)
FNF:2
FNH:0
FNDA:0,(anonymous_0)
FNDA:0,(anonymous_1)
DA:1,1
DA:2,1
DA:3,1
DA:128,1
DA:129,0
DA:131,0
DA:139,0
DA:140,0
LF:8
LH:4
BRDA:140,0,0,0
BRDA:140,0,1,0
BRF:2
BRH:0
end_of_record
TN:
SF:src\app\features\not-found\not-found.component.ts
FNF:0
FNH:0
DA:1,1
DA:2,1
DA:3,1
DA:100,1
LF:4
LH:4
BRF:0
BRH:0
end_of_record
TN:
SF:src\app\features\profile\profile.component.ts
FN:237,(anonymous_0)
FN:259,(anonymous_1)
FN:260,(anonymous_2)
FN:266,(anonymous_3)
FN:270,(anonymous_4)
FN:276,(anonymous_5)
FN:282,(anonymous_6)
FN:287,(anonymous_7)
FN:296,(anonymous_8)
FN:301,(anonymous_9)
FN:308,(anonymous_10)
FN:317,(anonymous_11)
FN:322,(anonymous_12)
FNF:13
FNH:13
FNDA:9,(anonymous_0)
FNDA:2,(anonymous_1)
FNDA:2,(anonymous_2)
FNDA:2,(anonymous_3)
FNDA:3,(anonymous_4)
FNDA:2,(anonymous_5)
FNDA:2,(anonymous_6)
FNDA:5,(anonymous_7)
FNDA:1,(anonymous_8)
FNDA:2,(anonymous_9)
FNDA:5,(anonymous_10)
FNDA:1,(anonymous_11)
FNDA:2,(anonymous_12)
DA:1,2
DA:2,2
DA:3,2
DA:4,2
DA:5,2
DA:6,2
DA:237,2
DA:238,9
DA:239,9
DA:241,9
DA:242,9
DA:243,9
DA:244,9
DA:245,9
DA:246,9
DA:247,9
DA:249,9
DA:254,9
DA:260,2
DA:261,2
DA:262,2
DA:267,2
DA:268,2
DA:270,3
DA:277,2
DA:278,2
DA:279,1
DA:283,2
DA:284,2
DA:288,5
DA:289,5
DA:291,3
DA:292,3
DA:293,3
DA:295,3
DA:297,1
DA:298,1
DA:299,1
DA:302,2
DA:303,2
DA:309,5
DA:310,5
DA:312,3
DA:313,3
DA:314,3
DA:316,3
DA:318,1
DA:319,1
DA:320,1
DA:323,2
DA:324,2
LF:51
LH:51
BRDA:262,0,0,2
BRDA:262,0,1,1
BRDA:267,1,0,2
BRDA:267,1,1,1
BRDA:278,2,0,1
BRDA:284,3,0,2
BRDA:284,3,1,2
BRDA:289,4,0,2
BRDA:289,5,0,5
BRDA:289,5,1,4
BRDA:302,6,0,2
BRDA:302,6,1,1
BRDA:310,7,0,2
BRDA:310,8,0,5
BRDA:310,8,1,4
BRDA:323,9,0,2
BRDA:323,9,1,1
BRF:17
BRH:17
end_of_record
TN:
SF:src\app\features\room-detail\room-detail.component.ts
FN:285,(anonymous_0)
FN:324,(anonymous_1)
FN:320,(anonymous_2)
FN:321,(anonymous_3)
FN:332,(anonymous_4)
FN:338,(anonymous_5)
FN:347,(anonymous_6)
FN:357,(anonymous_7)
FN:362,(anonymous_8)
FN:366,(anonymous_9)
FN:383,(anonymous_10)
FN:393,(anonymous_11)
FN:398,(anonymous_12)
FN:405,(anonymous_13)
FN:415,(anonymous_14)
FN:446,(anonymous_15)
FN:458,(anonymous_16)
FN:467,(anonymous_17)
FN:485,(anonymous_18)
FN:491,(anonymous_19)
FNF:20
FNH:20
FNDA:27,(anonymous_0)
FNDA:4,(anonymous_1)
FNDA:3,(anonymous_2)
FNDA:10,(anonymous_3)
FNDA:26,(anonymous_4)
FNDA:25,(anonymous_5)
FNDA:1,(anonymous_6)
FNDA:1,(anonymous_7)
FNDA:1,(anonymous_8)
FNDA:2,(anonymous_9)
FNDA:2,(anonymous_10)
FNDA:26,(anonymous_11)
FNDA:24,(anonymous_12)
FNDA:2,(anonymous_13)
FNDA:35,(anonymous_14)
FNDA:11,(anonymous_15)
FNDA:1,(anonymous_16)
FNDA:6,(anonymous_17)
FNDA:2,(anonymous_18)
FNDA:5,(anonymous_19)
DA:1,2
DA:2,2
DA:3,2
DA:4,2
DA:5,2
DA:6,2
DA:7,2
DA:8,2
DA:11,2
DA:12,2
DA:285,2
DA:286,27
DA:287,27
DA:288,27
DA:289,27
DA:290,27
DA:291,27
DA:293,27
DA:294,27
DA:295,27
DA:296,27
DA:297,27
DA:298,27
DA:300,27
DA:301,27
DA:302,27
DA:303,27
DA:304,27
DA:306,27
DA:307,27
DA:310,27
DA:312,27
DA:313,27
DA:315,27
DA:316,27
DA:317,27
DA:318,27
DA:321,10
DA:324,27
DA:325,4
DA:326,4
DA:327,1
DA:330,27
DA:333,26
DA:334,26
DA:335,2
DA:337,26
DA:339,25
DA:340,25
DA:341,25
DA:342,25
DA:343,25
DA:344,25
DA:345,25
DA:348,1
DA:349,1
DA:350,1
DA:351,1
DA:352,1
DA:358,1
DA:359,1
DA:363,1
DA:367,2
DA:368,2
DA:369,1
DA:370,1
DA:373,1
DA:374,1
DA:380,1
DA:384,2
DA:390,2
DA:394,26
DA:395,26
DA:396,26
DA:397,26
DA:399,24
DA:400,24
DA:401,24
DA:403,24
DA:406,2
DA:407,2
DA:408,2
DA:409,2
DA:416,35
DA:417,25
DA:418,25
DA:420,10
DA:423,10
DA:424,1
DA:425,1
DA:427,9
DA:428,9
DA:430,9
DA:431,16
DA:432,16
DA:433,16
DA:434,16
DA:435,2
DA:436,2
DA:438,14
DA:439,1
DA:440,1
DA:443,6
DA:447,11
DA:448,11
DA:449,11
DA:450,10
DA:451,10
DA:452,10
DA:453,10
DA:455,11
DA:459,1
DA:460,1
DA:461,0
DA:463,1
DA:464,1
DA:468,6
DA:469,2
DA:470,2
DA:472,4
DA:473,1
DA:474,1
DA:476,3
DA:477,1
DA:479,2
DA:480,2
DA:481,2
DA:482,2
DA:486,2
DA:487,2
DA:488,1
DA:492,5
DA:499,5
DA:500,30
DA:502,1
LF:135
LH:134
BRDA:326,0,0,4
BRDA:326,0,1,1
BRDA:321,1,0,3
BRDA:321,1,1,1
BRDA:334,2,0,2
BRDA:343,3,0,25
BRDA:343,3,1,0
BRDA:359,4,0,1
BRDA:359,4,1,0
BRDA:368,5,0,1
BRDA:368,6,0,2
BRDA:368,6,1,2
BRDA:416,7,0,25
BRDA:416,8,0,35
BRDA:416,8,1,10
BRDA:423,9,0,1
BRDA:434,10,0,2
BRDA:438,11,0,1
BRDA:449,12,0,10
BRDA:449,13,0,11
BRDA:449,13,1,10
BRDA:452,14,0,10
BRDA:452,14,1,1
BRDA:460,15,0,0
BRDA:468,16,0,2
BRDA:468,17,0,6
BRDA:468,17,1,4
BRDA:468,17,2,4
BRDA:472,18,0,1
BRDA:476,19,0,1
BRDA:487,20,0,1
BRDA:500,21,0,4
BRF:32
BRH:29
end_of_record
TN:
SF:src\app\features\search-results\search-map-placeholder.component.ts
FN:186,(anonymous_0)
FNF:1
FNH:1
FNDA:1,(anonymous_0)
DA:1,3
DA:2,3
DA:186,3
DA:187,1
DA:188,1
LF:5
LH:5
BRF:0
BRH:0
end_of_record
TN:
SF:src\app\features\search-results\search-results.component.ts
FN:257,(anonymous_0)
FN:302,(anonymous_1)
FN:321,(anonymous_2)
FN:326,(anonymous_3)
FN:329,(anonymous_4)
FN:331,(anonymous_5)
FN:340,(anonymous_6)
FN:346,(anonymous_7)
FN:350,(anonymous_8)
FN:355,(anonymous_9)
FN:378,(anonymous_10)
FN:379,(anonymous_11)
FN:382,(anonymous_12)
FN:383,(anonymous_13)
FN:387,(anonymous_14)
FN:398,(anonymous_15)
FN:412,(anonymous_16)
FN:425,(anonymous_17)
FN:452,(anonymous_18)
FN:459,(anonymous_19)
FN:465,(anonymous_20)
FN:469,(anonymous_21)
FN:470,(anonymous_22)
FN:473,(anonymous_23)
FN:475,(anonymous_24)
FN:479,(anonymous_25)
FN:498,(anonymous_26)
FN:506,(anonymous_27)
FN:532,(anonymous_28)
FN:544,(anonymous_29)
FN:550,(anonymous_30)
FNF:31
FNH:31
FNDA:23,(anonymous_0)
FNDA:8,(anonymous_1)
FNDA:2,(anonymous_2)
FNDA:5,(anonymous_3)
FNDA:1,(anonymous_4)
FNDA:1,(anonymous_5)
FNDA:3,(anonymous_6)
FNDA:3,(anonymous_7)
FNDA:23,(anonymous_8)
FNDA:23,(anonymous_9)
FNDA:1,(anonymous_10)
FNDA:1,(anonymous_11)
FNDA:1,(anonymous_12)
FNDA:1,(anonymous_13)
FNDA:1,(anonymous_14)
FNDA:17,(anonymous_15)
FNDA:5,(anonymous_16)
FNDA:9,(anonymous_17)
FNDA:1,(anonymous_18)
FNDA:1,(anonymous_19)
FNDA:2,(anonymous_20)
FNDA:13,(anonymous_21)
FNDA:34,(anonymous_22)
FNDA:24,(anonymous_23)
FNDA:45,(anonymous_24)
FNDA:25,(anonymous_25)
FNDA:23,(anonymous_26)
FNDA:20,(anonymous_27)
FNDA:25,(anonymous_28)
FNDA:24,(anonymous_29)
FNDA:1,(anonymous_30)
DA:1,2
DA:2,2
DA:3,2
DA:4,2
DA:5,2
DA:6,2
DA:7,2
DA:8,2
DA:10,2
DA:257,2
DA:258,23
DA:259,23
DA:260,23
DA:261,23
DA:262,23
DA:264,23
DA:265,23
DA:266,23
DA:267,23
DA:268,23
DA:269,23
DA:270,23
DA:271,23
DA:273,23
DA:281,23
DA:292,23
DA:300,23
DA:302,23
DA:303,8
DA:304,8
DA:306,8
DA:307,8
DA:308,8
DA:309,8
DA:310,8
DA:311,3
DA:313,8
DA:314,8
DA:315,8
DA:316,8
DA:318,8
DA:321,23
DA:322,2
DA:323,2
DA:324,1
DA:326,5
DA:329,23
DA:331,23
DA:332,1
DA:333,1
DA:334,1
DA:335,7
DA:337,1
DA:340,23
DA:341,3
DA:342,2
DA:343,1
DA:346,23
DA:347,3
DA:351,23
DA:352,1
DA:355,23
DA:356,23
DA:357,23
DA:358,23
DA:374,23
DA:379,1
DA:383,1
DA:384,1
DA:388,1
DA:395,1
DA:399,17
DA:404,1
DA:405,1
DA:406,1
DA:408,17
DA:409,17
DA:413,5
DA:414,5
DA:415,1
DA:417,4
DA:419,5
DA:426,9
DA:431,4
DA:432,4
DA:434,1
DA:435,1
DA:437,1
DA:438,1
DA:440,1
DA:441,1
DA:443,1
DA:444,1
DA:446,1
DA:447,1
DA:449,9
DA:453,1
DA:454,1
DA:455,1
DA:456,1
DA:460,1
DA:461,1
DA:462,1
DA:466,2
DA:470,34
DA:474,24
DA:475,45
DA:480,25
DA:499,23
DA:500,5
DA:501,4
DA:502,3
DA:503,2
DA:507,20
DA:508,20
DA:510,20
DA:511,20
DA:512,20
DA:513,20
DA:514,20
DA:515,20
DA:516,20
DA:517,20
DA:518,20
DA:519,20
DA:520,20
DA:521,20
DA:522,20
DA:523,20
DA:525,20
DA:533,25
DA:534,25
DA:536,25
DA:543,25
DA:545,24
DA:546,24
DA:547,24
DA:548,24
DA:551,1
DA:552,1
DA:553,1
DA:554,1
LF:142
LH:142
BRDA:306,0,0,1
BRDA:307,1,0,7
BRDA:308,2,0,8
BRDA:309,3,0,8
BRDA:310,4,0,3
BRDA:310,5,0,8
BRDA:310,5,1,6
BRDA:311,6,0,3
BRDA:311,6,1,1
BRDA:311,7,0,3
BRDA:311,7,1,1
BRDA:313,8,0,8
BRDA:314,9,0,8
BRDA:315,10,0,8
BRDA:316,11,0,8
BRDA:316,12,0,8
BRDA:316,12,1,8
BRDA:322,13,0,2
BRDA:322,13,1,2
BRDA:322,13,2,1
BRDA:323,14,0,1
BRDA:341,15,0,1
BRDA:342,16,0,1
BRDA:347,17,0,3
BRDA:347,17,1,2
BRDA:347,17,2,1
BRDA:347,17,3,1
BRDA:351,18,0,1
BRDA:356,19,0,5
BRDA:356,19,1,18
BRDA:359,20,0,23
BRDA:359,20,1,23
BRDA:360,21,0,23
BRDA:360,21,1,6
BRDA:361,22,0,23
BRDA:361,22,1,6
BRDA:362,23,0,23
BRDA:362,23,1,6
BRDA:363,24,0,1
BRDA:363,24,1,22
BRDA:364,25,0,1
BRDA:364,25,1,22
BRDA:365,26,0,17
BRDA:365,26,1,6
BRDA:366,27,0,23
BRDA:366,27,1,6
BRDA:367,28,0,17
BRDA:367,28,1,6
BRDA:369,29,0,23
BRDA:369,29,1,18
BRDA:370,30,0,23
BRDA:370,30,1,18
BRDA:399,31,0,1
BRDA:400,32,0,17
BRDA:400,32,1,1
BRDA:400,32,2,1
BRDA:414,33,0,1
BRDA:414,33,1,4
BRDA:426,34,0,1
BRDA:426,34,1,2
BRDA:426,34,2,3
BRDA:426,34,3,4
BRDA:426,34,4,1
BRDA:426,34,5,1
BRDA:426,34,6,1
BRDA:426,34,7,1
BRDA:426,34,8,1
BRDA:470,35,0,13
BRDA:470,35,1,1
BRDA:474,36,0,22
BRDA:474,36,1,2
BRDA:499,37,0,18
BRDA:499,38,0,23
BRDA:499,38,1,6
BRDA:500,39,0,1
BRDA:500,40,0,5
BRDA:500,40,1,5
BRDA:501,41,0,1
BRDA:501,42,0,4
BRDA:501,42,1,4
BRDA:502,43,0,1
BRDA:502,44,0,3
BRDA:502,44,1,3
BRDA:510,45,0,1
BRDA:511,46,0,7
BRDA:512,47,0,10
BRDA:513,48,0,11
BRDA:514,49,0,1
BRDA:515,50,0,1
BRDA:516,51,0,13
BRDA:517,52,0,13
BRDA:518,53,0,12
BRDA:519,54,0,12
BRDA:519,55,0,20
BRDA:519,55,1,20
BRDA:520,56,0,5
BRDA:521,57,0,5
BRDA:522,58,0,1
BRDA:523,59,0,17
BRDA:538,60,0,25
BRDA:538,60,1,1
BRF:101
BRH:101
end_of_record
TN:
SF:src\app\features\support\support.component.ts
FNF:0
FNH:0
DA:1,1
DA:2,1
DA:3,1
DA:175,1
LF:4
LH:4
BRF:0
BRH:0
end_of_record
TN:
SF:src\app\features\wishlist\wishlist.component.ts
FN:237,(anonymous_0)
FN:246,(anonymous_1)
FN:250,(anonymous_2)
FN:254,(anonymous_3)
FN:258,(anonymous_4)
FN:263,(anonymous_5)
FN:267,(anonymous_6)
FN:274,(anonymous_7)
FN:280,(anonymous_8)
FN:281,(anonymous_9)
FN:281,(anonymous_10)
FN:286,(anonymous_11)
FNF:12
FNH:12
FNDA:5,(anonymous_0)
FNDA:1,(anonymous_1)
FNDA:1,(anonymous_2)
FNDA:1,(anonymous_3)
FNDA:2,(anonymous_4)
FNDA:1,(anonymous_5)
FNDA:1,(anonymous_6)
FNDA:2,(anonymous_7)
FNDA:1,(anonymous_8)
FNDA:1,(anonymous_9)
FNDA:2,(anonymous_10)
FNDA:1,(anonymous_11)
DA:1,2
DA:2,2
DA:3,2
DA:4,2
DA:6,2
DA:7,2
DA:237,2
DA:238,5
DA:239,5
DA:241,5
DA:242,5
DA:243,5
DA:244,5
DA:247,1
DA:251,1
DA:255,1
DA:259,2
DA:260,2
DA:262,2
DA:264,1
DA:265,1
DA:268,1
DA:269,1
DA:275,2
DA:276,2
DA:277,2
DA:279,2
DA:281,2
DA:282,1
DA:283,1
DA:284,1
DA:287,1
DA:288,1
DA:289,1
LF:34
LH:34
BRDA:247,0,0,1
BRDA:247,0,1,1
BRF:2
BRH:2
end_of_record
TN:
SF:src\app\shared\components\active-booking-cta-bar\active-booking-cta-bar.component.ts
FN:269,(anonymous_0)
FN:272,(anonymous_1)
FNF:2
FNH:2
FNDA:5,(anonymous_0)
FNDA:4,(anonymous_1)
DA:1,2
DA:2,2
DA:3,2
DA:269,2
DA:270,5
DA:273,4
DA:274,4
DA:275,4
DA:276,4
LF:9
LH:9
BRF:0
BRH:0
end_of_record
TN:
SF:src\app\shared\components\footer\footer.component.ts
FNF:0
FNH:0
DA:1,2
DA:2,2
DA:154,2
LF:3
LH:3
BRF:0
BRH:0
end_of_record
TN:
SF:src\app\shared\components\navbar\navbar.component.ts
FN:325,(anonymous_0)
FN:336,(anonymous_1)
FN:338,(anonymous_2)
FN:339,(anonymous_3)
FN:348,(anonymous_4)
FN:353,(anonymous_5)
FN:358,(anonymous_6)
FN:369,(anonymous_7)
FN:370,(anonymous_8)
FN:373,(anonymous_9)
FN:377,(anonymous_10)
FN:382,(anonymous_11)
FN:386,(anonymous_12)
FN:390,(anonymous_13)
FN:396,(anonymous_14)
FN:400,(anonymous_15)
FN:404,(anonymous_16)
FN:408,(anonymous_17)
FN:413,(anonymous_18)
FN:436,(anonymous_19)
FN:445,(anonymous_20)
FN:450,(anonymous_21)
FNF:22
FNH:22
FNDA:35,(anonymous_0)
FNDA:3,(anonymous_1)
FNDA:1,(anonymous_2)
FNDA:1,(anonymous_3)
FNDA:36,(anonymous_4)
FNDA:2,(anonymous_5)
FNDA:5,(anonymous_6)
FNDA:2,(anonymous_7)
FNDA:2,(anonymous_8)
FNDA:1,(anonymous_9)
FNDA:1,(anonymous_10)
FNDA:2,(anonymous_11)
FNDA:2,(anonymous_12)
FNDA:3,(anonymous_13)
FNDA:6,(anonymous_14)
FNDA:5,(anonymous_15)
FNDA:10,(anonymous_16)
FNDA:22,(anonymous_17)
FNDA:6,(anonymous_18)
FNDA:3,(anonymous_19)
FNDA:4,(anonymous_20)
FNDA:38,(anonymous_21)
DA:1,6
DA:2,6
DA:3,6
DA:4,6
DA:5,6
DA:6,6
DA:325,6
DA:326,35
DA:327,35
DA:328,35
DA:330,35
DA:331,35
DA:332,35
DA:333,35
DA:334,35
DA:337,3
DA:338,1
DA:340,1
DA:341,1
DA:342,1
DA:345,3
DA:349,36
DA:354,2
DA:355,2
DA:359,5
DA:360,5
DA:362,5
DA:363,4
DA:365,1
DA:370,2
DA:374,1
DA:378,1
DA:379,1
DA:383,2
DA:387,2
DA:388,2
DA:390,3
DA:397,6
DA:401,5
DA:405,10
DA:409,22
DA:410,22
DA:414,6
DA:415,1
DA:418,5
DA:419,5
DA:420,5
DA:421,5
DA:423,5
DA:424,1
DA:425,1
DA:428,4
DA:429,1
DA:430,1
DA:433,3
DA:437,3
DA:438,2
DA:441,1
DA:442,1
DA:446,4
DA:447,4
DA:451,38
DA:452,38
LF:63
LH:63
BRDA:362,0,0,4
BRDA:362,0,1,1
BRDA:383,1,0,2
BRDA:383,1,1,1
BRDA:387,2,0,2
BRDA:387,2,1,1
BRDA:397,3,0,6
BRDA:397,3,1,5
BRDA:405,4,0,10
BRDA:405,4,1,10
BRDA:414,5,0,1
BRDA:423,6,0,1
BRDA:423,7,0,5
BRDA:423,7,1,3
BRDA:428,8,0,1
BRDA:428,9,0,4
BRDA:428,9,1,2
BRDA:437,10,0,2
BRF:18
BRH:18
end_of_record
TN:
SF:src\app\shared\components\reviews-section\reviews-section.component.ts
FN:293,(anonymous_0)
FN:305,(anonymous_1)
FN:312,(anonymous_2)
FN:317,(anonymous_3)
FN:321,(anonymous_4)
FN:328,(anonymous_5)
FN:333,(anonymous_6)
FN:334,(anonymous_7)
FN:342,(anonymous_8)
FN:346,(anonymous_9)
FN:353,(anonymous_10)
FN:356,(anonymous_11)
FN:362,(anonymous_12)
FN:363,(anonymous_13)
FN:368,(anonymous_14)
FNF:15
FNH:15
FNDA:13,(anonymous_0)
FNDA:8,(anonymous_1)
FNDA:7,(anonymous_2)
FNDA:5,(anonymous_3)
FNDA:1,(anonymous_4)
FNDA:3,(anonymous_5)
FNDA:2,(anonymous_6)
FNDA:2,(anonymous_7)
FNDA:1,(anonymous_8)
FNDA:25,(anonymous_9)
FNDA:5,(anonymous_10)
FNDA:10,(anonymous_11)
FNDA:5,(anonymous_12)
FNDA:25,(anonymous_13)
FNDA:5,(anonymous_14)
DA:1,3
DA:9,3
DA:10,3
DA:293,3
DA:296,13
DA:298,13
DA:299,13
DA:300,13
DA:301,13
DA:302,13
DA:303,13
DA:306,8
DA:307,7
DA:308,7
DA:313,7
DA:314,7
DA:316,7
DA:318,5
DA:319,5
DA:322,1
DA:323,1
DA:329,3
DA:330,3
DA:332,3
DA:334,2
DA:335,2
DA:339,2
DA:340,2
DA:342,1
DA:347,25
DA:348,25
DA:349,23
DA:350,23
DA:354,5
DA:356,10
DA:363,5
DA:364,25
DA:369,5
LF:38
LH:38
BRDA:306,0,0,7
BRDA:335,1,0,1
BRDA:335,1,1,1
BRDA:347,2,0,25
BRDA:347,2,1,1
BRDA:348,3,0,2
BRDA:349,4,0,23
BRDA:349,4,1,1
BRDA:364,5,0,19
BRDA:364,5,1,6
BRF:10
BRH:10
end_of_record
TN:
SF:src\app\shared\components\room-card\room-card.component.ts
FN:251,(anonymous_0)
FN:262,(anonymous_1)
FN:281,(anonymous_2)
FN:285,(anonymous_3)
FN:289,(anonymous_4)
FNF:5
FNH:4
FNDA:4,(anonymous_0)
FNDA:2,(anonymous_1)
FNDA:1,(anonymous_2)
FNDA:0,(anonymous_3)
FNDA:1,(anonymous_4)
DA:1,4
DA:2,4
DA:3,4
DA:5,4
DA:6,4
DA:7,4
DA:251,4
DA:254,4
DA:255,4
DA:257,4
DA:258,4
DA:259,4
DA:260,4
DA:263,2
DA:269,2
DA:271,2
DA:272,2
DA:274,2
DA:275,1
DA:282,1
DA:286,0
DA:290,1
DA:291,1
DA:292,1
LF:24
LH:23
BRDA:269,0,0,2
BRDA:269,0,1,1
BRDA:274,1,0,1
BRDA:274,2,0,2
BRDA:274,2,1,2
BRDA:286,3,0,0
BRDA:286,3,1,0
BRF:7
BRH:5
end_of_record
TN:
SF:src\app\shared\utils\image-fallback.ts
FN:24,normalizeRoomImageUrl
FN:46,getRoomGalleryImages
FN:57,(anonymous_2)
FN:71,applyRoomImageFallback
FNF:4
FNH:4
FNDA:80,normalizeRoomImageUrl
FNDA:27,getRoomGalleryImages
FNDA:43,(anonymous_2)
FNDA:7,applyRoomImageFallback
DA:3,9
DA:20,9
DA:24,9
DA:25,80
DA:26,80
DA:27,4
DA:30,76
DA:31,1
DA:34,75
DA:40,67
DA:43,8
DA:46,9
DA:47,27
DA:49,27
DA:50,27
DA:51,22
DA:54,27
DA:55,27
DA:56,24
DA:57,24
DA:58,43
DA:59,43
DA:60,41
DA:68,27
DA:71,9
DA:72,7
DA:73,7
DA:74,0
DA:77,7
DA:78,6
LF:30
LH:29
BRDA:26,0,0,4
BRDA:30,1,0,1
BRDA:34,2,0,67
BRDA:35,3,0,75
BRDA:35,3,1,75
BRDA:35,3,2,75
BRDA:35,3,3,9
BRDA:50,4,0,22
BRDA:55,5,0,27
BRDA:55,5,1,1
BRDA:56,6,0,24
BRDA:58,7,0,43
BRDA:58,7,1,0
BRDA:59,8,0,41
BRDA:68,9,0,23
BRDA:68,9,1,4
BRDA:73,10,0,0
BRDA:77,11,0,6
BRF:18
BRH:16
end_of_record
